This file contains any messages produced by compilers while
running configure, to aid debugging if configure makes a mistake.

It was created by Wcccoin Core configure 0.15.1, which was
generated by GNU Autoconf 2.69.  Invocation command line was

  $ ./configure 

## --------- ##
## Platform. ##
## --------- ##

hostname = admins-MacBook-Pro.local
uname -m = x86_64
uname -r = 17.7.0
uname -s = Darwin
uname -v = Darwin Kernel Version 17.7.0: Thu Jun 21 22:53:14 PDT 2018; root:xnu-4570.71.2~1/RELEASE_X86_64

/usr/bin/uname -p = i386
/bin/uname -X     = unknown

/bin/arch              = unknown
/usr/bin/arch -k       = unknown
/usr/convex/getsysinfo = unknown
/usr/bin/hostinfo      = Mach kernel version:
	 Darwin Kernel Version 17.7.0: Thu Jun 21 22:53:14 PDT 2018; root:xnu-4570.71.2~1/RELEASE_X86_64
Kernel configured for up to 8 processors.
4 processors are physically available.
8 processors are logically available.
Processor type: x86_64h (Intel x86-64h Haswell)
Processors active: 0 1 2 3 4 5 6 7
Primary memory available: 8.00 gigabytes
Default processor set: 380 tasks, 2427 threads, 8 processors
Load average: 2.37, Mach factor: 5.62
/bin/machine           = unknown
/usr/bin/oslevel       = unknown
/bin/universe          = unknown

PATH: /opt/local/bin
PATH: /opt/local/sbin
PATH: /usr/local/bin
PATH: /usr/bin
PATH: /bin
PATH: /usr/sbin
PATH: /sbin


## ----------- ##
## Core tests. ##
## ----------- ##

configure:3012: checking build system type
configure:3026: result: x86_64-apple-darwin17.7.0
configure:3046: checking host system type
configure:3059: result: x86_64-apple-darwin17.7.0
configure:3102: checking for a BSD-compatible install
configure:3170: result: /usr/bin/install -c
configure:3181: checking whether build environment is sane
configure:3236: result: yes
configure:3387: checking for a thread-safe mkdir -p
configure:3426: result: build-aux/install-sh -c -d
configure:3433: checking for gawk
configure:3463: result: no
configure:3433: checking for mawk
configure:3463: result: no
configure:3433: checking for nawk
configure:3463: result: no
configure:3433: checking for awk
configure:3449: found /usr/bin/awk
configure:3460: result: awk
configure:3471: checking whether make sets $(MAKE)
configure:3493: result: yes
configure:3522: checking whether make supports nested variables
configure:3539: result: yes
configure:3658: checking whether to enable maintainer-specific portions of Makefiles
configure:3667: result: yes
configure:3692: checking whether make supports nested variables
configure:3709: result: yes
configure:3784: checking for g++
configure:3800: found /usr/bin/g++
configure:3811: result: g++
configure:3838: checking for C++ compiler version
configure:3847: g++ --version >&5
Apple LLVM version 10.0.0 (clang-1000.11.45.5)
Target: x86_64-apple-darwin17.7.0
Thread model: posix
InstalledDir: /Applications/Xcode.app/Contents/Developer/Toolchains/XcodeDefault.xctoolchain/usr/bin
Configured with: --prefix=/Applications/Xcode.app/Contents/Developer/usr --with-gxx-include-dir=/usr/include/c++/4.2.1
configure:3858: $? = 0
configure:3847: g++ -v >&5
Configured with: --prefix=/Applications/Xcode.app/Contents/Developer/usr --with-gxx-include-dir=/usr/include/c++/4.2.1
Apple LLVM version 10.0.0 (clang-1000.11.45.5)
Target: x86_64-apple-darwin17.7.0
Thread model: posix
InstalledDir: /Applications/Xcode.app/Contents/Developer/Toolchains/XcodeDefault.xctoolchain/usr/bin
configure:3858: $? = 0
configure:3847: g++ -V >&5
clang: error: argument to '-V' is missing (expected 1 value)
clang: error: no input files
configure:3858: $? = 1
configure:3847: g++ -qversion >&5
clang: error: unknown argument: '-qversion'
clang: error: no input files
configure:3858: $? = 1
configure:3878: checking whether the C++ compiler works
configure:3900: g++    conftest.cpp  >&5
configure:3904: $? = 0
configure:3952: result: yes
configure:3955: checking for C++ compiler default output file name
configure:3957: result: a.out
configure:3963: checking for suffix of executables
configure:3970: g++ -o conftest    conftest.cpp  >&5
configure:3974: $? = 0
configure:3996: result: 
configure:4018: checking whether we are cross compiling
configure:4026: g++ -o conftest    conftest.cpp  >&5
configure:4030: $? = 0
configure:4037: ./conftest
configure:4041: $? = 0
configure:4056: result: no
configure:4061: checking for suffix of object files
configure:4083: g++ -c   conftest.cpp >&5
configure:4087: $? = 0
configure:4108: result: o
configure:4112: checking whether we are using the GNU C++ compiler
configure:4131: g++ -c   conftest.cpp >&5
configure:4131: $? = 0
configure:4140: result: yes
configure:4149: checking whether g++ accepts -g
configure:4169: g++ -c -g  conftest.cpp >&5
configure:4169: $? = 0
configure:4210: result: yes
configure:4236: checking whether make supports the include directive
configure:4251: make -f confmf.GNU && cat confinc.out
this is the am__doit target
configure:4254: $? = 0
configure:4273: result: yes (GNU style)
configure:4298: checking dependency style of g++
configure:4409: result: gcc3
configure:4447: checking whether g++ supports C++11 features with -std=c++11
configure:4743: g++ -std=c++11 -c -g -O2  conftest.cpp >&5
configure:4743: $? = 0
configure:4752: result: yes
configure:4796: checking whether std::atomic can be used without link library
configure:4814: g++ -std=c++11 -o conftest -g -O2   conftest.cpp  >&5
configure:4814: $? = 0
configure:4816: result: yes
configure:4981: checking for Objective C++ compiler version
configure:4990: g++ -std=c++11 --version >&5
Apple LLVM version 10.0.0 (clang-1000.11.45.5)
Target: x86_64-apple-darwin17.7.0
Thread model: posix
InstalledDir: /Applications/Xcode.app/Contents/Developer/Toolchains/XcodeDefault.xctoolchain/usr/bin
configure:5001: $? = 0
configure:4990: g++ -std=c++11 -v >&5
Apple LLVM version 10.0.0 (clang-1000.11.45.5)
Target: x86_64-apple-darwin17.7.0
Thread model: posix
InstalledDir: /Applications/Xcode.app/Contents/Developer/Toolchains/XcodeDefault.xctoolchain/usr/bin
clang: warning: argument unused during compilation: '-std=c++11' [-Wunused-command-line-argument]
configure:5001: $? = 0
configure:4990: g++ -std=c++11 -V >&5
clang: error: argument to '-V' is missing (expected 1 value)
clang: error: no input files
configure:5001: $? = 1
configure:4990: g++ -std=c++11 -qversion >&5
clang: error: unknown argument: '-qversion'
clang: error: no input files
configure:5001: $? = 1
configure:5005: checking whether we are using the GNU Objective C++ compiler
configure:5024: g++ -std=c++11 -c   conftest.mm >&5
configure:5024: $? = 0
configure:5033: result: yes
configure:5042: checking whether g++ -std=c++11 accepts -g
configure:5062: g++ -std=c++11 -c -g  conftest.mm >&5
configure:5062: $? = 0
configure:5103: result: yes
configure:5128: checking dependency style of g++ -std=c++11
configure:5237: result: gcc3
configure:5300: checking how to print strings
configure:5327: result: printf
configure:5396: checking for gcc
configure:5412: found /usr/bin/gcc
configure:5423: result: gcc
configure:5652: checking for C compiler version
configure:5661: gcc --version >&5
Apple LLVM version 10.0.0 (clang-1000.11.45.5)
Target: x86_64-apple-darwin17.7.0
Thread model: posix
InstalledDir: /Applications/Xcode.app/Contents/Developer/Toolchains/XcodeDefault.xctoolchain/usr/bin
Configured with: --prefix=/Applications/Xcode.app/Contents/Developer/usr --with-gxx-include-dir=/usr/include/c++/4.2.1
configure:5672: $? = 0
configure:5661: gcc -v >&5
Configured with: --prefix=/Applications/Xcode.app/Contents/Developer/usr --with-gxx-include-dir=/usr/include/c++/4.2.1
Apple LLVM version 10.0.0 (clang-1000.11.45.5)
Target: x86_64-apple-darwin17.7.0
Thread model: posix
InstalledDir: /Applications/Xcode.app/Contents/Developer/Toolchains/XcodeDefault.xctoolchain/usr/bin
configure:5672: $? = 0
configure:5661: gcc -V >&5
clang: error: argument to '-V' is missing (expected 1 value)
clang: error: no input files
configure:5672: $? = 1
configure:5661: gcc -qversion >&5
clang: error: unknown argument: '-qversion'
clang: error: no input files
configure:5672: $? = 1
configure:5676: checking whether we are using the GNU C compiler
configure:5695: gcc -c   conftest.c >&5
configure:5695: $? = 0
configure:5704: result: yes
configure:5713: checking whether gcc accepts -g
configure:5733: gcc -c -g  conftest.c >&5
configure:5733: $? = 0
configure:5774: result: yes
configure:5791: checking for gcc option to accept ISO C89
configure:5854: gcc  -c -g -O2  conftest.c >&5
configure:5854: $? = 0
configure:5867: result: none needed
configure:5892: checking whether gcc understands -c and -o together
configure:5914: gcc -c conftest.c -o conftest2.o
configure:5917: $? = 0
configure:5914: gcc -c conftest.c -o conftest2.o
configure:5917: $? = 0
configure:5929: result: yes
configure:5948: checking dependency style of gcc
configure:6059: result: gcc3
configure:6074: checking for a sed that does not truncate output
configure:6138: result: /usr/bin/sed
configure:6156: checking for grep that handles long lines and -e
configure:6214: result: /usr/bin/grep
configure:6219: checking for egrep
configure:6281: result: /usr/bin/grep -E
configure:6286: checking for fgrep
configure:6348: result: /usr/bin/grep -F
configure:6383: checking for ld used by gcc
configure:6450: result: /Applications/Xcode.app/Contents/Developer/Toolchains/XcodeDefault.xctoolchain/usr/bin/ld
configure:6457: checking if the linker (/Applications/Xcode.app/Contents/Developer/Toolchains/XcodeDefault.xctoolchain/usr/bin/ld) is GNU ld
configure:6472: result: no
configure:6484: checking for BSD- or MS-compatible name lister (nm)
configure:6538: result: /usr/bin/nm -B
configure:6668: checking the name lister (/usr/bin/nm -B) interface
configure:6675: gcc -c -g -O2  conftest.c >&5
configure:6678: /usr/bin/nm -B "conftest.o"
configure:6681: output
00000000000001cc S _some_variable
configure:6688: result: BSD nm
configure:6691: checking whether ln -s works
configure:6695: result: yes
configure:6703: checking the maximum length of command line arguments
configure:6834: result: 196608
configure:6882: checking how to convert x86_64-apple-darwin17.7.0 file names to x86_64-apple-darwin17.7.0 format
configure:6922: result: func_convert_file_noop
configure:6929: checking how to convert x86_64-apple-darwin17.7.0 file names to toolchain format
configure:6949: result: func_convert_file_noop
configure:6956: checking for /Applications/Xcode.app/Contents/Developer/Toolchains/XcodeDefault.xctoolchain/usr/bin/ld option to reload object files
configure:6963: result: -r
configure:7037: checking for objdump
configure:7053: found /usr/bin/objdump
configure:7064: result: objdump
configure:7096: checking how to recognize dependent libraries
configure:7296: result: pass_all
configure:7381: checking for dlltool
configure:7411: result: no
configure:7441: checking how to associate runtime and link libraries
configure:7468: result: printf %s\n
configure:7529: checking for ar
configure:7545: found /usr/bin/ar
configure:7556: result: ar
configure:7593: checking for archiver @FILE support
configure:7610: gcc -c -g -O2  conftest.c >&5
configure:7610: $? = 0
configure:7613: ar cru libconftest.a @conftest.lst >&5
ar: @conftest.lst: No such file or directory
configure:7616: $? = 1
configure:7636: result: no
configure:7694: checking for strip
configure:7710: found /usr/bin/strip
configure:7721: result: strip
configure:7793: checking for ranlib
configure:7809: found /usr/bin/ranlib
configure:7820: result: ranlib
configure:7922: checking command to parse /usr/bin/nm -B output from gcc object
configure:8075: gcc -c -g -O2  conftest.c >&5
configure:8078: $? = 0
configure:8082: /usr/bin/nm -B conftest.o \| sed -n -e 's/^.*[ ]\([BCDEGRST][BCDEGRST]*\)[ ][ ]*\([_A-Za-z][_A-Za-z0-9]*\)$/\1 \2 \2/p' | sed '/ __gnu_lto/d' \> conftest.nm
configure:8085: $? = 0
cannot find nm_test_var in conftest.nm
configure:8075: gcc -c -g -O2  conftest.c >&5
configure:8078: $? = 0
configure:8082: /usr/bin/nm -B conftest.o \| sed -n -e 's/^.*[ ]\([BCDEGRST][BCDEGRST]*\)[ ][ ]*_\([_A-Za-z][_A-Za-z0-9]*\)$/\1 _\2 \2/p' | sed '/ __gnu_lto/d' \> conftest.nm
configure:8085: $? = 0
configure:8151: gcc -o conftest -g -O2   conftest.c conftstm.o >&5
warning: (x86_64)  could not find object file symbol for symbol _main
configure:8154: $? = 0
configure:8192: result: ok
configure:8239: checking for sysroot
configure:8269: result: no
configure:8276: checking for a working dd
configure:8314: result: /bin/dd
configure:8318: checking how to truncate binary pipes
configure:8333: result: /bin/dd bs=4096 count=1
configure:8662: checking for mt
configure:8692: result: no
configure:8712: checking if : is a manifest tool
configure:8718: : '-?'
configure:8726: result: no
configure:8782: checking for dsymutil
configure:8798: found /usr/bin/dsymutil
configure:8809: result: dsymutil
configure:8874: checking for nmedit
configure:8890: found /usr/bin/nmedit
configure:8901: result: nmedit
configure:8966: checking for lipo
configure:8982: found /usr/bin/lipo
configure:8993: result: lipo
configure:9058: checking for otool
configure:9074: found /usr/bin/otool
configure:9085: result: otool
configure:9150: checking for otool64
configure:9180: result: no
configure:9225: checking for -single_module linker flag
gcc -g -O2  -o libconftest.dylib -dynamiclib -Wl,-single_module conftest.c
configure:9258: result: yes
configure:9261: checking for -exported_symbols_list linker flag
configure:9281: gcc -o conftest -g -O2   -Wl,-exported_symbols_list,conftest.sym conftest.c  >&5
configure:9281: $? = 0
configure:9291: result: yes
configure:9294: checking for -force_load linker flag
gcc -g -O2 -c -o conftest.o conftest.c
ar cru libconftest.a conftest.o
ranlib libconftest.a
gcc -g -O2  -o conftest conftest.c -Wl,-force_load,./libconftest.a
configure:9326: result: yes
configure:9403: checking how to run the C preprocessor
configure:9434: gcc -E  conftest.c
configure:9434: $? = 0
configure:9448: gcc -E  conftest.c
conftest.c:10:10: fatal error: 'ac_nonexistent.h' file not found
#include <ac_nonexistent.h>
         ^~~~~~~~~~~~~~~~~~
1 error generated.
configure:9448: $? = 1
configure: failed program was:
| /* confdefs.h */
| #define PACKAGE_NAME "Wcccoin Core"
| #define PACKAGE_TARNAME "wcccoin"
| #define PACKAGE_VERSION "0.15.1"
| #define PACKAGE_STRING "Wcccoin Core 0.15.1"
| #define PACKAGE_BUGREPORT "https://github.com/wcccoin-project/wcccoin/issues"
| #define PACKAGE_URL "https://wcccoin.org/"
| #define HAVE_CXX11 1
| /* end confdefs.h.  */
| #include <ac_nonexistent.h>
configure:9473: result: gcc -E
configure:9493: gcc -E  conftest.c
configure:9493: $? = 0
configure:9507: gcc -E  conftest.c
conftest.c:10:10: fatal error: 'ac_nonexistent.h' file not found
#include <ac_nonexistent.h>
         ^~~~~~~~~~~~~~~~~~
1 error generated.
configure:9507: $? = 1
configure: failed program was:
| /* confdefs.h */
| #define PACKAGE_NAME "Wcccoin Core"
| #define PACKAGE_TARNAME "wcccoin"
| #define PACKAGE_VERSION "0.15.1"
| #define PACKAGE_STRING "Wcccoin Core 0.15.1"
| #define PACKAGE_BUGREPORT "https://github.com/wcccoin-project/wcccoin/issues"
| #define PACKAGE_URL "https://wcccoin.org/"
| #define HAVE_CXX11 1
| /* end confdefs.h.  */
| #include <ac_nonexistent.h>
configure:9536: checking for ANSI C header files
configure:9556: gcc -c -g -O2  conftest.c >&5
configure:9556: $? = 0
configure:9629: gcc -o conftest -g -O2   conftest.c  >&5
configure:9629: $? = 0
configure:9629: ./conftest
configure:9629: $? = 0
configure:9640: result: yes
configure:9653: checking for sys/types.h
configure:9653: gcc -c -g -O2  conftest.c >&5
configure:9653: $? = 0
configure:9653: result: yes
configure:9653: checking for sys/stat.h
configure:9653: gcc -c -g -O2  conftest.c >&5
configure:9653: $? = 0
configure:9653: result: yes
configure:9653: checking for stdlib.h
configure:9653: gcc -c -g -O2  conftest.c >&5
configure:9653: $? = 0
configure:9653: result: yes
configure:9653: checking for string.h
configure:9653: gcc -c -g -O2  conftest.c >&5
configure:9653: $? = 0
configure:9653: result: yes
configure:9653: checking for memory.h
configure:9653: gcc -c -g -O2  conftest.c >&5
configure:9653: $? = 0
configure:9653: result: yes
configure:9653: checking for strings.h
configure:9653: gcc -c -g -O2  conftest.c >&5
configure:9653: $? = 0
configure:9653: result: yes
configure:9653: checking for inttypes.h
configure:9653: gcc -c -g -O2  conftest.c >&5
configure:9653: $? = 0
configure:9653: result: yes
configure:9653: checking for stdint.h
configure:9653: gcc -c -g -O2  conftest.c >&5
configure:9653: $? = 0
configure:9653: result: yes
configure:9653: checking for unistd.h
configure:9653: gcc -c -g -O2  conftest.c >&5
configure:9653: $? = 0
configure:9653: result: yes
configure:9667: checking for dlfcn.h
configure:9667: gcc -c -g -O2  conftest.c >&5
configure:9667: $? = 0
configure:9667: result: yes
configure:9932: checking for objdir
configure:9947: result: .libs
configure:10211: checking if gcc supports -fno-rtti -fno-exceptions
configure:10229: gcc -c -g -O2  -fno-rtti -fno-exceptions conftest.c >&5
configure:10233: $? = 0
configure:10246: result: yes
configure:10604: checking for gcc option to produce PIC
configure:10611: result: -fno-common -DPIC
configure:10619: checking if gcc PIC flag -fno-common -DPIC works
configure:10637: gcc -c -g -O2  -fno-common -DPIC -DPIC conftest.c >&5
configure:10641: $? = 0
configure:10654: result: yes
configure:10683: checking if gcc static flag -static works
configure:10711: result: no
configure:10726: checking if gcc supports -c -o file.o
configure:10747: gcc -c -g -O2  -o out/conftest2.o conftest.c >&5
configure:10751: $? = 0
configure:10773: result: yes
configure:10781: checking if gcc supports -c -o file.o
configure:10828: result: yes
configure:10861: checking whether the gcc linker (/Applications/Xcode.app/Contents/Developer/Toolchains/XcodeDefault.xctoolchain/usr/bin/ld) supports shared libraries
configure:12120: result: yes
configure:12360: checking dynamic linker characteristics
configure:13178: result: darwin17.7.0 dyld
configure:13300: checking how to hardcode library paths into programs
configure:13325: result: immediate
configure:13873: checking whether stripping libraries is possible
configure:13887: result: yes
configure:13913: checking if libtool supports shared libraries
configure:13915: result: yes
configure:13918: checking whether to build shared libraries
configure:13943: result: yes
configure:13946: checking whether to build static libraries
configure:13950: result: yes
configure:13973: checking how to run the C++ preprocessor
configure:14000: g++ -std=c++11 -E  conftest.cpp
configure:14000: $? = 0
configure:14014: g++ -std=c++11 -E  conftest.cpp
conftest.cpp:22:10: fatal error: 'ac_nonexistent.h' file not found
#include <ac_nonexistent.h>
         ^~~~~~~~~~~~~~~~~~
1 error generated.
configure:14014: $? = 1
configure: failed program was:
| /* confdefs.h */
| #define PACKAGE_NAME "Wcccoin Core"
| #define PACKAGE_TARNAME "wcccoin"
| #define PACKAGE_VERSION "0.15.1"
| #define PACKAGE_STRING "Wcccoin Core 0.15.1"
| #define PACKAGE_BUGREPORT "https://github.com/wcccoin-project/wcccoin/issues"
| #define PACKAGE_URL "https://wcccoin.org/"
| #define HAVE_CXX11 1
| #define STDC_HEADERS 1
| #define HAVE_SYS_TYPES_H 1
| #define HAVE_SYS_STAT_H 1
| #define HAVE_STDLIB_H 1
| #define HAVE_STRING_H 1
| #define HAVE_MEMORY_H 1
| #define HAVE_STRINGS_H 1
| #define HAVE_INTTYPES_H 1
| #define HAVE_STDINT_H 1
| #define HAVE_UNISTD_H 1
| #define HAVE_DLFCN_H 1
| #define LT_OBJDIR ".libs/"
| /* end confdefs.h.  */
| #include <ac_nonexistent.h>
configure:14039: result: g++ -std=c++11 -E
configure:14059: g++ -std=c++11 -E  conftest.cpp
configure:14059: $? = 0
configure:14073: g++ -std=c++11 -E  conftest.cpp
conftest.cpp:22:10: fatal error: 'ac_nonexistent.h' file not found
#include <ac_nonexistent.h>
         ^~~~~~~~~~~~~~~~~~
1 error generated.
configure:14073: $? = 1
configure: failed program was:
| /* confdefs.h */
| #define PACKAGE_NAME "Wcccoin Core"
| #define PACKAGE_TARNAME "wcccoin"
| #define PACKAGE_VERSION "0.15.1"
| #define PACKAGE_STRING "Wcccoin Core 0.15.1"
| #define PACKAGE_BUGREPORT "https://github.com/wcccoin-project/wcccoin/issues"
| #define PACKAGE_URL "https://wcccoin.org/"
| #define HAVE_CXX11 1
| #define STDC_HEADERS 1
| #define HAVE_SYS_TYPES_H 1
| #define HAVE_SYS_STAT_H 1
| #define HAVE_STDLIB_H 1
| #define HAVE_STRING_H 1
| #define HAVE_MEMORY_H 1
| #define HAVE_STRINGS_H 1
| #define HAVE_INTTYPES_H 1
| #define HAVE_STDINT_H 1
| #define HAVE_UNISTD_H 1
| #define HAVE_DLFCN_H 1
| #define LT_OBJDIR ".libs/"
| /* end confdefs.h.  */
| #include <ac_nonexistent.h>
configure:14235: checking for ld used by g++ -std=c++11
configure:14302: result: /Applications/Xcode.app/Contents/Developer/Toolchains/XcodeDefault.xctoolchain/usr/bin/ld
configure:14309: checking if the linker (/Applications/Xcode.app/Contents/Developer/Toolchains/XcodeDefault.xctoolchain/usr/bin/ld) is GNU ld
configure:14324: result: no
configure:14379: checking whether the g++ -std=c++11 linker (/Applications/Xcode.app/Contents/Developer/Toolchains/XcodeDefault.xctoolchain/usr/bin/ld) supports shared libraries
configure:15452: result: yes
configure:15488: g++ -std=c++11 -c -g -O2  conftest.cpp >&5
configure:15491: $? = 0
configure:15972: checking for g++ -std=c++11 option to produce PIC
configure:15979: result: -fno-common -DPIC
configure:15987: checking if g++ -std=c++11 PIC flag -fno-common -DPIC works
configure:16005: g++ -std=c++11 -c -g -O2  -fno-common -DPIC -DPIC conftest.cpp >&5
configure:16009: $? = 0
configure:16022: result: yes
configure:16045: checking if g++ -std=c++11 static flag -static works
configure:16073: result: no
configure:16085: checking if g++ -std=c++11 supports -c -o file.o
configure:16106: g++ -std=c++11 -c -g -O2  -o out/conftest2.o conftest.cpp >&5
configure:16110: $? = 0
configure:16132: result: yes
configure:16137: checking if g++ -std=c++11 supports -c -o file.o
configure:16184: result: yes
configure:16214: checking whether the g++ -std=c++11 linker (/Applications/Xcode.app/Contents/Developer/Toolchains/XcodeDefault.xctoolchain/usr/bin/ld) supports shared libraries
configure:16254: result: yes
configure:16395: checking dynamic linker characteristics
configure:17140: result: darwin17.7.0 dyld
configure:17205: checking how to hardcode library paths into programs
configure:17230: result: immediate
configure:17338: checking for ar
configure:17356: found /usr/bin/ar
configure:17368: result: /usr/bin/ar
configure:17436: checking for ranlib
configure:17454: found /usr/bin/ranlib
configure:17466: result: /usr/bin/ranlib
configure:17534: checking for strip
configure:17552: found /usr/bin/strip
configure:17564: result: /usr/bin/strip
configure:17632: checking for gcov
configure:17650: found /usr/bin/gcov
configure:17662: result: /usr/bin/gcov
configure:17686: checking for lcov
configure:17719: result: no
configure:17728: checking for python3.6
configure:17746: found /usr/local/bin/python3.6
configure:17758: result: /usr/local/bin/python3.6
configure:17771: checking for genhtml
configure:17804: result: no
configure:17811: checking for git
configure:17829: found /opt/local/bin/git
configure:17841: result: /opt/local/bin/git
configure:17851: checking for ccache
configure:17884: result: no
configure:17891: checking for xgettext
configure:17909: found /opt/local/bin/xgettext
configure:17921: result: /opt/local/bin/xgettext
configure:17931: checking for hexdump
configure:17949: found /usr/bin/hexdump
configure:17961: result: /usr/bin/hexdump
configure:18015: checking for readelf
configure:18048: result: no
configure:18113: checking for c++filt
configure:18131: found /usr/bin/c++filt
configure:18143: result: /usr/bin/c++filt
configure:18211: checking for objcopy
configure:18244: result: no
configure:18467: checking whether C++ compiler accepts -Werror
configure:18486: g++ -std=c++11 -c -g -O2  -Werror  conftest.cpp >&5
configure:18486: $? = 0
configure:18494: result: yes
configure:18560: checking whether C++ compiler accepts -Wall
configure:18579: g++ -std=c++11 -c -g -O2 -Werror -Wall  conftest.cpp >&5
configure:18579: $? = 0
configure:18588: result: yes
configure:18597: checking whether C++ compiler accepts -Wextra
configure:18616: g++ -std=c++11 -c -g -O2 -Wall -Werror -Wextra  conftest.cpp >&5
configure:18616: $? = 0
configure:18625: result: yes
configure:18634: checking whether C++ compiler accepts -Wformat
configure:18653: g++ -std=c++11 -c -g -O2 -Wall -Wextra -Werror -Wformat  conftest.cpp >&5
configure:18653: $? = 0
configure:18662: result: yes
configure:18671: checking whether C++ compiler accepts -Wvla
configure:18690: g++ -std=c++11 -c -g -O2 -Wall -Wextra -Wformat -Werror -Wvla  conftest.cpp >&5
configure:18690: $? = 0
configure:18699: result: yes
configure:18708: checking whether C++ compiler accepts -Wformat-security
configure:18727: g++ -std=c++11 -c -g -O2 -Wall -Wextra -Wformat -Wvla -Werror -Wformat-security  conftest.cpp >&5
configure:18727: $? = 0
configure:18736: result: yes
configure:18749: checking whether C++ compiler accepts -Wunused-parameter
configure:18768: g++ -std=c++11 -c -g -O2 -Wall -Wextra -Wformat -Wvla -Wformat-security -Werror -Wunused-parameter  conftest.cpp >&5
configure:18768: $? = 0
configure:18777: result: yes
configure:18786: checking whether C++ compiler accepts -Wself-assign
configure:18805: g++ -std=c++11 -c -g -O2 -Wall -Wextra -Wformat -Wvla -Wformat-security -Wno-unused-parameter -Werror -Wself-assign  conftest.cpp >&5
configure:18805: $? = 0
configure:18814: result: yes
configure:18823: checking whether C++ compiler accepts -Wunused-local-typedef
configure:18842: g++ -std=c++11 -c -g -O2 -Wall -Wextra -Wformat -Wvla -Wformat-security -Wno-unused-parameter -Wno-self-assign -Werror -Wunused-local-typedef  conftest.cpp >&5
configure:18842: $? = 0
configure:18851: result: yes
configure:18860: checking whether C++ compiler accepts -Wdeprecated-register
configure:18879: g++ -std=c++11 -c -g -O2 -Wall -Wextra -Wformat -Wvla -Wformat-security -Wno-unused-parameter -Wno-self-assign -Wno-unused-local-typedef -Werror -Wdeprecated-register  conftest.cpp >&5
configure:18879: $? = 0
configure:18888: result: yes
configure:18897: checking whether C++ compiler accepts -Wimplicit-fallthrough
configure:18916: g++ -std=c++11 -c -g -O2 -Wall -Wextra -Wformat -Wvla -Wformat-security -Wno-unused-parameter -Wno-self-assign -Wno-unused-local-typedef -Wno-deprecated-register -Werror -Wimplicit-fallthrough  conftest.cpp >&5
configure:18916: $? = 0
configure:18925: result: yes
configure:18939: checking whether C++ compiler accepts -msse4.2
configure:18958: g++ -std=c++11 -c -g -O2 -Wall -Wextra -Wformat -Wvla -Wformat-security -Wno-unused-parameter -Wno-self-assign -Wno-unused-local-typedef -Wno-deprecated-register -Wno-implicit-fallthrough -Werror -msse4.2  conftest.cpp >&5
configure:18958: $? = 0
configure:18967: result: yes
configure:18978: checking for assembler crc32 support
configure:19004: g++ -std=c++11 -c -g -O2 -Wall -Wextra -Wformat -Wvla -Wformat-security -Wno-unused-parameter -Wno-self-assign -Wno-unused-local-typedef -Wno-deprecated-register -Wno-implicit-fallthrough -msse4.2  conftest.cpp >&5
configure:19004: $? = 0
configure:19005: result: yes
configure:20042: checking for port
configure:20058: found /opt/local/bin/port
configure:20069: result: port
configure:20090: checking for rsvg-convert
configure:20108: found /usr/local/bin/rsvg-convert
configure:20120: result: /usr/local/bin/rsvg-convert
configure:20134: checking for brew
configure:20150: found /usr/local/bin/brew
configure:20161: result: brew
configure:20579: checking whether the linker accepts -Wl,-headerpad_max_install_names
configure:20598: g++ -std=c++11 -o conftest -g -O2 -Wall -Wextra -Wformat -Wvla -Wformat-security -Wno-unused-parameter -Wno-self-assign -Wno-unused-local-typedef -Wno-deprecated-register -Wno-implicit-fallthrough  -DHAVE_BUILD_INFO -D__STDC_FORMAT_MACROS -isystem /opt/local/include -I/opt/local/include/db48 -I/usr/local/opt/berkeley-db@4/include   -Wl,-headerpad_max_install_names conftest.cpp  -L/opt/local/lib -L/opt/local/lib/db48 -L/usr/local/opt/berkeley-db@4/lib >&5
configure:20598: $? = 0
configure:20607: result: yes
configure:20693: checking for pkg-config
configure:20711: found /opt/local/bin/pkg-config
configure:20723: result: /opt/local/bin/pkg-config
configure:20748: checking pkg-config is at least version 0.9.0
configure:20751: result: yes
configure:20866: checking whether byte ordering is bigendian
configure:20881: g++ -std=c++11 -c -g -O2 -Wall -Wextra -Wformat -Wvla -Wformat-security -Wno-unused-parameter -Wno-self-assign -Wno-unused-local-typedef -Wno-deprecated-register -Wno-implicit-fallthrough  -DHAVE_BUILD_INFO -D__STDC_FORMAT_MACROS -isystem /opt/local/include -I/opt/local/include/db48 -I/usr/local/opt/berkeley-db@4/include -DMAC_OSX conftest.cpp >&5
configure:20881: $? = 0
configure:20926: g++ -std=c++11 -c -g -O2 -Wall -Wextra -Wformat -Wvla -Wformat-security -Wno-unused-parameter -Wno-self-assign -Wno-unused-local-typedef -Wno-deprecated-register -Wno-implicit-fallthrough  -DHAVE_BUILD_INFO -D__STDC_FORMAT_MACROS -isystem /opt/local/include -I/opt/local/include/db48 -I/usr/local/opt/berkeley-db@4/include -DMAC_OSX conftest.cpp >&5
configure:20926: $? = 0
configure:20944: g++ -std=c++11 -c -g -O2 -Wall -Wextra -Wformat -Wvla -Wformat-security -Wno-unused-parameter -Wno-self-assign -Wno-unused-local-typedef -Wno-deprecated-register -Wno-implicit-fallthrough  -DHAVE_BUILD_INFO -D__STDC_FORMAT_MACROS -isystem /opt/local/include -I/opt/local/include/db48 -I/usr/local/opt/berkeley-db@4/include -DMAC_OSX conftest.cpp >&5
conftest.cpp:29:11: error: expected ';' after expression
                 not big endian
                        ^
                        ;
conftest.cpp:29:8: error: use of undeclared identifier 'big'
                 not big endian
                     ^
conftest.cpp:29:12: error: use of undeclared identifier 'endian'
                 not big endian
                         ^
3 errors generated.
configure:20944: $? = 1
configure: failed program was:
| /* confdefs.h */
| #define PACKAGE_NAME "Wcccoin Core"
| #define PACKAGE_TARNAME "wcccoin"
| #define PACKAGE_VERSION "0.15.1"
| #define PACKAGE_STRING "Wcccoin Core 0.15.1"
| #define PACKAGE_BUGREPORT "https://github.com/wcccoin-project/wcccoin/issues"
| #define PACKAGE_URL "https://wcccoin.org/"
| #define HAVE_CXX11 1
| #define STDC_HEADERS 1
| #define HAVE_SYS_TYPES_H 1
| #define HAVE_SYS_STAT_H 1
| #define HAVE_STDLIB_H 1
| #define HAVE_STRING_H 1
| #define HAVE_MEMORY_H 1
| #define HAVE_STRINGS_H 1
| #define HAVE_INTTYPES_H 1
| #define HAVE_STDINT_H 1
| #define HAVE_UNISTD_H 1
| #define HAVE_DLFCN_H 1
| #define LT_OBJDIR ".libs/"
| /* end confdefs.h.  */
| #include <sys/types.h>
| 		#include <sys/param.h>
| 
| int
| main ()
| {
| #if BYTE_ORDER != BIG_ENDIAN
| 		 not big endian
| 		#endif
| 
|   ;
|   return 0;
| }
configure:21072: result: no
configure:21274: checking whether gcc is Clang
configure:21299: result: yes
configure:21346: checking whether Clang needs flag to prevent "argument unused" warning when linking with -pthread
configure:21371: gcc -o conftest -Werror -Wunknown-warning-option  -pthread -g -O2  -DHAVE_BUILD_INFO -D__STDC_FORMAT_MACROS -isystem /opt/local/include -I/opt/local/include/db48 -I/usr/local/opt/berkeley-db@4/include -DMAC_OSX  -Wl,-headerpad_max_install_names conftest.c  -L/opt/local/lib -L/opt/local/lib/db48 -L/usr/local/opt/berkeley-db@4/lib >&5
configure:21371: $? = 0
configure:21377: (gcc -c -Werror -Wunknown-warning-option  -pthread -g -O2  -DHAVE_BUILD_INFO -D__STDC_FORMAT_MACROS -isystem /opt/local/include -I/opt/local/include/db48 -I/usr/local/opt/berkeley-db@4/include -DMAC_OSX conftest.c >&5) && (echo ==== >&5) && (gcc -o conftest -Werror -Wunknown-warning-option  -pthread -g -O2  -DHAVE_BUILD_INFO -D__STDC_FORMAT_MACROS -isystem /opt/local/include -I/opt/local/include/db48 -I/usr/local/opt/berkeley-db@4/include -DMAC_OSX  -Wl,-headerpad_max_install_names conftest.o  -L/opt/local/lib -L/opt/local/lib/db48 -L/usr/local/opt/berkeley-db@4/lib >&5)
====
configure:21377: $? = 0
configure:21395: result: no
configure:21544: checking for joinable pthread attribute
configure:21562: gcc -o conftest -g -O2 -pthread  -DHAVE_BUILD_INFO -D__STDC_FORMAT_MACROS -isystem /opt/local/include -I/opt/local/include/db48 -I/usr/local/opt/berkeley-db@4/include -DMAC_OSX  -Wl,-headerpad_max_install_names conftest.c   -L/opt/local/lib -L/opt/local/lib/db48 -L/usr/local/opt/berkeley-db@4/lib >&5
configure:21562: $? = 0
configure:21570: result: PTHREAD_CREATE_JOINABLE
configure:21584: checking whether more special flags are required for pthreads
configure:21597: result: no
configure:21605: checking for PTHREAD_PRIO_INHERIT
configure:21621: gcc -o conftest -g -O2 -pthread  -DHAVE_BUILD_INFO -D__STDC_FORMAT_MACROS -isystem /opt/local/include -I/opt/local/include/db48 -I/usr/local/opt/berkeley-db@4/include -DMAC_OSX  -Wl,-headerpad_max_install_names conftest.c   -L/opt/local/lib -L/opt/local/lib/db48 -L/usr/local/opt/berkeley-db@4/lib >&5
configure:21621: $? = 0
configure:21630: result: yes
configure:21743: checking for special C compiler options needed for large files
configure:21788: result: no
configure:21794: checking for _FILE_OFFSET_BITS value needed for large files
configure:21819: g++ -std=c++11 -c -g -O2 -Wall -Wextra -Wformat -Wvla -Wformat-security -Wno-unused-parameter -Wno-self-assign -Wno-unused-local-typedef -Wno-deprecated-register -Wno-implicit-fallthrough  -DHAVE_BUILD_INFO -D__STDC_FORMAT_MACROS -isystem /opt/local/include -I/opt/local/include/db48 -I/usr/local/opt/berkeley-db@4/include -DMAC_OSX conftest.cpp >&5
configure:21819: $? = 0
configure:21851: result: no
configure:21937: checking whether strerror_r is declared
configure:21937: g++ -std=c++11 -c -g -O2 -Wall -Wextra -Wformat -Wvla -Wformat-security -Wno-unused-parameter -Wno-self-assign -Wno-unused-local-typedef -Wno-deprecated-register -Wno-implicit-fallthrough  -DHAVE_BUILD_INFO -D__STDC_FORMAT_MACROS -isystem /opt/local/include -I/opt/local/include/db48 -I/usr/local/opt/berkeley-db@4/include -DMAC_OSX conftest.cpp >&5
configure:21937: $? = 0
configure:21937: result: yes
configure:21950: checking for strerror_r
configure:21950: g++ -std=c++11 -o conftest -g -O2 -Wall -Wextra -Wformat -Wvla -Wformat-security -Wno-unused-parameter -Wno-self-assign -Wno-unused-local-typedef -Wno-deprecated-register -Wno-implicit-fallthrough  -DHAVE_BUILD_INFO -D__STDC_FORMAT_MACROS -isystem /opt/local/include -I/opt/local/include/db48 -I/usr/local/opt/berkeley-db@4/include -DMAC_OSX  -Wl,-headerpad_max_install_names conftest.cpp  -L/opt/local/lib -L/opt/local/lib/db48 -L/usr/local/opt/berkeley-db@4/lib >&5
configure:21950: $? = 0
configure:21950: result: yes
configure:21959: checking whether strerror_r returns char *
configure:21983: g++ -std=c++11 -c -g -O2 -Wall -Wextra -Wformat -Wvla -Wformat-security -Wno-unused-parameter -Wno-self-assign -Wno-unused-local-typedef -Wno-deprecated-register -Wno-implicit-fallthrough  -DHAVE_BUILD_INFO -D__STDC_FORMAT_MACROS -isystem /opt/local/include -I/opt/local/include/db48 -I/usr/local/opt/berkeley-db@4/include -DMAC_OSX conftest.cpp >&5
conftest.cpp:64:13: error: indirection requires pointer operand ('int' invalid)
          char x = *strerror_r (0, buf, sizeof buf);
                   ^~~~~~~~~~~~~~~~~~~~~~~~~~~~~~~~
conftest.cpp:65:10: error: cannot initialize a variable of type 'char *' with an rvalue of type 'int'
          char *p = strerror_r (0, buf, sizeof buf);
                ^   ~~~~~~~~~~~~~~~~~~~~~~~~~~~~~~~
2 errors generated.
configure:21983: $? = 1
configure: failed program was:
| /* confdefs.h */
| #define PACKAGE_NAME "Wcccoin Core"
| #define PACKAGE_TARNAME "wcccoin"
| #define PACKAGE_VERSION "0.15.1"
| #define PACKAGE_STRING "Wcccoin Core 0.15.1"
| #define PACKAGE_BUGREPORT "https://github.com/wcccoin-project/wcccoin/issues"
| #define PACKAGE_URL "https://wcccoin.org/"
| #define HAVE_CXX11 1
| #define STDC_HEADERS 1
| #define HAVE_SYS_TYPES_H 1
| #define HAVE_SYS_STAT_H 1
| #define HAVE_STDLIB_H 1
| #define HAVE_STRING_H 1
| #define HAVE_MEMORY_H 1
| #define HAVE_STRINGS_H 1
| #define HAVE_INTTYPES_H 1
| #define HAVE_STDINT_H 1
| #define HAVE_UNISTD_H 1
| #define HAVE_DLFCN_H 1
| #define LT_OBJDIR ".libs/"
| #define HAVE_PTHREAD_PRIO_INHERIT 1
| #define HAVE_PTHREAD 1
| #define HAVE_DECL_STRERROR_R 1
| #define HAVE_STRERROR_R 1
| /* end confdefs.h.  */
| #include <stdio.h>
| #ifdef HAVE_SYS_TYPES_H
| # include <sys/types.h>
| #endif
| #ifdef HAVE_SYS_STAT_H
| # include <sys/stat.h>
| #endif
| #ifdef STDC_HEADERS
| # include <stdlib.h>
| # include <stddef.h>
| #else
| # ifdef HAVE_STDLIB_H
| #  include <stdlib.h>
| # endif
| #endif
| #ifdef HAVE_STRING_H
| # if !defined STDC_HEADERS && defined HAVE_MEMORY_H
| #  include <memory.h>
| # endif
| # include <string.h>
| #endif
| #ifdef HAVE_STRINGS_H
| # include <strings.h>
| #endif
| #ifdef HAVE_INTTYPES_H
| # include <inttypes.h>
| #endif
| #ifdef HAVE_STDINT_H
| # include <stdint.h>
| #endif
| #ifdef HAVE_UNISTD_H
| # include <unistd.h>
| #endif
| int
| main ()
| {
| 
| 	  char buf[100];
| 	  char x = *strerror_r (0, buf, sizeof buf);
| 	  char *p = strerror_r (0, buf, sizeof buf);
| 	  return !p || x;
| 
|   ;
|   return 0;
| }
configure:22021: result: no
configure:22042: checking whether the linker accepts -Wl,--large-address-aware
configure:22061: g++ -std=c++11 -o conftest -g -O2 -Wall -Wextra -Wformat -Wvla -Wformat-security -Wno-unused-parameter -Wno-self-assign -Wno-unused-local-typedef -Wno-deprecated-register -Wno-implicit-fallthrough  -DHAVE_BUILD_INFO -D__STDC_FORMAT_MACROS -isystem /opt/local/include -I/opt/local/include/db48 -I/usr/local/opt/berkeley-db@4/include -DMAC_OSX  -Wl,-headerpad_max_install_names  -Wl,--large-address-aware conftest.cpp  -L/opt/local/lib -L/opt/local/lib/db48 -L/usr/local/opt/berkeley-db@4/lib >&5
ld: unknown option: --large-address-aware
clang: error: linker command failed with exit code 1 (use -v to see invocation)
configure:22061: $? = 1
configure: failed program was:
| /* confdefs.h */
| #define PACKAGE_NAME "Wcccoin Core"
| #define PACKAGE_TARNAME "wcccoin"
| #define PACKAGE_VERSION "0.15.1"
| #define PACKAGE_STRING "Wcccoin Core 0.15.1"
| #define PACKAGE_BUGREPORT "https://github.com/wcccoin-project/wcccoin/issues"
| #define PACKAGE_URL "https://wcccoin.org/"
| #define HAVE_CXX11 1
| #define STDC_HEADERS 1
| #define HAVE_SYS_TYPES_H 1
| #define HAVE_SYS_STAT_H 1
| #define HAVE_STDLIB_H 1
| #define HAVE_STRING_H 1
| #define HAVE_MEMORY_H 1
| #define HAVE_STRINGS_H 1
| #define HAVE_INTTYPES_H 1
| #define HAVE_STDINT_H 1
| #define HAVE_UNISTD_H 1
| #define HAVE_DLFCN_H 1
| #define LT_OBJDIR ".libs/"
| #define HAVE_PTHREAD_PRIO_INHERIT 1
| #define HAVE_PTHREAD 1
| #define HAVE_DECL_STRERROR_R 1
| #define HAVE_STRERROR_R 1
| /* end confdefs.h.  */
| 
| int
| main ()
| {
| 
|   ;
|   return 0;
| }
configure:22070: result: no
configure:22082: checking for __attribute__((visibility))
configure:22106: g++ -std=c++11 -o conftest -g -O2 -Wall -Wextra -Wformat -Wvla -Wformat-security -Wno-unused-parameter -Wno-self-assign -Wno-unused-local-typedef -Wno-deprecated-register -Wno-implicit-fallthrough  -DHAVE_BUILD_INFO -D__STDC_FORMAT_MACROS -isystem /opt/local/include -I/opt/local/include/db48 -I/usr/local/opt/berkeley-db@4/include -DMAC_OSX  -Wl,-headerpad_max_install_names conftest.cpp  -L/opt/local/lib -L/opt/local/lib/db48 -L/usr/local/opt/berkeley-db@4/lib >&5
conftest.cpp:31:56: warning: target does not support 'protected' visibility; using 'default' [-Wunsupported-visibility]
                    int foo_pro( void ) __attribute__((visibility("protected")));
                                                       ^
1 warning generated.
configure:22106: $? = 0
configure:22119: result: no
configure:22135: checking for __attribute__((dllexport))
configure:22156: g++ -std=c++11 -o conftest -g -O2 -Wall -Wextra -Wformat -Wvla -Wformat-security -Wno-unused-parameter -Wno-self-assign -Wno-unused-local-typedef -Wno-deprecated-register -Wno-implicit-fallthrough  -DHAVE_BUILD_INFO -D__STDC_FORMAT_MACROS -isystem /opt/local/include -I/opt/local/include/db48 -I/usr/local/opt/berkeley-db@4/include -DMAC_OSX  -Wl,-headerpad_max_install_names conftest.cpp  -L/opt/local/lib -L/opt/local/lib/db48 -L/usr/local/opt/berkeley-db@4/lib >&5
conftest.cpp:28:36: warning: unknown attribute 'dllexport' ignored [-Wunknown-attributes]
                    __attribute__((dllexport)) int foo( void ) { return 0; }
                                   ^
1 warning generated.
configure:22156: $? = 0
configure:22169: result: no
configure:22185: checking for __attribute__((dllimport))
configure:22206: g++ -std=c++11 -o conftest -g -O2 -Wall -Wextra -Wformat -Wvla -Wformat-security -Wno-unused-parameter -Wno-self-assign -Wno-unused-local-typedef -Wno-deprecated-register -Wno-implicit-fallthrough  -DHAVE_BUILD_INFO -D__STDC_FORMAT_MACROS -isystem /opt/local/include -I/opt/local/include/db48 -I/usr/local/opt/berkeley-db@4/include -DMAC_OSX  -Wl,-headerpad_max_install_names conftest.cpp  -L/opt/local/lib -L/opt/local/lib/db48 -L/usr/local/opt/berkeley-db@4/lib >&5
conftest.cpp:28:52: warning: unknown attribute 'dllimport' ignored [-Wunknown-attributes]
                    int foo( void ) __attribute__((dllimport));
                                                   ^
1 warning generated.
configure:22206: $? = 0
configure:22219: result: no
configure:22319: checking for library containing clock_gettime
configure:22350: g++ -std=c++11 -o conftest -g -O2 -Wall -Wextra -Wformat -Wvla -Wformat-security -Wno-unused-parameter -Wno-self-assign -Wno-unused-local-typedef -Wno-deprecated-register -Wno-implicit-fallthrough  -DHAVE_BUILD_INFO -D__STDC_FORMAT_MACROS -isystem /opt/local/include -I/opt/local/include/db48 -I/usr/local/opt/berkeley-db@4/include -DMAC_OSX  -Wl,-headerpad_max_install_names conftest.cpp  -L/opt/local/lib -L/opt/local/lib/db48 -L/usr/local/opt/berkeley-db@4/lib >&5
configure:22350: $? = 0
configure:22367: result: none required
configure:22379: checking whether C++ compiler accepts -fPIC
configure:22398: g++ -std=c++11 -c -g -O2 -Wall -Wextra -Wformat -Wvla -Wformat-security -Wno-unused-parameter -Wno-self-assign -Wno-unused-local-typedef -Wno-deprecated-register -Wno-implicit-fallthrough  -fPIC  -DHAVE_BUILD_INFO -D__STDC_FORMAT_MACROS -isystem /opt/local/include -I/opt/local/include/db48 -I/usr/local/opt/berkeley-db@4/include -DMAC_OSX conftest.cpp >&5
configure:22398: $? = 0
configure:22406: result: yes
configure:22417: checking whether C++ compiler accepts -Wstack-protector
configure:22436: g++ -std=c++11 -c -g -O2 -Wall -Wextra -Wformat -Wvla -Wformat-security -Wno-unused-parameter -Wno-self-assign -Wno-unused-local-typedef -Wno-deprecated-register -Wno-implicit-fallthrough  -Wstack-protector  -DHAVE_BUILD_INFO -D__STDC_FORMAT_MACROS -isystem /opt/local/include -I/opt/local/include/db48 -I/usr/local/opt/berkeley-db@4/include -DMAC_OSX conftest.cpp >&5
configure:22436: $? = 0
configure:22444: result: yes
configure:22452: checking whether C++ compiler accepts -fstack-protector-all
configure:22471: g++ -std=c++11 -c -g -O2 -Wall -Wextra -Wformat -Wvla -Wformat-security -Wno-unused-parameter -Wno-self-assign -Wno-unused-local-typedef -Wno-deprecated-register -Wno-implicit-fallthrough  -fstack-protector-all  -DHAVE_BUILD_INFO -D__STDC_FORMAT_MACROS -isystem /opt/local/include -I/opt/local/include/db48 -I/usr/local/opt/berkeley-db@4/include -DMAC_OSX conftest.cpp >&5
configure:22471: $? = 0
configure:22479: result: yes
configure:22489: checking whether C++ preprocessor accepts -D_FORTIFY_SOURCE=2
configure:22508: g++ -std=c++11 -E  -DHAVE_BUILD_INFO -D__STDC_FORMAT_MACROS -isystem /opt/local/include -I/opt/local/include/db48 -I/usr/local/opt/berkeley-db@4/include -DMAC_OSX  -D_FORTIFY_SOURCE=2 conftest.cpp
configure:22508: $? = 0
configure:22516: result: yes
configure:22520: checking whether C++ preprocessor accepts -U_FORTIFY_SOURCE
configure:22539: g++ -std=c++11 -E  -DHAVE_BUILD_INFO -D__STDC_FORMAT_MACROS -isystem /opt/local/include -I/opt/local/include/db48 -I/usr/local/opt/berkeley-db@4/include -DMAC_OSX  -U_FORTIFY_SOURCE conftest.cpp
configure:22539: $? = 0
configure:22547: result: yes
configure:22564: checking whether the linker accepts -Wl,--dynamicbase
configure:22583: g++ -std=c++11 -o conftest -g -O2 -Wall -Wextra -Wformat -Wvla -Wformat-security -Wno-unused-parameter -Wno-self-assign -Wno-unused-local-typedef -Wno-deprecated-register -Wno-implicit-fallthrough  -DHAVE_BUILD_INFO -D__STDC_FORMAT_MACROS -isystem /opt/local/include -I/opt/local/include/db48 -I/usr/local/opt/berkeley-db@4/include -DMAC_OSX  -Wl,-headerpad_max_install_names  -Wl,--dynamicbase conftest.cpp  -L/opt/local/lib -L/opt/local/lib/db48 -L/usr/local/opt/berkeley-db@4/lib >&5
ld: unknown option: --dynamicbase
clang: error: linker command failed with exit code 1 (use -v to see invocation)
configure:22583: $? = 1
configure: failed program was:
| /* confdefs.h */
| #define PACKAGE_NAME "Wcccoin Core"
| #define PACKAGE_TARNAME "wcccoin"
| #define PACKAGE_VERSION "0.15.1"
| #define PACKAGE_STRING "Wcccoin Core 0.15.1"
| #define PACKAGE_BUGREPORT "https://github.com/wcccoin-project/wcccoin/issues"
| #define PACKAGE_URL "https://wcccoin.org/"
| #define HAVE_CXX11 1
| #define STDC_HEADERS 1
| #define HAVE_SYS_TYPES_H 1
| #define HAVE_SYS_STAT_H 1
| #define HAVE_STDLIB_H 1
| #define HAVE_STRING_H 1
| #define HAVE_MEMORY_H 1
| #define HAVE_STRINGS_H 1
| #define HAVE_INTTYPES_H 1
| #define HAVE_STDINT_H 1
| #define HAVE_UNISTD_H 1
| #define HAVE_DLFCN_H 1
| #define LT_OBJDIR ".libs/"
| #define HAVE_PTHREAD_PRIO_INHERIT 1
| #define HAVE_PTHREAD 1
| #define HAVE_DECL_STRERROR_R 1
| #define HAVE_STRERROR_R 1
| /* end confdefs.h.  */
| 
| int
| main ()
| {
| 
|   ;
|   return 0;
| }
configure:22592: result: no
configure:22600: checking whether the linker accepts -Wl,--nxcompat
configure:22619: g++ -std=c++11 -o conftest -g -O2 -Wall -Wextra -Wformat -Wvla -Wformat-security -Wno-unused-parameter -Wno-self-assign -Wno-unused-local-typedef -Wno-deprecated-register -Wno-implicit-fallthrough  -DHAVE_BUILD_INFO -D__STDC_FORMAT_MACROS -isystem /opt/local/include -I/opt/local/include/db48 -I/usr/local/opt/berkeley-db@4/include -DMAC_OSX  -Wl,-headerpad_max_install_names  -Wl,--nxcompat conftest.cpp  -L/opt/local/lib -L/opt/local/lib/db48 -L/usr/local/opt/berkeley-db@4/lib >&5
ld: unknown option: --nxcompat
clang: error: linker command failed with exit code 1 (use -v to see invocation)
configure:22619: $? = 1
configure: failed program was:
| /* confdefs.h */
| #define PACKAGE_NAME "Wcccoin Core"
| #define PACKAGE_TARNAME "wcccoin"
| #define PACKAGE_VERSION "0.15.1"
| #define PACKAGE_STRING "Wcccoin Core 0.15.1"
| #define PACKAGE_BUGREPORT "https://github.com/wcccoin-project/wcccoin/issues"
| #define PACKAGE_URL "https://wcccoin.org/"
| #define HAVE_CXX11 1
| #define STDC_HEADERS 1
| #define HAVE_SYS_TYPES_H 1
| #define HAVE_SYS_STAT_H 1
| #define HAVE_STDLIB_H 1
| #define HAVE_STRING_H 1
| #define HAVE_MEMORY_H 1
| #define HAVE_STRINGS_H 1
| #define HAVE_INTTYPES_H 1
| #define HAVE_STDINT_H 1
| #define HAVE_UNISTD_H 1
| #define HAVE_DLFCN_H 1
| #define LT_OBJDIR ".libs/"
| #define HAVE_PTHREAD_PRIO_INHERIT 1
| #define HAVE_PTHREAD 1
| #define HAVE_DECL_STRERROR_R 1
| #define HAVE_STRERROR_R 1
| /* end confdefs.h.  */
| 
| int
| main ()
| {
| 
|   ;
|   return 0;
| }
configure:22628: result: no
configure:22636: checking whether the linker accepts -Wl,--high-entropy-va
configure:22655: g++ -std=c++11 -o conftest -g -O2 -Wall -Wextra -Wformat -Wvla -Wformat-security -Wno-unused-parameter -Wno-self-assign -Wno-unused-local-typedef -Wno-deprecated-register -Wno-implicit-fallthrough  -DHAVE_BUILD_INFO -D__STDC_FORMAT_MACROS -isystem /opt/local/include -I/opt/local/include/db48 -I/usr/local/opt/berkeley-db@4/include -DMAC_OSX  -Wl,-headerpad_max_install_names  -Wl,--high-entropy-va conftest.cpp  -L/opt/local/lib -L/opt/local/lib/db48 -L/usr/local/opt/berkeley-db@4/lib >&5
ld: unknown option: --high-entropy-va
clang: error: linker command failed with exit code 1 (use -v to see invocation)
configure:22655: $? = 1
configure: failed program was:
| /* confdefs.h */
| #define PACKAGE_NAME "Wcccoin Core"
| #define PACKAGE_TARNAME "wcccoin"
| #define PACKAGE_VERSION "0.15.1"
| #define PACKAGE_STRING "Wcccoin Core 0.15.1"
| #define PACKAGE_BUGREPORT "https://github.com/wcccoin-project/wcccoin/issues"
| #define PACKAGE_URL "https://wcccoin.org/"
| #define HAVE_CXX11 1
| #define STDC_HEADERS 1
| #define HAVE_SYS_TYPES_H 1
| #define HAVE_SYS_STAT_H 1
| #define HAVE_STDLIB_H 1
| #define HAVE_STRING_H 1
| #define HAVE_MEMORY_H 1
| #define HAVE_STRINGS_H 1
| #define HAVE_INTTYPES_H 1
| #define HAVE_STDINT_H 1
| #define HAVE_UNISTD_H 1
| #define HAVE_DLFCN_H 1
| #define LT_OBJDIR ".libs/"
| #define HAVE_PTHREAD_PRIO_INHERIT 1
| #define HAVE_PTHREAD 1
| #define HAVE_DECL_STRERROR_R 1
| #define HAVE_STRERROR_R 1
| /* end confdefs.h.  */
| 
| int
| main ()
| {
| 
|   ;
|   return 0;
| }
configure:22664: result: no
configure:22672: checking whether the linker accepts -Wl,-z,relro
configure:22691: g++ -std=c++11 -o conftest -g -O2 -Wall -Wextra -Wformat -Wvla -Wformat-security -Wno-unused-parameter -Wno-self-assign -Wno-unused-local-typedef -Wno-deprecated-register -Wno-implicit-fallthrough  -DHAVE_BUILD_INFO -D__STDC_FORMAT_MACROS -isystem /opt/local/include -I/opt/local/include/db48 -I/usr/local/opt/berkeley-db@4/include -DMAC_OSX  -Wl,-headerpad_max_install_names  -Wl,-z,relro conftest.cpp  -L/opt/local/lib -L/opt/local/lib/db48 -L/usr/local/opt/berkeley-db@4/lib >&5
ld: unknown option: -z
clang: error: linker command failed with exit code 1 (use -v to see invocation)
configure:22691: $? = 1
configure: failed program was:
| /* confdefs.h */
| #define PACKAGE_NAME "Wcccoin Core"
| #define PACKAGE_TARNAME "wcccoin"
| #define PACKAGE_VERSION "0.15.1"
| #define PACKAGE_STRING "Wcccoin Core 0.15.1"
| #define PACKAGE_BUGREPORT "https://github.com/wcccoin-project/wcccoin/issues"
| #define PACKAGE_URL "https://wcccoin.org/"
| #define HAVE_CXX11 1
| #define STDC_HEADERS 1
| #define HAVE_SYS_TYPES_H 1
| #define HAVE_SYS_STAT_H 1
| #define HAVE_STDLIB_H 1
| #define HAVE_STRING_H 1
| #define HAVE_MEMORY_H 1
| #define HAVE_STRINGS_H 1
| #define HAVE_INTTYPES_H 1
| #define HAVE_STDINT_H 1
| #define HAVE_UNISTD_H 1
| #define HAVE_DLFCN_H 1
| #define LT_OBJDIR ".libs/"
| #define HAVE_PTHREAD_PRIO_INHERIT 1
| #define HAVE_PTHREAD 1
| #define HAVE_DECL_STRERROR_R 1
| #define HAVE_STRERROR_R 1
| /* end confdefs.h.  */
| 
| int
| main ()
| {
| 
|   ;
|   return 0;
| }
configure:22700: result: no
configure:22708: checking whether the linker accepts -Wl,-z,now
configure:22727: g++ -std=c++11 -o conftest -g -O2 -Wall -Wextra -Wformat -Wvla -Wformat-security -Wno-unused-parameter -Wno-self-assign -Wno-unused-local-typedef -Wno-deprecated-register -Wno-implicit-fallthrough  -DHAVE_BUILD_INFO -D__STDC_FORMAT_MACROS -isystem /opt/local/include -I/opt/local/include/db48 -I/usr/local/opt/berkeley-db@4/include -DMAC_OSX  -Wl,-headerpad_max_install_names  -Wl,-z,now conftest.cpp  -L/opt/local/lib -L/opt/local/lib/db48 -L/usr/local/opt/berkeley-db@4/lib >&5
ld: unknown option: -z
clang: error: linker command failed with exit code 1 (use -v to see invocation)
configure:22727: $? = 1
configure: failed program was:
| /* confdefs.h */
| #define PACKAGE_NAME "Wcccoin Core"
| #define PACKAGE_TARNAME "wcccoin"
| #define PACKAGE_VERSION "0.15.1"
| #define PACKAGE_STRING "Wcccoin Core 0.15.1"
| #define PACKAGE_BUGREPORT "https://github.com/wcccoin-project/wcccoin/issues"
| #define PACKAGE_URL "https://wcccoin.org/"
| #define HAVE_CXX11 1
| #define STDC_HEADERS 1
| #define HAVE_SYS_TYPES_H 1
| #define HAVE_SYS_STAT_H 1
| #define HAVE_STDLIB_H 1
| #define HAVE_STRING_H 1
| #define HAVE_MEMORY_H 1
| #define HAVE_STRINGS_H 1
| #define HAVE_INTTYPES_H 1
| #define HAVE_STDINT_H 1
| #define HAVE_UNISTD_H 1
| #define HAVE_DLFCN_H 1
| #define LT_OBJDIR ".libs/"
| #define HAVE_PTHREAD_PRIO_INHERIT 1
| #define HAVE_PTHREAD 1
| #define HAVE_DECL_STRERROR_R 1
| #define HAVE_STRERROR_R 1
| /* end confdefs.h.  */
| 
| int
| main ()
| {
| 
|   ;
|   return 0;
| }
configure:22736: result: no
configure:22746: checking whether C++ compiler accepts -fPIE
configure:22765: g++ -std=c++11 -c -g -O2 -Wall -Wextra -Wformat -Wvla -Wformat-security -Wno-unused-parameter -Wno-self-assign -Wno-unused-local-typedef -Wno-deprecated-register -Wno-implicit-fallthrough  -fPIE  -DHAVE_BUILD_INFO -D__STDC_FORMAT_MACROS -isystem /opt/local/include -I/opt/local/include/db48 -I/usr/local/opt/berkeley-db@4/include -DMAC_OSX conftest.cpp >&5
configure:22765: $? = 0
configure:22773: result: yes
configure:22781: checking whether the linker accepts -pie
configure:22800: g++ -std=c++11 -o conftest -g -O2 -Wall -Wextra -Wformat -Wvla -Wformat-security -Wno-unused-parameter -Wno-self-assign -Wno-unused-local-typedef -Wno-deprecated-register -Wno-implicit-fallthrough  -DHAVE_BUILD_INFO -D__STDC_FORMAT_MACROS -isystem /opt/local/include -I/opt/local/include/db48 -I/usr/local/opt/berkeley-db@4/include -DMAC_OSX  -Wl,-headerpad_max_install_names  -pie conftest.cpp  -L/opt/local/lib -L/opt/local/lib/db48 -L/usr/local/opt/berkeley-db@4/lib >&5
clang: warning: argument unused during compilation: '-pie' [-Wunused-command-line-argument]
configure:22800: $? = 0
configure:22809: result: yes
configure:22867: checking whether the linker accepts -Wl,-dead_strip
configure:22886: g++ -std=c++11 -o conftest -g -O2 -Wall -Wextra -Wformat -Wvla -Wformat-security -Wno-unused-parameter -Wno-self-assign -Wno-unused-local-typedef -Wno-deprecated-register -Wno-implicit-fallthrough  -DHAVE_BUILD_INFO -D__STDC_FORMAT_MACROS -isystem /opt/local/include -I/opt/local/include/db48 -I/usr/local/opt/berkeley-db@4/include -DMAC_OSX  -Wl,-headerpad_max_install_names  -Wl,-dead_strip conftest.cpp  -L/opt/local/lib -L/opt/local/lib/db48 -L/usr/local/opt/berkeley-db@4/lib >&5
configure:22886: $? = 0
configure:22895: result: yes
configure:22908: checking endian.h usability
configure:22908: g++ -std=c++11 -c -g -O2 -Wall -Wextra -Wformat -Wvla -Wformat-security -Wno-unused-parameter -Wno-self-assign -Wno-unused-local-typedef -Wno-deprecated-register -Wno-implicit-fallthrough  -DHAVE_BUILD_INFO -D__STDC_FORMAT_MACROS -isystem /opt/local/include -I/opt/local/include/db48 -I/usr/local/opt/berkeley-db@4/include -DMAC_OSX conftest.cpp >&5
conftest.cpp:59:10: fatal error: 'endian.h' file not found
#include <endian.h>
         ^~~~~~~~~~
1 error generated.
configure:22908: $? = 1
configure: failed program was:
| /* confdefs.h */
| #define PACKAGE_NAME "Wcccoin Core"
| #define PACKAGE_TARNAME "wcccoin"
| #define PACKAGE_VERSION "0.15.1"
| #define PACKAGE_STRING "Wcccoin Core 0.15.1"
| #define PACKAGE_BUGREPORT "https://github.com/wcccoin-project/wcccoin/issues"
| #define PACKAGE_URL "https://wcccoin.org/"
| #define HAVE_CXX11 1
| #define STDC_HEADERS 1
| #define HAVE_SYS_TYPES_H 1
| #define HAVE_SYS_STAT_H 1
| #define HAVE_STDLIB_H 1
| #define HAVE_STRING_H 1
| #define HAVE_MEMORY_H 1
| #define HAVE_STRINGS_H 1
| #define HAVE_INTTYPES_H 1
| #define HAVE_STDINT_H 1
| #define HAVE_UNISTD_H 1
| #define HAVE_DLFCN_H 1
| #define LT_OBJDIR ".libs/"
| #define HAVE_PTHREAD_PRIO_INHERIT 1
| #define HAVE_PTHREAD 1
| #define HAVE_DECL_STRERROR_R 1
| #define HAVE_STRERROR_R 1
| /* end confdefs.h.  */
| #include <stdio.h>
| #ifdef HAVE_SYS_TYPES_H
| # include <sys/types.h>
| #endif
| #ifdef HAVE_SYS_STAT_H
| # include <sys/stat.h>
| #endif
| #ifdef STDC_HEADERS
| # include <stdlib.h>
| # include <stddef.h>
| #else
| # ifdef HAVE_STDLIB_H
| #  include <stdlib.h>
| # endif
| #endif
| #ifdef HAVE_STRING_H
| # if !defined STDC_HEADERS && defined HAVE_MEMORY_H
| #  include <memory.h>
| # endif
| # include <string.h>
| #endif
| #ifdef HAVE_STRINGS_H
| # include <strings.h>
| #endif
| #ifdef HAVE_INTTYPES_H
| # include <inttypes.h>
| #endif
| #ifdef HAVE_STDINT_H
| # include <stdint.h>
| #endif
| #ifdef HAVE_UNISTD_H
| # include <unistd.h>
| #endif
| #include <endian.h>
configure:22908: result: no
configure:22908: checking endian.h presence
configure:22908: g++ -std=c++11 -E  -DHAVE_BUILD_INFO -D__STDC_FORMAT_MACROS -isystem /opt/local/include -I/opt/local/include/db48 -I/usr/local/opt/berkeley-db@4/include -DMAC_OSX conftest.cpp
conftest.cpp:26:10: fatal error: 'endian.h' file not found
#include <endian.h>
         ^~~~~~~~~~
1 error generated.
configure:22908: $? = 1
configure: failed program was:
| /* confdefs.h */
| #define PACKAGE_NAME "Wcccoin Core"
| #define PACKAGE_TARNAME "wcccoin"
| #define PACKAGE_VERSION "0.15.1"
| #define PACKAGE_STRING "Wcccoin Core 0.15.1"
| #define PACKAGE_BUGREPORT "https://github.com/wcccoin-project/wcccoin/issues"
| #define PACKAGE_URL "https://wcccoin.org/"
| #define HAVE_CXX11 1
| #define STDC_HEADERS 1
| #define HAVE_SYS_TYPES_H 1
| #define HAVE_SYS_STAT_H 1
| #define HAVE_STDLIB_H 1
| #define HAVE_STRING_H 1
| #define HAVE_MEMORY_H 1
| #define HAVE_STRINGS_H 1
| #define HAVE_INTTYPES_H 1
| #define HAVE_STDINT_H 1
| #define HAVE_UNISTD_H 1
| #define HAVE_DLFCN_H 1
| #define LT_OBJDIR ".libs/"
| #define HAVE_PTHREAD_PRIO_INHERIT 1
| #define HAVE_PTHREAD 1
| #define HAVE_DECL_STRERROR_R 1
| #define HAVE_STRERROR_R 1
| /* end confdefs.h.  */
| #include <endian.h>
configure:22908: result: no
configure:22908: checking for endian.h
configure:22908: result: no
configure:22908: checking sys/endian.h usability
configure:22908: g++ -std=c++11 -c -g -O2 -Wall -Wextra -Wformat -Wvla -Wformat-security -Wno-unused-parameter -Wno-self-assign -Wno-unused-local-typedef -Wno-deprecated-register -Wno-implicit-fallthrough  -DHAVE_BUILD_INFO -D__STDC_FORMAT_MACROS -isystem /opt/local/include -I/opt/local/include/db48 -I/usr/local/opt/berkeley-db@4/include -DMAC_OSX conftest.cpp >&5
conftest.cpp:59:10: fatal error: 'sys/endian.h' file not found
#include <sys/endian.h>
         ^~~~~~~~~~~~~~
1 error generated.
configure:22908: $? = 1
configure: failed program was:
| /* confdefs.h */
| #define PACKAGE_NAME "Wcccoin Core"
| #define PACKAGE_TARNAME "wcccoin"
| #define PACKAGE_VERSION "0.15.1"
| #define PACKAGE_STRING "Wcccoin Core 0.15.1"
| #define PACKAGE_BUGREPORT "https://github.com/wcccoin-project/wcccoin/issues"
| #define PACKAGE_URL "https://wcccoin.org/"
| #define HAVE_CXX11 1
| #define STDC_HEADERS 1
| #define HAVE_SYS_TYPES_H 1
| #define HAVE_SYS_STAT_H 1
| #define HAVE_STDLIB_H 1
| #define HAVE_STRING_H 1
| #define HAVE_MEMORY_H 1
| #define HAVE_STRINGS_H 1
| #define HAVE_INTTYPES_H 1
| #define HAVE_STDINT_H 1
| #define HAVE_UNISTD_H 1
| #define HAVE_DLFCN_H 1
| #define LT_OBJDIR ".libs/"
| #define HAVE_PTHREAD_PRIO_INHERIT 1
| #define HAVE_PTHREAD 1
| #define HAVE_DECL_STRERROR_R 1
| #define HAVE_STRERROR_R 1
| /* end confdefs.h.  */
| #include <stdio.h>
| #ifdef HAVE_SYS_TYPES_H
| # include <sys/types.h>
| #endif
| #ifdef HAVE_SYS_STAT_H
| # include <sys/stat.h>
| #endif
| #ifdef STDC_HEADERS
| # include <stdlib.h>
| # include <stddef.h>
| #else
| # ifdef HAVE_STDLIB_H
| #  include <stdlib.h>
| # endif
| #endif
| #ifdef HAVE_STRING_H
| # if !defined STDC_HEADERS && defined HAVE_MEMORY_H
| #  include <memory.h>
| # endif
| # include <string.h>
| #endif
| #ifdef HAVE_STRINGS_H
| # include <strings.h>
| #endif
| #ifdef HAVE_INTTYPES_H
| # include <inttypes.h>
| #endif
| #ifdef HAVE_STDINT_H
| # include <stdint.h>
| #endif
| #ifdef HAVE_UNISTD_H
| # include <unistd.h>
| #endif
| #include <sys/endian.h>
configure:22908: result: no
configure:22908: checking sys/endian.h presence
configure:22908: g++ -std=c++11 -E  -DHAVE_BUILD_INFO -D__STDC_FORMAT_MACROS -isystem /opt/local/include -I/opt/local/include/db48 -I/usr/local/opt/berkeley-db@4/include -DMAC_OSX conftest.cpp
conftest.cpp:26:10: fatal error: 'sys/endian.h' file not found
#include <sys/endian.h>
         ^~~~~~~~~~~~~~
1 error generated.
configure:22908: $? = 1
configure: failed program was:
| /* confdefs.h */
| #define PACKAGE_NAME "Wcccoin Core"
| #define PACKAGE_TARNAME "wcccoin"
| #define PACKAGE_VERSION "0.15.1"
| #define PACKAGE_STRING "Wcccoin Core 0.15.1"
| #define PACKAGE_BUGREPORT "https://github.com/wcccoin-project/wcccoin/issues"
| #define PACKAGE_URL "https://wcccoin.org/"
| #define HAVE_CXX11 1
| #define STDC_HEADERS 1
| #define HAVE_SYS_TYPES_H 1
| #define HAVE_SYS_STAT_H 1
| #define HAVE_STDLIB_H 1
| #define HAVE_STRING_H 1
| #define HAVE_MEMORY_H 1
| #define HAVE_STRINGS_H 1
| #define HAVE_INTTYPES_H 1
| #define HAVE_STDINT_H 1
| #define HAVE_UNISTD_H 1
| #define HAVE_DLFCN_H 1
| #define LT_OBJDIR ".libs/"
| #define HAVE_PTHREAD_PRIO_INHERIT 1
| #define HAVE_PTHREAD 1
| #define HAVE_DECL_STRERROR_R 1
| #define HAVE_STRERROR_R 1
| /* end confdefs.h.  */
| #include <sys/endian.h>
configure:22908: result: no
configure:22908: checking for sys/endian.h
configure:22908: result: no
configure:22908: checking byteswap.h usability
configure:22908: g++ -std=c++11 -c -g -O2 -Wall -Wextra -Wformat -Wvla -Wformat-security -Wno-unused-parameter -Wno-self-assign -Wno-unused-local-typedef -Wno-deprecated-register -Wno-implicit-fallthrough  -DHAVE_BUILD_INFO -D__STDC_FORMAT_MACROS -isystem /opt/local/include -I/opt/local/include/db48 -I/usr/local/opt/berkeley-db@4/include -DMAC_OSX conftest.cpp >&5
conftest.cpp:59:10: fatal error: 'byteswap.h' file not found
#include <byteswap.h>
         ^~~~~~~~~~~~
1 error generated.
configure:22908: $? = 1
configure: failed program was:
| /* confdefs.h */
| #define PACKAGE_NAME "Wcccoin Core"
| #define PACKAGE_TARNAME "wcccoin"
| #define PACKAGE_VERSION "0.15.1"
| #define PACKAGE_STRING "Wcccoin Core 0.15.1"
| #define PACKAGE_BUGREPORT "https://github.com/wcccoin-project/wcccoin/issues"
| #define PACKAGE_URL "https://wcccoin.org/"
| #define HAVE_CXX11 1
| #define STDC_HEADERS 1
| #define HAVE_SYS_TYPES_H 1
| #define HAVE_SYS_STAT_H 1
| #define HAVE_STDLIB_H 1
| #define HAVE_STRING_H 1
| #define HAVE_MEMORY_H 1
| #define HAVE_STRINGS_H 1
| #define HAVE_INTTYPES_H 1
| #define HAVE_STDINT_H 1
| #define HAVE_UNISTD_H 1
| #define HAVE_DLFCN_H 1
| #define LT_OBJDIR ".libs/"
| #define HAVE_PTHREAD_PRIO_INHERIT 1
| #define HAVE_PTHREAD 1
| #define HAVE_DECL_STRERROR_R 1
| #define HAVE_STRERROR_R 1
| /* end confdefs.h.  */
| #include <stdio.h>
| #ifdef HAVE_SYS_TYPES_H
| # include <sys/types.h>
| #endif
| #ifdef HAVE_SYS_STAT_H
| # include <sys/stat.h>
| #endif
| #ifdef STDC_HEADERS
| # include <stdlib.h>
| # include <stddef.h>
| #else
| # ifdef HAVE_STDLIB_H
| #  include <stdlib.h>
| # endif
| #endif
| #ifdef HAVE_STRING_H
| # if !defined STDC_HEADERS && defined HAVE_MEMORY_H
| #  include <memory.h>
| # endif
| # include <string.h>
| #endif
| #ifdef HAVE_STRINGS_H
| # include <strings.h>
| #endif
| #ifdef HAVE_INTTYPES_H
| # include <inttypes.h>
| #endif
| #ifdef HAVE_STDINT_H
| # include <stdint.h>
| #endif
| #ifdef HAVE_UNISTD_H
| # include <unistd.h>
| #endif
| #include <byteswap.h>
configure:22908: result: no
configure:22908: checking byteswap.h presence
configure:22908: g++ -std=c++11 -E  -DHAVE_BUILD_INFO -D__STDC_FORMAT_MACROS -isystem /opt/local/include -I/opt/local/include/db48 -I/usr/local/opt/berkeley-db@4/include -DMAC_OSX conftest.cpp
conftest.cpp:26:10: fatal error: 'byteswap.h' file not found
#include <byteswap.h>
         ^~~~~~~~~~~~
1 error generated.
configure:22908: $? = 1
configure: failed program was:
| /* confdefs.h */
| #define PACKAGE_NAME "Wcccoin Core"
| #define PACKAGE_TARNAME "wcccoin"
| #define PACKAGE_VERSION "0.15.1"
| #define PACKAGE_STRING "Wcccoin Core 0.15.1"
| #define PACKAGE_BUGREPORT "https://github.com/wcccoin-project/wcccoin/issues"
| #define PACKAGE_URL "https://wcccoin.org/"
| #define HAVE_CXX11 1
| #define STDC_HEADERS 1
| #define HAVE_SYS_TYPES_H 1
| #define HAVE_SYS_STAT_H 1
| #define HAVE_STDLIB_H 1
| #define HAVE_STRING_H 1
| #define HAVE_MEMORY_H 1
| #define HAVE_STRINGS_H 1
| #define HAVE_INTTYPES_H 1
| #define HAVE_STDINT_H 1
| #define HAVE_UNISTD_H 1
| #define HAVE_DLFCN_H 1
| #define LT_OBJDIR ".libs/"
| #define HAVE_PTHREAD_PRIO_INHERIT 1
| #define HAVE_PTHREAD 1
| #define HAVE_DECL_STRERROR_R 1
| #define HAVE_STRERROR_R 1
| /* end confdefs.h.  */
| #include <byteswap.h>
configure:22908: result: no
configure:22908: checking for byteswap.h
configure:22908: result: no
configure:22908: checking stdio.h usability
configure:22908: g++ -std=c++11 -c -g -O2 -Wall -Wextra -Wformat -Wvla -Wformat-security -Wno-unused-parameter -Wno-self-assign -Wno-unused-local-typedef -Wno-deprecated-register -Wno-implicit-fallthrough  -DHAVE_BUILD_INFO -D__STDC_FORMAT_MACROS -isystem /opt/local/include -I/opt/local/include/db48 -I/usr/local/opt/berkeley-db@4/include -DMAC_OSX conftest.cpp >&5
configure:22908: $? = 0
configure:22908: result: yes
configure:22908: checking stdio.h presence
configure:22908: g++ -std=c++11 -E  -DHAVE_BUILD_INFO -D__STDC_FORMAT_MACROS -isystem /opt/local/include -I/opt/local/include/db48 -I/usr/local/opt/berkeley-db@4/include -DMAC_OSX conftest.cpp
configure:22908: $? = 0
configure:22908: result: yes
configure:22908: checking for stdio.h
configure:22908: result: yes
configure:22908: checking for stdlib.h
configure:22908: result: yes
configure:22908: checking for unistd.h
configure:22908: result: yes
configure:22908: checking for strings.h
configure:22908: result: yes
configure:22908: checking for sys/types.h
configure:22908: result: yes
configure:22908: checking for sys/stat.h
configure:22908: result: yes
configure:22908: checking sys/select.h usability
configure:22908: g++ -std=c++11 -c -g -O2 -Wall -Wextra -Wformat -Wvla -Wformat-security -Wno-unused-parameter -Wno-self-assign -Wno-unused-local-typedef -Wno-deprecated-register -Wno-implicit-fallthrough  -DHAVE_BUILD_INFO -D__STDC_FORMAT_MACROS -isystem /opt/local/include -I/opt/local/include/db48 -I/usr/local/opt/berkeley-db@4/include -DMAC_OSX conftest.cpp >&5
configure:22908: $? = 0
configure:22908: result: yes
configure:22908: checking sys/select.h presence
configure:22908: g++ -std=c++11 -E  -DHAVE_BUILD_INFO -D__STDC_FORMAT_MACROS -isystem /opt/local/include -I/opt/local/include/db48 -I/usr/local/opt/berkeley-db@4/include -DMAC_OSX conftest.cpp
configure:22908: $? = 0
configure:22908: result: yes
configure:22908: checking for sys/select.h
configure:22908: result: yes
configure:22908: checking sys/prctl.h usability
configure:22908: g++ -std=c++11 -c -g -O2 -Wall -Wextra -Wformat -Wvla -Wformat-security -Wno-unused-parameter -Wno-self-assign -Wno-unused-local-typedef -Wno-deprecated-register -Wno-implicit-fallthrough  -DHAVE_BUILD_INFO -D__STDC_FORMAT_MACROS -isystem /opt/local/include -I/opt/local/include/db48 -I/usr/local/opt/berkeley-db@4/include -DMAC_OSX conftest.cpp >&5
conftest.cpp:66:10: fatal error: 'sys/prctl.h' file not found
#include <sys/prctl.h>
         ^~~~~~~~~~~~~
1 error generated.
configure:22908: $? = 1
configure: failed program was:
| /* confdefs.h */
| #define PACKAGE_NAME "Wcccoin Core"
| #define PACKAGE_TARNAME "wcccoin"
| #define PACKAGE_VERSION "0.15.1"
| #define PACKAGE_STRING "Wcccoin Core 0.15.1"
| #define PACKAGE_BUGREPORT "https://github.com/wcccoin-project/wcccoin/issues"
| #define PACKAGE_URL "https://wcccoin.org/"
| #define HAVE_CXX11 1
| #define STDC_HEADERS 1
| #define HAVE_SYS_TYPES_H 1
| #define HAVE_SYS_STAT_H 1
| #define HAVE_STDLIB_H 1
| #define HAVE_STRING_H 1
| #define HAVE_MEMORY_H 1
| #define HAVE_STRINGS_H 1
| #define HAVE_INTTYPES_H 1
| #define HAVE_STDINT_H 1
| #define HAVE_UNISTD_H 1
| #define HAVE_DLFCN_H 1
| #define LT_OBJDIR ".libs/"
| #define HAVE_PTHREAD_PRIO_INHERIT 1
| #define HAVE_PTHREAD 1
| #define HAVE_DECL_STRERROR_R 1
| #define HAVE_STRERROR_R 1
| #define HAVE_STDIO_H 1
| #define HAVE_STDLIB_H 1
| #define HAVE_UNISTD_H 1
| #define HAVE_STRINGS_H 1
| #define HAVE_SYS_TYPES_H 1
| #define HAVE_SYS_STAT_H 1
| #define HAVE_SYS_SELECT_H 1
| /* end confdefs.h.  */
| #include <stdio.h>
| #ifdef HAVE_SYS_TYPES_H
| # include <sys/types.h>
| #endif
| #ifdef HAVE_SYS_STAT_H
| # include <sys/stat.h>
| #endif
| #ifdef STDC_HEADERS
| # include <stdlib.h>
| # include <stddef.h>
| #else
| # ifdef HAVE_STDLIB_H
| #  include <stdlib.h>
| # endif
| #endif
| #ifdef HAVE_STRING_H
| # if !defined STDC_HEADERS && defined HAVE_MEMORY_H
| #  include <memory.h>
| # endif
| # include <string.h>
| #endif
| #ifdef HAVE_STRINGS_H
| # include <strings.h>
| #endif
| #ifdef HAVE_INTTYPES_H
| # include <inttypes.h>
| #endif
| #ifdef HAVE_STDINT_H
| # include <stdint.h>
| #endif
| #ifdef HAVE_UNISTD_H
| # include <unistd.h>
| #endif
| #include <sys/prctl.h>
configure:22908: result: no
configure:22908: checking sys/prctl.h presence
configure:22908: g++ -std=c++11 -E  -DHAVE_BUILD_INFO -D__STDC_FORMAT_MACROS -isystem /opt/local/include -I/opt/local/include/db48 -I/usr/local/opt/berkeley-db@4/include -DMAC_OSX conftest.cpp
conftest.cpp:33:10: fatal error: 'sys/prctl.h' file not found
#include <sys/prctl.h>
         ^~~~~~~~~~~~~
1 error generated.
configure:22908: $? = 1
configure: failed program was:
| /* confdefs.h */
| #define PACKAGE_NAME "Wcccoin Core"
| #define PACKAGE_TARNAME "wcccoin"
| #define PACKAGE_VERSION "0.15.1"
| #define PACKAGE_STRING "Wcccoin Core 0.15.1"
| #define PACKAGE_BUGREPORT "https://github.com/wcccoin-project/wcccoin/issues"
| #define PACKAGE_URL "https://wcccoin.org/"
| #define HAVE_CXX11 1
| #define STDC_HEADERS 1
| #define HAVE_SYS_TYPES_H 1
| #define HAVE_SYS_STAT_H 1
| #define HAVE_STDLIB_H 1
| #define HAVE_STRING_H 1
| #define HAVE_MEMORY_H 1
| #define HAVE_STRINGS_H 1
| #define HAVE_INTTYPES_H 1
| #define HAVE_STDINT_H 1
| #define HAVE_UNISTD_H 1
| #define HAVE_DLFCN_H 1
| #define LT_OBJDIR ".libs/"
| #define HAVE_PTHREAD_PRIO_INHERIT 1
| #define HAVE_PTHREAD 1
| #define HAVE_DECL_STRERROR_R 1
| #define HAVE_STRERROR_R 1
| #define HAVE_STDIO_H 1
| #define HAVE_STDLIB_H 1
| #define HAVE_UNISTD_H 1
| #define HAVE_STRINGS_H 1
| #define HAVE_SYS_TYPES_H 1
| #define HAVE_SYS_STAT_H 1
| #define HAVE_SYS_SELECT_H 1
| /* end confdefs.h.  */
| #include <sys/prctl.h>
configure:22908: result: no
configure:22908: checking for sys/prctl.h
configure:22908: result: no
configure:22919: checking whether strnlen is declared
configure:22919: g++ -std=c++11 -c -g -O2 -Wall -Wextra -Wformat -Wvla -Wformat-security -Wno-unused-parameter -Wno-self-assign -Wno-unused-local-typedef -Wno-deprecated-register -Wno-implicit-fallthrough  -DHAVE_BUILD_INFO -D__STDC_FORMAT_MACROS -isystem /opt/local/include -I/opt/local/include/db48 -I/usr/local/opt/berkeley-db@4/include -DMAC_OSX conftest.cpp >&5
configure:22919: $? = 0
configure:22919: result: yes
configure:22932: checking whether daemon is declared
configure:22932: g++ -std=c++11 -c -g -O2 -Wall -Wextra -Wformat -Wvla -Wformat-security -Wno-unused-parameter -Wno-self-assign -Wno-unused-local-typedef -Wno-deprecated-register -Wno-implicit-fallthrough  -DHAVE_BUILD_INFO -D__STDC_FORMAT_MACROS -isystem /opt/local/include -I/opt/local/include/db48 -I/usr/local/opt/berkeley-db@4/include -DMAC_OSX conftest.cpp >&5
conftest.cpp:72:10: warning: 'daemon' is deprecated: first deprecated in macOS 10.5 - Use posix_spawn APIs instead. [-Wdeprecated-declarations]
  (void) daemon;
         ^
/usr/include/stdlib.h:298:6: note: 'daemon' has been explicitly marked deprecated here
int      daemon(int, int) __DARWIN_1050(daemon) __OSX_AVAILABLE_BUT_DEPRECATED_MSG(__MAC_10_0, __MAC_10_5, __IPHONE_2_0, __IPHONE_2_0, "Use posix_spawn APIs instead.") __WATCHOS_PROHIBITED __TVOS_PROHIBITED;
         ^
1 warning generated.
configure:22932: $? = 0
configure:22932: result: yes
configure:22944: checking whether le16toh is declared
configure:22944: g++ -std=c++11 -c -g -O2 -Wall -Wextra -Wformat -Wvla -Wformat-security -Wno-unused-parameter -Wno-self-assign -Wno-unused-local-typedef -Wno-deprecated-register -Wno-implicit-fallthrough  -DHAVE_BUILD_INFO -D__STDC_FORMAT_MACROS -isystem /opt/local/include -I/opt/local/include/db48 -I/usr/local/opt/berkeley-db@4/include -DMAC_OSX conftest.cpp >&5
conftest.cpp:46:10: error: use of undeclared identifier 'le16toh'
  (void) le16toh;
         ^
1 error generated.
configure:22944: $? = 1
configure: failed program was:
| /* confdefs.h */
| #define PACKAGE_NAME "Wcccoin Core"
| #define PACKAGE_TARNAME "wcccoin"
| #define PACKAGE_VERSION "0.15.1"
| #define PACKAGE_STRING "Wcccoin Core 0.15.1"
| #define PACKAGE_BUGREPORT "https://github.com/wcccoin-project/wcccoin/issues"
| #define PACKAGE_URL "https://wcccoin.org/"
| #define HAVE_CXX11 1
| #define STDC_HEADERS 1
| #define HAVE_SYS_TYPES_H 1
| #define HAVE_SYS_STAT_H 1
| #define HAVE_STDLIB_H 1
| #define HAVE_STRING_H 1
| #define HAVE_MEMORY_H 1
| #define HAVE_STRINGS_H 1
| #define HAVE_INTTYPES_H 1
| #define HAVE_STDINT_H 1
| #define HAVE_UNISTD_H 1
| #define HAVE_DLFCN_H 1
| #define LT_OBJDIR ".libs/"
| #define HAVE_PTHREAD_PRIO_INHERIT 1
| #define HAVE_PTHREAD 1
| #define HAVE_DECL_STRERROR_R 1
| #define HAVE_STRERROR_R 1
| #define HAVE_STDIO_H 1
| #define HAVE_STDLIB_H 1
| #define HAVE_UNISTD_H 1
| #define HAVE_STRINGS_H 1
| #define HAVE_SYS_TYPES_H 1
| #define HAVE_SYS_STAT_H 1
| #define HAVE_SYS_SELECT_H 1
| #define HAVE_DECL_STRNLEN 1
| #define HAVE_DECL_DAEMON 1
| /* end confdefs.h.  */
| #if HAVE_ENDIAN_H
|                  #include <endian.h>
|                  #elif HAVE_SYS_ENDIAN_H
|                  #include <sys/endian.h>
|                  #endif
| 
| int
| main ()
| {
| #ifndef le16toh
| #ifdef __cplusplus
|   (void) le16toh;
| #else
|   (void) le16toh;
| #endif
| #endif
| 
|   ;
|   return 0;
| }
configure:22944: result: no
configure:22959: checking whether le32toh is declared
configure:22959: g++ -std=c++11 -c -g -O2 -Wall -Wextra -Wformat -Wvla -Wformat-security -Wno-unused-parameter -Wno-self-assign -Wno-unused-local-typedef -Wno-deprecated-register -Wno-implicit-fallthrough  -DHAVE_BUILD_INFO -D__STDC_FORMAT_MACROS -isystem /opt/local/include -I/opt/local/include/db48 -I/usr/local/opt/berkeley-db@4/include -DMAC_OSX conftest.cpp >&5
conftest.cpp:47:10: error: use of undeclared identifier 'le32toh'
  (void) le32toh;
         ^
1 error generated.
configure:22959: $? = 1
configure: failed program was:
| /* confdefs.h */
| #define PACKAGE_NAME "Wcccoin Core"
| #define PACKAGE_TARNAME "wcccoin"
| #define PACKAGE_VERSION "0.15.1"
| #define PACKAGE_STRING "Wcccoin Core 0.15.1"
| #define PACKAGE_BUGREPORT "https://github.com/wcccoin-project/wcccoin/issues"
| #define PACKAGE_URL "https://wcccoin.org/"
| #define HAVE_CXX11 1
| #define STDC_HEADERS 1
| #define HAVE_SYS_TYPES_H 1
| #define HAVE_SYS_STAT_H 1
| #define HAVE_STDLIB_H 1
| #define HAVE_STRING_H 1
| #define HAVE_MEMORY_H 1
| #define HAVE_STRINGS_H 1
| #define HAVE_INTTYPES_H 1
| #define HAVE_STDINT_H 1
| #define HAVE_UNISTD_H 1
| #define HAVE_DLFCN_H 1
| #define LT_OBJDIR ".libs/"
| #define HAVE_PTHREAD_PRIO_INHERIT 1
| #define HAVE_PTHREAD 1
| #define HAVE_DECL_STRERROR_R 1
| #define HAVE_STRERROR_R 1
| #define HAVE_STDIO_H 1
| #define HAVE_STDLIB_H 1
| #define HAVE_UNISTD_H 1
| #define HAVE_STRINGS_H 1
| #define HAVE_SYS_TYPES_H 1
| #define HAVE_SYS_STAT_H 1
| #define HAVE_SYS_SELECT_H 1
| #define HAVE_DECL_STRNLEN 1
| #define HAVE_DECL_DAEMON 1
| #define HAVE_DECL_LE16TOH 0
| /* end confdefs.h.  */
| #if HAVE_ENDIAN_H
|                  #include <endian.h>
|                  #elif HAVE_SYS_ENDIAN_H
|                  #include <sys/endian.h>
|                  #endif
| 
| int
| main ()
| {
| #ifndef le32toh
| #ifdef __cplusplus
|   (void) le32toh;
| #else
|   (void) le32toh;
| #endif
| #endif
| 
|   ;
|   return 0;
| }
configure:22959: result: no
configure:22974: checking whether le64toh is declared
configure:22974: g++ -std=c++11 -c -g -O2 -Wall -Wextra -Wformat -Wvla -Wformat-security -Wno-unused-parameter -Wno-self-assign -Wno-unused-local-typedef -Wno-deprecated-register -Wno-implicit-fallthrough  -DHAVE_BUILD_INFO -D__STDC_FORMAT_MACROS -isystem /opt/local/include -I/opt/local/include/db48 -I/usr/local/opt/berkeley-db@4/include -DMAC_OSX conftest.cpp >&5
conftest.cpp:48:10: error: use of undeclared identifier 'le64toh'
  (void) le64toh;
         ^
1 error generated.
configure:22974: $? = 1
configure: failed program was:
| /* confdefs.h */
| #define PACKAGE_NAME "Wcccoin Core"
| #define PACKAGE_TARNAME "wcccoin"
| #define PACKAGE_VERSION "0.15.1"
| #define PACKAGE_STRING "Wcccoin Core 0.15.1"
| #define PACKAGE_BUGREPORT "https://github.com/wcccoin-project/wcccoin/issues"
| #define PACKAGE_URL "https://wcccoin.org/"
| #define HAVE_CXX11 1
| #define STDC_HEADERS 1
| #define HAVE_SYS_TYPES_H 1
| #define HAVE_SYS_STAT_H 1
| #define HAVE_STDLIB_H 1
| #define HAVE_STRING_H 1
| #define HAVE_MEMORY_H 1
| #define HAVE_STRINGS_H 1
| #define HAVE_INTTYPES_H 1
| #define HAVE_STDINT_H 1
| #define HAVE_UNISTD_H 1
| #define HAVE_DLFCN_H 1
| #define LT_OBJDIR ".libs/"
| #define HAVE_PTHREAD_PRIO_INHERIT 1
| #define HAVE_PTHREAD 1
| #define HAVE_DECL_STRERROR_R 1
| #define HAVE_STRERROR_R 1
| #define HAVE_STDIO_H 1
| #define HAVE_STDLIB_H 1
| #define HAVE_UNISTD_H 1
| #define HAVE_STRINGS_H 1
| #define HAVE_SYS_TYPES_H 1
| #define HAVE_SYS_STAT_H 1
| #define HAVE_SYS_SELECT_H 1
| #define HAVE_DECL_STRNLEN 1
| #define HAVE_DECL_DAEMON 1
| #define HAVE_DECL_LE16TOH 0
| #define HAVE_DECL_LE32TOH 0
| /* end confdefs.h.  */
| #if HAVE_ENDIAN_H
|                  #include <endian.h>
|                  #elif HAVE_SYS_ENDIAN_H
|                  #include <sys/endian.h>
|                  #endif
| 
| int
| main ()
| {
| #ifndef le64toh
| #ifdef __cplusplus
|   (void) le64toh;
| #else
|   (void) le64toh;
| #endif
| #endif
| 
|   ;
|   return 0;
| }
configure:22974: result: no
configure:22989: checking whether htole16 is declared
configure:22989: g++ -std=c++11 -c -g -O2 -Wall -Wextra -Wformat -Wvla -Wformat-security -Wno-unused-parameter -Wno-self-assign -Wno-unused-local-typedef -Wno-deprecated-register -Wno-implicit-fallthrough  -DHAVE_BUILD_INFO -D__STDC_FORMAT_MACROS -isystem /opt/local/include -I/opt/local/include/db48 -I/usr/local/opt/berkeley-db@4/include -DMAC_OSX conftest.cpp >&5
conftest.cpp:49:10: error: use of undeclared identifier 'htole16'
  (void) htole16;
         ^
1 error generated.
configure:22989: $? = 1
configure: failed program was:
| /* confdefs.h */
| #define PACKAGE_NAME "Wcccoin Core"
| #define PACKAGE_TARNAME "wcccoin"
| #define PACKAGE_VERSION "0.15.1"
| #define PACKAGE_STRING "Wcccoin Core 0.15.1"
| #define PACKAGE_BUGREPORT "https://github.com/wcccoin-project/wcccoin/issues"
| #define PACKAGE_URL "https://wcccoin.org/"
| #define HAVE_CXX11 1
| #define STDC_HEADERS 1
| #define HAVE_SYS_TYPES_H 1
| #define HAVE_SYS_STAT_H 1
| #define HAVE_STDLIB_H 1
| #define HAVE_STRING_H 1
| #define HAVE_MEMORY_H 1
| #define HAVE_STRINGS_H 1
| #define HAVE_INTTYPES_H 1
| #define HAVE_STDINT_H 1
| #define HAVE_UNISTD_H 1
| #define HAVE_DLFCN_H 1
| #define LT_OBJDIR ".libs/"
| #define HAVE_PTHREAD_PRIO_INHERIT 1
| #define HAVE_PTHREAD 1
| #define HAVE_DECL_STRERROR_R 1
| #define HAVE_STRERROR_R 1
| #define HAVE_STDIO_H 1
| #define HAVE_STDLIB_H 1
| #define HAVE_UNISTD_H 1
| #define HAVE_STRINGS_H 1
| #define HAVE_SYS_TYPES_H 1
| #define HAVE_SYS_STAT_H 1
| #define HAVE_SYS_SELECT_H 1
| #define HAVE_DECL_STRNLEN 1
| #define HAVE_DECL_DAEMON 1
| #define HAVE_DECL_LE16TOH 0
| #define HAVE_DECL_LE32TOH 0
| #define HAVE_DECL_LE64TOH 0
| /* end confdefs.h.  */
| #if HAVE_ENDIAN_H
|                  #include <endian.h>
|                  #elif HAVE_SYS_ENDIAN_H
|                  #include <sys/endian.h>
|                  #endif
| 
| int
| main ()
| {
| #ifndef htole16
| #ifdef __cplusplus
|   (void) htole16;
| #else
|   (void) htole16;
| #endif
| #endif
| 
|   ;
|   return 0;
| }
configure:22989: result: no
configure:23004: checking whether htole32 is declared
configure:23004: g++ -std=c++11 -c -g -O2 -Wall -Wextra -Wformat -Wvla -Wformat-security -Wno-unused-parameter -Wno-self-assign -Wno-unused-local-typedef -Wno-deprecated-register -Wno-implicit-fallthrough  -DHAVE_BUILD_INFO -D__STDC_FORMAT_MACROS -isystem /opt/local/include -I/opt/local/include/db48 -I/usr/local/opt/berkeley-db@4/include -DMAC_OSX conftest.cpp >&5
conftest.cpp:50:10: error: use of undeclared identifier 'htole32'
  (void) htole32;
         ^
1 error generated.
configure:23004: $? = 1
configure: failed program was:
| /* confdefs.h */
| #define PACKAGE_NAME "Wcccoin Core"
| #define PACKAGE_TARNAME "wcccoin"
| #define PACKAGE_VERSION "0.15.1"
| #define PACKAGE_STRING "Wcccoin Core 0.15.1"
| #define PACKAGE_BUGREPORT "https://github.com/wcccoin-project/wcccoin/issues"
| #define PACKAGE_URL "https://wcccoin.org/"
| #define HAVE_CXX11 1
| #define STDC_HEADERS 1
| #define HAVE_SYS_TYPES_H 1
| #define HAVE_SYS_STAT_H 1
| #define HAVE_STDLIB_H 1
| #define HAVE_STRING_H 1
| #define HAVE_MEMORY_H 1
| #define HAVE_STRINGS_H 1
| #define HAVE_INTTYPES_H 1
| #define HAVE_STDINT_H 1
| #define HAVE_UNISTD_H 1
| #define HAVE_DLFCN_H 1
| #define LT_OBJDIR ".libs/"
| #define HAVE_PTHREAD_PRIO_INHERIT 1
| #define HAVE_PTHREAD 1
| #define HAVE_DECL_STRERROR_R 1
| #define HAVE_STRERROR_R 1
| #define HAVE_STDIO_H 1
| #define HAVE_STDLIB_H 1
| #define HAVE_UNISTD_H 1
| #define HAVE_STRINGS_H 1
| #define HAVE_SYS_TYPES_H 1
| #define HAVE_SYS_STAT_H 1
| #define HAVE_SYS_SELECT_H 1
| #define HAVE_DECL_STRNLEN 1
| #define HAVE_DECL_DAEMON 1
| #define HAVE_DECL_LE16TOH 0
| #define HAVE_DECL_LE32TOH 0
| #define HAVE_DECL_LE64TOH 0
| #define HAVE_DECL_HTOLE16 0
| /* end confdefs.h.  */
| #if HAVE_ENDIAN_H
|                  #include <endian.h>
|                  #elif HAVE_SYS_ENDIAN_H
|                  #include <sys/endian.h>
|                  #endif
| 
| int
| main ()
| {
| #ifndef htole32
| #ifdef __cplusplus
|   (void) htole32;
| #else
|   (void) htole32;
| #endif
| #endif
| 
|   ;
|   return 0;
| }
configure:23004: result: no
configure:23019: checking whether htole64 is declared
configure:23019: g++ -std=c++11 -c -g -O2 -Wall -Wextra -Wformat -Wvla -Wformat-security -Wno-unused-parameter -Wno-self-assign -Wno-unused-local-typedef -Wno-deprecated-register -Wno-implicit-fallthrough  -DHAVE_BUILD_INFO -D__STDC_FORMAT_MACROS -isystem /opt/local/include -I/opt/local/include/db48 -I/usr/local/opt/berkeley-db@4/include -DMAC_OSX conftest.cpp >&5
conftest.cpp:51:10: error: use of undeclared identifier 'htole64'
  (void) htole64;
         ^
1 error generated.
configure:23019: $? = 1
configure: failed program was:
| /* confdefs.h */
| #define PACKAGE_NAME "Wcccoin Core"
| #define PACKAGE_TARNAME "wcccoin"
| #define PACKAGE_VERSION "0.15.1"
| #define PACKAGE_STRING "Wcccoin Core 0.15.1"
| #define PACKAGE_BUGREPORT "https://github.com/wcccoin-project/wcccoin/issues"
| #define PACKAGE_URL "https://wcccoin.org/"
| #define HAVE_CXX11 1
| #define STDC_HEADERS 1
| #define HAVE_SYS_TYPES_H 1
| #define HAVE_SYS_STAT_H 1
| #define HAVE_STDLIB_H 1
| #define HAVE_STRING_H 1
| #define HAVE_MEMORY_H 1
| #define HAVE_STRINGS_H 1
| #define HAVE_INTTYPES_H 1
| #define HAVE_STDINT_H 1
| #define HAVE_UNISTD_H 1
| #define HAVE_DLFCN_H 1
| #define LT_OBJDIR ".libs/"
| #define HAVE_PTHREAD_PRIO_INHERIT 1
| #define HAVE_PTHREAD 1
| #define HAVE_DECL_STRERROR_R 1
| #define HAVE_STRERROR_R 1
| #define HAVE_STDIO_H 1
| #define HAVE_STDLIB_H 1
| #define HAVE_UNISTD_H 1
| #define HAVE_STRINGS_H 1
| #define HAVE_SYS_TYPES_H 1
| #define HAVE_SYS_STAT_H 1
| #define HAVE_SYS_SELECT_H 1
| #define HAVE_DECL_STRNLEN 1
| #define HAVE_DECL_DAEMON 1
| #define HAVE_DECL_LE16TOH 0
| #define HAVE_DECL_LE32TOH 0
| #define HAVE_DECL_LE64TOH 0
| #define HAVE_DECL_HTOLE16 0
| #define HAVE_DECL_HTOLE32 0
| /* end confdefs.h.  */
| #if HAVE_ENDIAN_H
|                  #include <endian.h>
|                  #elif HAVE_SYS_ENDIAN_H
|                  #include <sys/endian.h>
|                  #endif
| 
| int
| main ()
| {
| #ifndef htole64
| #ifdef __cplusplus
|   (void) htole64;
| #else
|   (void) htole64;
| #endif
| #endif
| 
|   ;
|   return 0;
| }
configure:23019: result: no
configure:23034: checking whether be16toh is declared
configure:23034: g++ -std=c++11 -c -g -O2 -Wall -Wextra -Wformat -Wvla -Wformat-security -Wno-unused-parameter -Wno-self-assign -Wno-unused-local-typedef -Wno-deprecated-register -Wno-implicit-fallthrough  -DHAVE_BUILD_INFO -D__STDC_FORMAT_MACROS -isystem /opt/local/include -I/opt/local/include/db48 -I/usr/local/opt/berkeley-db@4/include -DMAC_OSX conftest.cpp >&5
conftest.cpp:52:10: error: use of undeclared identifier 'be16toh'
  (void) be16toh;
         ^
1 error generated.
configure:23034: $? = 1
configure: failed program was:
| /* confdefs.h */
| #define PACKAGE_NAME "Wcccoin Core"
| #define PACKAGE_TARNAME "wcccoin"
| #define PACKAGE_VERSION "0.15.1"
| #define PACKAGE_STRING "Wcccoin Core 0.15.1"
| #define PACKAGE_BUGREPORT "https://github.com/wcccoin-project/wcccoin/issues"
| #define PACKAGE_URL "https://wcccoin.org/"
| #define HAVE_CXX11 1
| #define STDC_HEADERS 1
| #define HAVE_SYS_TYPES_H 1
| #define HAVE_SYS_STAT_H 1
| #define HAVE_STDLIB_H 1
| #define HAVE_STRING_H 1
| #define HAVE_MEMORY_H 1
| #define HAVE_STRINGS_H 1
| #define HAVE_INTTYPES_H 1
| #define HAVE_STDINT_H 1
| #define HAVE_UNISTD_H 1
| #define HAVE_DLFCN_H 1
| #define LT_OBJDIR ".libs/"
| #define HAVE_PTHREAD_PRIO_INHERIT 1
| #define HAVE_PTHREAD 1
| #define HAVE_DECL_STRERROR_R 1
| #define HAVE_STRERROR_R 1
| #define HAVE_STDIO_H 1
| #define HAVE_STDLIB_H 1
| #define HAVE_UNISTD_H 1
| #define HAVE_STRINGS_H 1
| #define HAVE_SYS_TYPES_H 1
| #define HAVE_SYS_STAT_H 1
| #define HAVE_SYS_SELECT_H 1
| #define HAVE_DECL_STRNLEN 1
| #define HAVE_DECL_DAEMON 1
| #define HAVE_DECL_LE16TOH 0
| #define HAVE_DECL_LE32TOH 0
| #define HAVE_DECL_LE64TOH 0
| #define HAVE_DECL_HTOLE16 0
| #define HAVE_DECL_HTOLE32 0
| #define HAVE_DECL_HTOLE64 0
| /* end confdefs.h.  */
| #if HAVE_ENDIAN_H
|                  #include <endian.h>
|                  #elif HAVE_SYS_ENDIAN_H
|                  #include <sys/endian.h>
|                  #endif
| 
| int
| main ()
| {
| #ifndef be16toh
| #ifdef __cplusplus
|   (void) be16toh;
| #else
|   (void) be16toh;
| #endif
| #endif
| 
|   ;
|   return 0;
| }
configure:23034: result: no
configure:23049: checking whether be32toh is declared
configure:23049: g++ -std=c++11 -c -g -O2 -Wall -Wextra -Wformat -Wvla -Wformat-security -Wno-unused-parameter -Wno-self-assign -Wno-unused-local-typedef -Wno-deprecated-register -Wno-implicit-fallthrough  -DHAVE_BUILD_INFO -D__STDC_FORMAT_MACROS -isystem /opt/local/include -I/opt/local/include/db48 -I/usr/local/opt/berkeley-db@4/include -DMAC_OSX conftest.cpp >&5
conftest.cpp:53:10: error: use of undeclared identifier 'be32toh'
  (void) be32toh;
         ^
1 error generated.
configure:23049: $? = 1
configure: failed program was:
| /* confdefs.h */
| #define PACKAGE_NAME "Wcccoin Core"
| #define PACKAGE_TARNAME "wcccoin"
| #define PACKAGE_VERSION "0.15.1"
| #define PACKAGE_STRING "Wcccoin Core 0.15.1"
| #define PACKAGE_BUGREPORT "https://github.com/wcccoin-project/wcccoin/issues"
| #define PACKAGE_URL "https://wcccoin.org/"
| #define HAVE_CXX11 1
| #define STDC_HEADERS 1
| #define HAVE_SYS_TYPES_H 1
| #define HAVE_SYS_STAT_H 1
| #define HAVE_STDLIB_H 1
| #define HAVE_STRING_H 1
| #define HAVE_MEMORY_H 1
| #define HAVE_STRINGS_H 1
| #define HAVE_INTTYPES_H 1
| #define HAVE_STDINT_H 1
| #define HAVE_UNISTD_H 1
| #define HAVE_DLFCN_H 1
| #define LT_OBJDIR ".libs/"
| #define HAVE_PTHREAD_PRIO_INHERIT 1
| #define HAVE_PTHREAD 1
| #define HAVE_DECL_STRERROR_R 1
| #define HAVE_STRERROR_R 1
| #define HAVE_STDIO_H 1
| #define HAVE_STDLIB_H 1
| #define HAVE_UNISTD_H 1
| #define HAVE_STRINGS_H 1
| #define HAVE_SYS_TYPES_H 1
| #define HAVE_SYS_STAT_H 1
| #define HAVE_SYS_SELECT_H 1
| #define HAVE_DECL_STRNLEN 1
| #define HAVE_DECL_DAEMON 1
| #define HAVE_DECL_LE16TOH 0
| #define HAVE_DECL_LE32TOH 0
| #define HAVE_DECL_LE64TOH 0
| #define HAVE_DECL_HTOLE16 0
| #define HAVE_DECL_HTOLE32 0
| #define HAVE_DECL_HTOLE64 0
| #define HAVE_DECL_BE16TOH 0
| /* end confdefs.h.  */
| #if HAVE_ENDIAN_H
|                  #include <endian.h>
|                  #elif HAVE_SYS_ENDIAN_H
|                  #include <sys/endian.h>
|                  #endif
| 
| int
| main ()
| {
| #ifndef be32toh
| #ifdef __cplusplus
|   (void) be32toh;
| #else
|   (void) be32toh;
| #endif
| #endif
| 
|   ;
|   return 0;
| }
configure:23049: result: no
configure:23064: checking whether be64toh is declared
configure:23064: g++ -std=c++11 -c -g -O2 -Wall -Wextra -Wformat -Wvla -Wformat-security -Wno-unused-parameter -Wno-self-assign -Wno-unused-local-typedef -Wno-deprecated-register -Wno-implicit-fallthrough  -DHAVE_BUILD_INFO -D__STDC_FORMAT_MACROS -isystem /opt/local/include -I/opt/local/include/db48 -I/usr/local/opt/berkeley-db@4/include -DMAC_OSX conftest.cpp >&5
conftest.cpp:54:10: error: use of undeclared identifier 'be64toh'
  (void) be64toh;
         ^
1 error generated.
configure:23064: $? = 1
configure: failed program was:
| /* confdefs.h */
| #define PACKAGE_NAME "Wcccoin Core"
| #define PACKAGE_TARNAME "wcccoin"
| #define PACKAGE_VERSION "0.15.1"
| #define PACKAGE_STRING "Wcccoin Core 0.15.1"
| #define PACKAGE_BUGREPORT "https://github.com/wcccoin-project/wcccoin/issues"
| #define PACKAGE_URL "https://wcccoin.org/"
| #define HAVE_CXX11 1
| #define STDC_HEADERS 1
| #define HAVE_SYS_TYPES_H 1
| #define HAVE_SYS_STAT_H 1
| #define HAVE_STDLIB_H 1
| #define HAVE_STRING_H 1
| #define HAVE_MEMORY_H 1
| #define HAVE_STRINGS_H 1
| #define HAVE_INTTYPES_H 1
| #define HAVE_STDINT_H 1
| #define HAVE_UNISTD_H 1
| #define HAVE_DLFCN_H 1
| #define LT_OBJDIR ".libs/"
| #define HAVE_PTHREAD_PRIO_INHERIT 1
| #define HAVE_PTHREAD 1
| #define HAVE_DECL_STRERROR_R 1
| #define HAVE_STRERROR_R 1
| #define HAVE_STDIO_H 1
| #define HAVE_STDLIB_H 1
| #define HAVE_UNISTD_H 1
| #define HAVE_STRINGS_H 1
| #define HAVE_SYS_TYPES_H 1
| #define HAVE_SYS_STAT_H 1
| #define HAVE_SYS_SELECT_H 1
| #define HAVE_DECL_STRNLEN 1
| #define HAVE_DECL_DAEMON 1
| #define HAVE_DECL_LE16TOH 0
| #define HAVE_DECL_LE32TOH 0
| #define HAVE_DECL_LE64TOH 0
| #define HAVE_DECL_HTOLE16 0
| #define HAVE_DECL_HTOLE32 0
| #define HAVE_DECL_HTOLE64 0
| #define HAVE_DECL_BE16TOH 0
| #define HAVE_DECL_BE32TOH 0
| /* end confdefs.h.  */
| #if HAVE_ENDIAN_H
|                  #include <endian.h>
|                  #elif HAVE_SYS_ENDIAN_H
|                  #include <sys/endian.h>
|                  #endif
| 
| int
| main ()
| {
| #ifndef be64toh
| #ifdef __cplusplus
|   (void) be64toh;
| #else
|   (void) be64toh;
| #endif
| #endif
| 
|   ;
|   return 0;
| }
configure:23064: result: no
configure:23079: checking whether htobe16 is declared
configure:23079: g++ -std=c++11 -c -g -O2 -Wall -Wextra -Wformat -Wvla -Wformat-security -Wno-unused-parameter -Wno-self-assign -Wno-unused-local-typedef -Wno-deprecated-register -Wno-implicit-fallthrough  -DHAVE_BUILD_INFO -D__STDC_FORMAT_MACROS -isystem /opt/local/include -I/opt/local/include/db48 -I/usr/local/opt/berkeley-db@4/include -DMAC_OSX conftest.cpp >&5
conftest.cpp:55:10: error: use of undeclared identifier 'htobe16'
  (void) htobe16;
         ^
1 error generated.
configure:23079: $? = 1
configure: failed program was:
| /* confdefs.h */
| #define PACKAGE_NAME "Wcccoin Core"
| #define PACKAGE_TARNAME "wcccoin"
| #define PACKAGE_VERSION "0.15.1"
| #define PACKAGE_STRING "Wcccoin Core 0.15.1"
| #define PACKAGE_BUGREPORT "https://github.com/wcccoin-project/wcccoin/issues"
| #define PACKAGE_URL "https://wcccoin.org/"
| #define HAVE_CXX11 1
| #define STDC_HEADERS 1
| #define HAVE_SYS_TYPES_H 1
| #define HAVE_SYS_STAT_H 1
| #define HAVE_STDLIB_H 1
| #define HAVE_STRING_H 1
| #define HAVE_MEMORY_H 1
| #define HAVE_STRINGS_H 1
| #define HAVE_INTTYPES_H 1
| #define HAVE_STDINT_H 1
| #define HAVE_UNISTD_H 1
| #define HAVE_DLFCN_H 1
| #define LT_OBJDIR ".libs/"
| #define HAVE_PTHREAD_PRIO_INHERIT 1
| #define HAVE_PTHREAD 1
| #define HAVE_DECL_STRERROR_R 1
| #define HAVE_STRERROR_R 1
| #define HAVE_STDIO_H 1
| #define HAVE_STDLIB_H 1
| #define HAVE_UNISTD_H 1
| #define HAVE_STRINGS_H 1
| #define HAVE_SYS_TYPES_H 1
| #define HAVE_SYS_STAT_H 1
| #define HAVE_SYS_SELECT_H 1
| #define HAVE_DECL_STRNLEN 1
| #define HAVE_DECL_DAEMON 1
| #define HAVE_DECL_LE16TOH 0
| #define HAVE_DECL_LE32TOH 0
| #define HAVE_DECL_LE64TOH 0
| #define HAVE_DECL_HTOLE16 0
| #define HAVE_DECL_HTOLE32 0
| #define HAVE_DECL_HTOLE64 0
| #define HAVE_DECL_BE16TOH 0
| #define HAVE_DECL_BE32TOH 0
| #define HAVE_DECL_BE64TOH 0
| /* end confdefs.h.  */
| #if HAVE_ENDIAN_H
|                  #include <endian.h>
|                  #elif HAVE_SYS_ENDIAN_H
|                  #include <sys/endian.h>
|                  #endif
| 
| int
| main ()
| {
| #ifndef htobe16
| #ifdef __cplusplus
|   (void) htobe16;
| #else
|   (void) htobe16;
| #endif
| #endif
| 
|   ;
|   return 0;
| }
configure:23079: result: no
configure:23094: checking whether htobe32 is declared
configure:23094: g++ -std=c++11 -c -g -O2 -Wall -Wextra -Wformat -Wvla -Wformat-security -Wno-unused-parameter -Wno-self-assign -Wno-unused-local-typedef -Wno-deprecated-register -Wno-implicit-fallthrough  -DHAVE_BUILD_INFO -D__STDC_FORMAT_MACROS -isystem /opt/local/include -I/opt/local/include/db48 -I/usr/local/opt/berkeley-db@4/include -DMAC_OSX conftest.cpp >&5
conftest.cpp:56:10: error: use of undeclared identifier 'htobe32'
  (void) htobe32;
         ^
1 error generated.
configure:23094: $? = 1
configure: failed program was:
| /* confdefs.h */
| #define PACKAGE_NAME "Wcccoin Core"
| #define PACKAGE_TARNAME "wcccoin"
| #define PACKAGE_VERSION "0.15.1"
| #define PACKAGE_STRING "Wcccoin Core 0.15.1"
| #define PACKAGE_BUGREPORT "https://github.com/wcccoin-project/wcccoin/issues"
| #define PACKAGE_URL "https://wcccoin.org/"
| #define HAVE_CXX11 1
| #define STDC_HEADERS 1
| #define HAVE_SYS_TYPES_H 1
| #define HAVE_SYS_STAT_H 1
| #define HAVE_STDLIB_H 1
| #define HAVE_STRING_H 1
| #define HAVE_MEMORY_H 1
| #define HAVE_STRINGS_H 1
| #define HAVE_INTTYPES_H 1
| #define HAVE_STDINT_H 1
| #define HAVE_UNISTD_H 1
| #define HAVE_DLFCN_H 1
| #define LT_OBJDIR ".libs/"
| #define HAVE_PTHREAD_PRIO_INHERIT 1
| #define HAVE_PTHREAD 1
| #define HAVE_DECL_STRERROR_R 1
| #define HAVE_STRERROR_R 1
| #define HAVE_STDIO_H 1
| #define HAVE_STDLIB_H 1
| #define HAVE_UNISTD_H 1
| #define HAVE_STRINGS_H 1
| #define HAVE_SYS_TYPES_H 1
| #define HAVE_SYS_STAT_H 1
| #define HAVE_SYS_SELECT_H 1
| #define HAVE_DECL_STRNLEN 1
| #define HAVE_DECL_DAEMON 1
| #define HAVE_DECL_LE16TOH 0
| #define HAVE_DECL_LE32TOH 0
| #define HAVE_DECL_LE64TOH 0
| #define HAVE_DECL_HTOLE16 0
| #define HAVE_DECL_HTOLE32 0
| #define HAVE_DECL_HTOLE64 0
| #define HAVE_DECL_BE16TOH 0
| #define HAVE_DECL_BE32TOH 0
| #define HAVE_DECL_BE64TOH 0
| #define HAVE_DECL_HTOBE16 0
| /* end confdefs.h.  */
| #if HAVE_ENDIAN_H
|                  #include <endian.h>
|                  #elif HAVE_SYS_ENDIAN_H
|                  #include <sys/endian.h>
|                  #endif
| 
| int
| main ()
| {
| #ifndef htobe32
| #ifdef __cplusplus
|   (void) htobe32;
| #else
|   (void) htobe32;
| #endif
| #endif
| 
|   ;
|   return 0;
| }
configure:23094: result: no
configure:23109: checking whether htobe64 is declared
configure:23109: g++ -std=c++11 -c -g -O2 -Wall -Wextra -Wformat -Wvla -Wformat-security -Wno-unused-parameter -Wno-self-assign -Wno-unused-local-typedef -Wno-deprecated-register -Wno-implicit-fallthrough  -DHAVE_BUILD_INFO -D__STDC_FORMAT_MACROS -isystem /opt/local/include -I/opt/local/include/db48 -I/usr/local/opt/berkeley-db@4/include -DMAC_OSX conftest.cpp >&5
conftest.cpp:57:10: error: use of undeclared identifier 'htobe64'
  (void) htobe64;
         ^
1 error generated.
configure:23109: $? = 1
configure: failed program was:
| /* confdefs.h */
| #define PACKAGE_NAME "Wcccoin Core"
| #define PACKAGE_TARNAME "wcccoin"
| #define PACKAGE_VERSION "0.15.1"
| #define PACKAGE_STRING "Wcccoin Core 0.15.1"
| #define PACKAGE_BUGREPORT "https://github.com/wcccoin-project/wcccoin/issues"
| #define PACKAGE_URL "https://wcccoin.org/"
| #define HAVE_CXX11 1
| #define STDC_HEADERS 1
| #define HAVE_SYS_TYPES_H 1
| #define HAVE_SYS_STAT_H 1
| #define HAVE_STDLIB_H 1
| #define HAVE_STRING_H 1
| #define HAVE_MEMORY_H 1
| #define HAVE_STRINGS_H 1
| #define HAVE_INTTYPES_H 1
| #define HAVE_STDINT_H 1
| #define HAVE_UNISTD_H 1
| #define HAVE_DLFCN_H 1
| #define LT_OBJDIR ".libs/"
| #define HAVE_PTHREAD_PRIO_INHERIT 1
| #define HAVE_PTHREAD 1
| #define HAVE_DECL_STRERROR_R 1
| #define HAVE_STRERROR_R 1
| #define HAVE_STDIO_H 1
| #define HAVE_STDLIB_H 1
| #define HAVE_UNISTD_H 1
| #define HAVE_STRINGS_H 1
| #define HAVE_SYS_TYPES_H 1
| #define HAVE_SYS_STAT_H 1
| #define HAVE_SYS_SELECT_H 1
| #define HAVE_DECL_STRNLEN 1
| #define HAVE_DECL_DAEMON 1
| #define HAVE_DECL_LE16TOH 0
| #define HAVE_DECL_LE32TOH 0
| #define HAVE_DECL_LE64TOH 0
| #define HAVE_DECL_HTOLE16 0
| #define HAVE_DECL_HTOLE32 0
| #define HAVE_DECL_HTOLE64 0
| #define HAVE_DECL_BE16TOH 0
| #define HAVE_DECL_BE32TOH 0
| #define HAVE_DECL_BE64TOH 0
| #define HAVE_DECL_HTOBE16 0
| #define HAVE_DECL_HTOBE32 0
| /* end confdefs.h.  */
| #if HAVE_ENDIAN_H
|                  #include <endian.h>
|                  #elif HAVE_SYS_ENDIAN_H
|                  #include <sys/endian.h>
|                  #endif
| 
| int
| main ()
| {
| #ifndef htobe64
| #ifdef __cplusplus
|   (void) htobe64;
| #else
|   (void) htobe64;
| #endif
| #endif
| 
|   ;
|   return 0;
| }
configure:23109: result: no
configure:23126: checking whether bswap_16 is declared
configure:23126: g++ -std=c++11 -c -g -O2 -Wall -Wextra -Wformat -Wvla -Wformat-security -Wno-unused-parameter -Wno-self-assign -Wno-unused-local-typedef -Wno-deprecated-register -Wno-implicit-fallthrough  -DHAVE_BUILD_INFO -D__STDC_FORMAT_MACROS -isystem /opt/local/include -I/opt/local/include/db48 -I/usr/local/opt/berkeley-db@4/include -DMAC_OSX conftest.cpp >&5
conftest.cpp:56:10: error: use of undeclared identifier 'bswap_16'
  (void) bswap_16;
         ^
1 error generated.
configure:23126: $? = 1
configure: failed program was:
| /* confdefs.h */
| #define PACKAGE_NAME "Wcccoin Core"
| #define PACKAGE_TARNAME "wcccoin"
| #define PACKAGE_VERSION "0.15.1"
| #define PACKAGE_STRING "Wcccoin Core 0.15.1"
| #define PACKAGE_BUGREPORT "https://github.com/wcccoin-project/wcccoin/issues"
| #define PACKAGE_URL "https://wcccoin.org/"
| #define HAVE_CXX11 1
| #define STDC_HEADERS 1
| #define HAVE_SYS_TYPES_H 1
| #define HAVE_SYS_STAT_H 1
| #define HAVE_STDLIB_H 1
| #define HAVE_STRING_H 1
| #define HAVE_MEMORY_H 1
| #define HAVE_STRINGS_H 1
| #define HAVE_INTTYPES_H 1
| #define HAVE_STDINT_H 1
| #define HAVE_UNISTD_H 1
| #define HAVE_DLFCN_H 1
| #define LT_OBJDIR ".libs/"
| #define HAVE_PTHREAD_PRIO_INHERIT 1
| #define HAVE_PTHREAD 1
| #define HAVE_DECL_STRERROR_R 1
| #define HAVE_STRERROR_R 1
| #define HAVE_STDIO_H 1
| #define HAVE_STDLIB_H 1
| #define HAVE_UNISTD_H 1
| #define HAVE_STRINGS_H 1
| #define HAVE_SYS_TYPES_H 1
| #define HAVE_SYS_STAT_H 1
| #define HAVE_SYS_SELECT_H 1
| #define HAVE_DECL_STRNLEN 1
| #define HAVE_DECL_DAEMON 1
| #define HAVE_DECL_LE16TOH 0
| #define HAVE_DECL_LE32TOH 0
| #define HAVE_DECL_LE64TOH 0
| #define HAVE_DECL_HTOLE16 0
| #define HAVE_DECL_HTOLE32 0
| #define HAVE_DECL_HTOLE64 0
| #define HAVE_DECL_BE16TOH 0
| #define HAVE_DECL_BE32TOH 0
| #define HAVE_DECL_BE64TOH 0
| #define HAVE_DECL_HTOBE16 0
| #define HAVE_DECL_HTOBE32 0
| #define HAVE_DECL_HTOBE64 0
| /* end confdefs.h.  */
| #if HAVE_BYTESWAP_H
|                  #include <byteswap.h>
|                  #endif
| 
| int
| main ()
| {
| #ifndef bswap_16
| #ifdef __cplusplus
|   (void) bswap_16;
| #else
|   (void) bswap_16;
| #endif
| #endif
| 
|   ;
|   return 0;
| }
configure:23126: result: no
configure:23139: checking whether bswap_32 is declared
configure:23139: g++ -std=c++11 -c -g -O2 -Wall -Wextra -Wformat -Wvla -Wformat-security -Wno-unused-parameter -Wno-self-assign -Wno-unused-local-typedef -Wno-deprecated-register -Wno-implicit-fallthrough  -DHAVE_BUILD_INFO -D__STDC_FORMAT_MACROS -isystem /opt/local/include -I/opt/local/include/db48 -I/usr/local/opt/berkeley-db@4/include -DMAC_OSX conftest.cpp >&5
conftest.cpp:57:10: error: use of undeclared identifier 'bswap_32'
  (void) bswap_32;
         ^
1 error generated.
configure:23139: $? = 1
configure: failed program was:
| /* confdefs.h */
| #define PACKAGE_NAME "Wcccoin Core"
| #define PACKAGE_TARNAME "wcccoin"
| #define PACKAGE_VERSION "0.15.1"
| #define PACKAGE_STRING "Wcccoin Core 0.15.1"
| #define PACKAGE_BUGREPORT "https://github.com/wcccoin-project/wcccoin/issues"
| #define PACKAGE_URL "https://wcccoin.org/"
| #define HAVE_CXX11 1
| #define STDC_HEADERS 1
| #define HAVE_SYS_TYPES_H 1
| #define HAVE_SYS_STAT_H 1
| #define HAVE_STDLIB_H 1
| #define HAVE_STRING_H 1
| #define HAVE_MEMORY_H 1
| #define HAVE_STRINGS_H 1
| #define HAVE_INTTYPES_H 1
| #define HAVE_STDINT_H 1
| #define HAVE_UNISTD_H 1
| #define HAVE_DLFCN_H 1
| #define LT_OBJDIR ".libs/"
| #define HAVE_PTHREAD_PRIO_INHERIT 1
| #define HAVE_PTHREAD 1
| #define HAVE_DECL_STRERROR_R 1
| #define HAVE_STRERROR_R 1
| #define HAVE_STDIO_H 1
| #define HAVE_STDLIB_H 1
| #define HAVE_UNISTD_H 1
| #define HAVE_STRINGS_H 1
| #define HAVE_SYS_TYPES_H 1
| #define HAVE_SYS_STAT_H 1
| #define HAVE_SYS_SELECT_H 1
| #define HAVE_DECL_STRNLEN 1
| #define HAVE_DECL_DAEMON 1
| #define HAVE_DECL_LE16TOH 0
| #define HAVE_DECL_LE32TOH 0
| #define HAVE_DECL_LE64TOH 0
| #define HAVE_DECL_HTOLE16 0
| #define HAVE_DECL_HTOLE32 0
| #define HAVE_DECL_HTOLE64 0
| #define HAVE_DECL_BE16TOH 0
| #define HAVE_DECL_BE32TOH 0
| #define HAVE_DECL_BE64TOH 0
| #define HAVE_DECL_HTOBE16 0
| #define HAVE_DECL_HTOBE32 0
| #define HAVE_DECL_HTOBE64 0
| #define HAVE_DECL_BSWAP_16 0
| /* end confdefs.h.  */
| #if HAVE_BYTESWAP_H
|                  #include <byteswap.h>
|                  #endif
| 
| int
| main ()
| {
| #ifndef bswap_32
| #ifdef __cplusplus
|   (void) bswap_32;
| #else
|   (void) bswap_32;
| #endif
| #endif
| 
|   ;
|   return 0;
| }
configure:23139: result: no
configure:23152: checking whether bswap_64 is declared
configure:23152: g++ -std=c++11 -c -g -O2 -Wall -Wextra -Wformat -Wvla -Wformat-security -Wno-unused-parameter -Wno-self-assign -Wno-unused-local-typedef -Wno-deprecated-register -Wno-implicit-fallthrough  -DHAVE_BUILD_INFO -D__STDC_FORMAT_MACROS -isystem /opt/local/include -I/opt/local/include/db48 -I/usr/local/opt/berkeley-db@4/include -DMAC_OSX conftest.cpp >&5
conftest.cpp:58:10: error: use of undeclared identifier 'bswap_64'
  (void) bswap_64;
         ^
1 error generated.
configure:23152: $? = 1
configure: failed program was:
| /* confdefs.h */
| #define PACKAGE_NAME "Wcccoin Core"
| #define PACKAGE_TARNAME "wcccoin"
| #define PACKAGE_VERSION "0.15.1"
| #define PACKAGE_STRING "Wcccoin Core 0.15.1"
| #define PACKAGE_BUGREPORT "https://github.com/wcccoin-project/wcccoin/issues"
| #define PACKAGE_URL "https://wcccoin.org/"
| #define HAVE_CXX11 1
| #define STDC_HEADERS 1
| #define HAVE_SYS_TYPES_H 1
| #define HAVE_SYS_STAT_H 1
| #define HAVE_STDLIB_H 1
| #define HAVE_STRING_H 1
| #define HAVE_MEMORY_H 1
| #define HAVE_STRINGS_H 1
| #define HAVE_INTTYPES_H 1
| #define HAVE_STDINT_H 1
| #define HAVE_UNISTD_H 1
| #define HAVE_DLFCN_H 1
| #define LT_OBJDIR ".libs/"
| #define HAVE_PTHREAD_PRIO_INHERIT 1
| #define HAVE_PTHREAD 1
| #define HAVE_DECL_STRERROR_R 1
| #define HAVE_STRERROR_R 1
| #define HAVE_STDIO_H 1
| #define HAVE_STDLIB_H 1
| #define HAVE_UNISTD_H 1
| #define HAVE_STRINGS_H 1
| #define HAVE_SYS_TYPES_H 1
| #define HAVE_SYS_STAT_H 1
| #define HAVE_SYS_SELECT_H 1
| #define HAVE_DECL_STRNLEN 1
| #define HAVE_DECL_DAEMON 1
| #define HAVE_DECL_LE16TOH 0
| #define HAVE_DECL_LE32TOH 0
| #define HAVE_DECL_LE64TOH 0
| #define HAVE_DECL_HTOLE16 0
| #define HAVE_DECL_HTOLE32 0
| #define HAVE_DECL_HTOLE64 0
| #define HAVE_DECL_BE16TOH 0
| #define HAVE_DECL_BE32TOH 0
| #define HAVE_DECL_BE64TOH 0
| #define HAVE_DECL_HTOBE16 0
| #define HAVE_DECL_HTOBE32 0
| #define HAVE_DECL_HTOBE64 0
| #define HAVE_DECL_BSWAP_16 0
| #define HAVE_DECL_BSWAP_32 0
| /* end confdefs.h.  */
| #if HAVE_BYTESWAP_H
|                  #include <byteswap.h>
|                  #endif
| 
| int
| main ()
| {
| #ifndef bswap_64
| #ifdef __cplusplus
|   (void) bswap_64;
| #else
|   (void) bswap_64;
| #endif
| #endif
| 
|   ;
|   return 0;
| }
configure:23152: result: no
configure:23167: checking whether __builtin_clz is declared
configure:23167: g++ -std=c++11 -c -g -O2 -Wall -Wextra -Wformat -Wvla -Wformat-security -Wno-unused-parameter -Wno-self-assign -Wno-unused-local-typedef -Wno-deprecated-register -Wno-implicit-fallthrough  -DHAVE_BUILD_INFO -D__STDC_FORMAT_MACROS -isystem /opt/local/include -I/opt/local/include/db48 -I/usr/local/opt/berkeley-db@4/include -DMAC_OSX conftest.cpp >&5
conftest.cpp:88:10: error: builtin functions must be directly called
  (void) __builtin_clz;
         ^
1 error generated.
configure:23167: $? = 1
configure: failed program was:
| /* confdefs.h */
| #define PACKAGE_NAME "Wcccoin Core"
| #define PACKAGE_TARNAME "wcccoin"
| #define PACKAGE_VERSION "0.15.1"
| #define PACKAGE_STRING "Wcccoin Core 0.15.1"
| #define PACKAGE_BUGREPORT "https://github.com/wcccoin-project/wcccoin/issues"
| #define PACKAGE_URL "https://wcccoin.org/"
| #define HAVE_CXX11 1
| #define STDC_HEADERS 1
| #define HAVE_SYS_TYPES_H 1
| #define HAVE_SYS_STAT_H 1
| #define HAVE_STDLIB_H 1
| #define HAVE_STRING_H 1
| #define HAVE_MEMORY_H 1
| #define HAVE_STRINGS_H 1
| #define HAVE_INTTYPES_H 1
| #define HAVE_STDINT_H 1
| #define HAVE_UNISTD_H 1
| #define HAVE_DLFCN_H 1
| #define LT_OBJDIR ".libs/"
| #define HAVE_PTHREAD_PRIO_INHERIT 1
| #define HAVE_PTHREAD 1
| #define HAVE_DECL_STRERROR_R 1
| #define HAVE_STRERROR_R 1
| #define HAVE_STDIO_H 1
| #define HAVE_STDLIB_H 1
| #define HAVE_UNISTD_H 1
| #define HAVE_STRINGS_H 1
| #define HAVE_SYS_TYPES_H 1
| #define HAVE_SYS_STAT_H 1
| #define HAVE_SYS_SELECT_H 1
| #define HAVE_DECL_STRNLEN 1
| #define HAVE_DECL_DAEMON 1
| #define HAVE_DECL_LE16TOH 0
| #define HAVE_DECL_LE32TOH 0
| #define HAVE_DECL_LE64TOH 0
| #define HAVE_DECL_HTOLE16 0
| #define HAVE_DECL_HTOLE32 0
| #define HAVE_DECL_HTOLE64 0
| #define HAVE_DECL_BE16TOH 0
| #define HAVE_DECL_BE32TOH 0
| #define HAVE_DECL_BE64TOH 0
| #define HAVE_DECL_HTOBE16 0
| #define HAVE_DECL_HTOBE32 0
| #define HAVE_DECL_HTOBE64 0
| #define HAVE_DECL_BSWAP_16 0
| #define HAVE_DECL_BSWAP_32 0
| #define HAVE_DECL_BSWAP_64 0
| /* end confdefs.h.  */
| #include <stdio.h>
| #ifdef HAVE_SYS_TYPES_H
| # include <sys/types.h>
| #endif
| #ifdef HAVE_SYS_STAT_H
| # include <sys/stat.h>
| #endif
| #ifdef STDC_HEADERS
| # include <stdlib.h>
| # include <stddef.h>
| #else
| # ifdef HAVE_STDLIB_H
| #  include <stdlib.h>
| # endif
| #endif
| #ifdef HAVE_STRING_H
| # if !defined STDC_HEADERS && defined HAVE_MEMORY_H
| #  include <memory.h>
| # endif
| # include <string.h>
| #endif
| #ifdef HAVE_STRINGS_H
| # include <strings.h>
| #endif
| #ifdef HAVE_INTTYPES_H
| # include <inttypes.h>
| #endif
| #ifdef HAVE_STDINT_H
| # include <stdint.h>
| #endif
| #ifdef HAVE_UNISTD_H
| # include <unistd.h>
| #endif
| int
| main ()
| {
| #ifndef __builtin_clz
| #ifdef __cplusplus
|   (void) __builtin_clz;
| #else
|   (void) __builtin_clz;
| #endif
| #endif
| 
|   ;
|   return 0;
| }
configure:23167: result: no
configure:23177: checking whether __builtin_clzl is declared
configure:23177: g++ -std=c++11 -c -g -O2 -Wall -Wextra -Wformat -Wvla -Wformat-security -Wno-unused-parameter -Wno-self-assign -Wno-unused-local-typedef -Wno-deprecated-register -Wno-implicit-fallthrough  -DHAVE_BUILD_INFO -D__STDC_FORMAT_MACROS -isystem /opt/local/include -I/opt/local/include/db48 -I/usr/local/opt/berkeley-db@4/include -DMAC_OSX conftest.cpp >&5
conftest.cpp:89:10: error: builtin functions must be directly called
  (void) __builtin_clzl;
         ^
1 error generated.
configure:23177: $? = 1
configure: failed program was:
| /* confdefs.h */
| #define PACKAGE_NAME "Wcccoin Core"
| #define PACKAGE_TARNAME "wcccoin"
| #define PACKAGE_VERSION "0.15.1"
| #define PACKAGE_STRING "Wcccoin Core 0.15.1"
| #define PACKAGE_BUGREPORT "https://github.com/wcccoin-project/wcccoin/issues"
| #define PACKAGE_URL "https://wcccoin.org/"
| #define HAVE_CXX11 1
| #define STDC_HEADERS 1
| #define HAVE_SYS_TYPES_H 1
| #define HAVE_SYS_STAT_H 1
| #define HAVE_STDLIB_H 1
| #define HAVE_STRING_H 1
| #define HAVE_MEMORY_H 1
| #define HAVE_STRINGS_H 1
| #define HAVE_INTTYPES_H 1
| #define HAVE_STDINT_H 1
| #define HAVE_UNISTD_H 1
| #define HAVE_DLFCN_H 1
| #define LT_OBJDIR ".libs/"
| #define HAVE_PTHREAD_PRIO_INHERIT 1
| #define HAVE_PTHREAD 1
| #define HAVE_DECL_STRERROR_R 1
| #define HAVE_STRERROR_R 1
| #define HAVE_STDIO_H 1
| #define HAVE_STDLIB_H 1
| #define HAVE_UNISTD_H 1
| #define HAVE_STRINGS_H 1
| #define HAVE_SYS_TYPES_H 1
| #define HAVE_SYS_STAT_H 1
| #define HAVE_SYS_SELECT_H 1
| #define HAVE_DECL_STRNLEN 1
| #define HAVE_DECL_DAEMON 1
| #define HAVE_DECL_LE16TOH 0
| #define HAVE_DECL_LE32TOH 0
| #define HAVE_DECL_LE64TOH 0
| #define HAVE_DECL_HTOLE16 0
| #define HAVE_DECL_HTOLE32 0
| #define HAVE_DECL_HTOLE64 0
| #define HAVE_DECL_BE16TOH 0
| #define HAVE_DECL_BE32TOH 0
| #define HAVE_DECL_BE64TOH 0
| #define HAVE_DECL_HTOBE16 0
| #define HAVE_DECL_HTOBE32 0
| #define HAVE_DECL_HTOBE64 0
| #define HAVE_DECL_BSWAP_16 0
| #define HAVE_DECL_BSWAP_32 0
| #define HAVE_DECL_BSWAP_64 0
| #define HAVE_DECL___BUILTIN_CLZ 0
| /* end confdefs.h.  */
| #include <stdio.h>
| #ifdef HAVE_SYS_TYPES_H
| # include <sys/types.h>
| #endif
| #ifdef HAVE_SYS_STAT_H
| # include <sys/stat.h>
| #endif
| #ifdef STDC_HEADERS
| # include <stdlib.h>
| # include <stddef.h>
| #else
| # ifdef HAVE_STDLIB_H
| #  include <stdlib.h>
| # endif
| #endif
| #ifdef HAVE_STRING_H
| # if !defined STDC_HEADERS && defined HAVE_MEMORY_H
| #  include <memory.h>
| # endif
| # include <string.h>
| #endif
| #ifdef HAVE_STRINGS_H
| # include <strings.h>
| #endif
| #ifdef HAVE_INTTYPES_H
| # include <inttypes.h>
| #endif
| #ifdef HAVE_STDINT_H
| # include <stdint.h>
| #endif
| #ifdef HAVE_UNISTD_H
| # include <unistd.h>
| #endif
| int
| main ()
| {
| #ifndef __builtin_clzl
| #ifdef __cplusplus
|   (void) __builtin_clzl;
| #else
|   (void) __builtin_clzl;
| #endif
| #endif
| 
|   ;
|   return 0;
| }
configure:23177: result: no
configure:23187: checking whether __builtin_clzll is declared
configure:23187: g++ -std=c++11 -c -g -O2 -Wall -Wextra -Wformat -Wvla -Wformat-security -Wno-unused-parameter -Wno-self-assign -Wno-unused-local-typedef -Wno-deprecated-register -Wno-implicit-fallthrough  -DHAVE_BUILD_INFO -D__STDC_FORMAT_MACROS -isystem /opt/local/include -I/opt/local/include/db48 -I/usr/local/opt/berkeley-db@4/include -DMAC_OSX conftest.cpp >&5
conftest.cpp:90:10: error: builtin functions must be directly called
  (void) __builtin_clzll;
         ^
1 error generated.
configure:23187: $? = 1
configure: failed program was:
| /* confdefs.h */
| #define PACKAGE_NAME "Wcccoin Core"
| #define PACKAGE_TARNAME "wcccoin"
| #define PACKAGE_VERSION "0.15.1"
| #define PACKAGE_STRING "Wcccoin Core 0.15.1"
| #define PACKAGE_BUGREPORT "https://github.com/wcccoin-project/wcccoin/issues"
| #define PACKAGE_URL "https://wcccoin.org/"
| #define HAVE_CXX11 1
| #define STDC_HEADERS 1
| #define HAVE_SYS_TYPES_H 1
| #define HAVE_SYS_STAT_H 1
| #define HAVE_STDLIB_H 1
| #define HAVE_STRING_H 1
| #define HAVE_MEMORY_H 1
| #define HAVE_STRINGS_H 1
| #define HAVE_INTTYPES_H 1
| #define HAVE_STDINT_H 1
| #define HAVE_UNISTD_H 1
| #define HAVE_DLFCN_H 1
| #define LT_OBJDIR ".libs/"
| #define HAVE_PTHREAD_PRIO_INHERIT 1
| #define HAVE_PTHREAD 1
| #define HAVE_DECL_STRERROR_R 1
| #define HAVE_STRERROR_R 1
| #define HAVE_STDIO_H 1
| #define HAVE_STDLIB_H 1
| #define HAVE_UNISTD_H 1
| #define HAVE_STRINGS_H 1
| #define HAVE_SYS_TYPES_H 1
| #define HAVE_SYS_STAT_H 1
| #define HAVE_SYS_SELECT_H 1
| #define HAVE_DECL_STRNLEN 1
| #define HAVE_DECL_DAEMON 1
| #define HAVE_DECL_LE16TOH 0
| #define HAVE_DECL_LE32TOH 0
| #define HAVE_DECL_LE64TOH 0
| #define HAVE_DECL_HTOLE16 0
| #define HAVE_DECL_HTOLE32 0
| #define HAVE_DECL_HTOLE64 0
| #define HAVE_DECL_BE16TOH 0
| #define HAVE_DECL_BE32TOH 0
| #define HAVE_DECL_BE64TOH 0
| #define HAVE_DECL_HTOBE16 0
| #define HAVE_DECL_HTOBE32 0
| #define HAVE_DECL_HTOBE64 0
| #define HAVE_DECL_BSWAP_16 0
| #define HAVE_DECL_BSWAP_32 0
| #define HAVE_DECL_BSWAP_64 0
| #define HAVE_DECL___BUILTIN_CLZ 0
| #define HAVE_DECL___BUILTIN_CLZL 0
| /* end confdefs.h.  */
| #include <stdio.h>
| #ifdef HAVE_SYS_TYPES_H
| # include <sys/types.h>
| #endif
| #ifdef HAVE_SYS_STAT_H
| # include <sys/stat.h>
| #endif
| #ifdef STDC_HEADERS
| # include <stdlib.h>
| # include <stddef.h>
| #else
| # ifdef HAVE_STDLIB_H
| #  include <stdlib.h>
| # endif
| #endif
| #ifdef HAVE_STRING_H
| # if !defined STDC_HEADERS && defined HAVE_MEMORY_H
| #  include <memory.h>
| # endif
| # include <string.h>
| #endif
| #ifdef HAVE_STRINGS_H
| # include <strings.h>
| #endif
| #ifdef HAVE_INTTYPES_H
| # include <inttypes.h>
| #endif
| #ifdef HAVE_STDINT_H
| # include <stdint.h>
| #endif
| #ifdef HAVE_UNISTD_H
| # include <unistd.h>
| #endif
| int
| main ()
| {
| #ifndef __builtin_clzll
| #ifdef __cplusplus
|   (void) __builtin_clzll;
| #else
|   (void) __builtin_clzll;
| #endif
| #endif
| 
|   ;
|   return 0;
| }
configure:23187: result: no
configure:23199: checking for MSG_NOSIGNAL
configure:23212: g++ -std=c++11 -c -g -O2 -Wall -Wextra -Wformat -Wvla -Wformat-security -Wno-unused-parameter -Wno-self-assign -Wno-unused-local-typedef -Wno-deprecated-register -Wno-implicit-fallthrough  -DHAVE_BUILD_INFO -D__STDC_FORMAT_MACROS -isystem /opt/local/include -I/opt/local/include/db48 -I/usr/local/opt/berkeley-db@4/include -DMAC_OSX conftest.cpp >&5
conftest.cpp:57:10: error: use of undeclared identifier 'MSG_NOSIGNAL'
 int f = MSG_NOSIGNAL;
         ^
1 error generated.
configure:23212: $? = 1
configure: failed program was:
| /* confdefs.h */
| #define PACKAGE_NAME "Wcccoin Core"
| #define PACKAGE_TARNAME "wcccoin"
| #define PACKAGE_VERSION "0.15.1"
| #define PACKAGE_STRING "Wcccoin Core 0.15.1"
| #define PACKAGE_BUGREPORT "https://github.com/wcccoin-project/wcccoin/issues"
| #define PACKAGE_URL "https://wcccoin.org/"
| #define HAVE_CXX11 1
| #define STDC_HEADERS 1
| #define HAVE_SYS_TYPES_H 1
| #define HAVE_SYS_STAT_H 1
| #define HAVE_STDLIB_H 1
| #define HAVE_STRING_H 1
| #define HAVE_MEMORY_H 1
| #define HAVE_STRINGS_H 1
| #define HAVE_INTTYPES_H 1
| #define HAVE_STDINT_H 1
| #define HAVE_UNISTD_H 1
| #define HAVE_DLFCN_H 1
| #define LT_OBJDIR ".libs/"
| #define HAVE_PTHREAD_PRIO_INHERIT 1
| #define HAVE_PTHREAD 1
| #define HAVE_DECL_STRERROR_R 1
| #define HAVE_STRERROR_R 1
| #define HAVE_STDIO_H 1
| #define HAVE_STDLIB_H 1
| #define HAVE_UNISTD_H 1
| #define HAVE_STRINGS_H 1
| #define HAVE_SYS_TYPES_H 1
| #define HAVE_SYS_STAT_H 1
| #define HAVE_SYS_SELECT_H 1
| #define HAVE_DECL_STRNLEN 1
| #define HAVE_DECL_DAEMON 1
| #define HAVE_DECL_LE16TOH 0
| #define HAVE_DECL_LE32TOH 0
| #define HAVE_DECL_LE64TOH 0
| #define HAVE_DECL_HTOLE16 0
| #define HAVE_DECL_HTOLE32 0
| #define HAVE_DECL_HTOLE64 0
| #define HAVE_DECL_BE16TOH 0
| #define HAVE_DECL_BE32TOH 0
| #define HAVE_DECL_BE64TOH 0
| #define HAVE_DECL_HTOBE16 0
| #define HAVE_DECL_HTOBE32 0
| #define HAVE_DECL_HTOBE64 0
| #define HAVE_DECL_BSWAP_16 0
| #define HAVE_DECL_BSWAP_32 0
| #define HAVE_DECL_BSWAP_64 0
| #define HAVE_DECL___BUILTIN_CLZ 0
| #define HAVE_DECL___BUILTIN_CLZL 0
| #define HAVE_DECL___BUILTIN_CLZLL 0
| /* end confdefs.h.  */
| #include <sys/socket.h>
| int
| main ()
| {
|  int f = MSG_NOSIGNAL;
|   ;
|   return 0;
| }
configure:23218: result: no
configure:23224: checking for MSG_DONTWAIT
configure:23237: g++ -std=c++11 -c -g -O2 -Wall -Wextra -Wformat -Wvla -Wformat-security -Wno-unused-parameter -Wno-self-assign -Wno-unused-local-typedef -Wno-deprecated-register -Wno-implicit-fallthrough  -DHAVE_BUILD_INFO -D__STDC_FORMAT_MACROS -isystem /opt/local/include -I/opt/local/include/db48 -I/usr/local/opt/berkeley-db@4/include -DMAC_OSX conftest.cpp >&5
conftest.cpp:57:6: warning: unused variable 'f' [-Wunused-variable]
 int f = MSG_DONTWAIT;
     ^
1 warning generated.
configure:23237: $? = 0
configure:23238: result: yes
configure:23249: checking for getmemoryinfo
configure:23262: g++ -std=c++11 -c -g -O2 -Wall -Wextra -Wformat -Wvla -Wformat-security -Wno-unused-parameter -Wno-self-assign -Wno-unused-local-typedef -Wno-deprecated-register -Wno-implicit-fallthrough  -DHAVE_BUILD_INFO -D__STDC_FORMAT_MACROS -isystem /opt/local/include -I/opt/local/include/db48 -I/usr/local/opt/berkeley-db@4/include -DMAC_OSX conftest.cpp >&5
conftest.cpp:54:10: fatal error: 'malloc.h' file not found
#include <malloc.h>
         ^~~~~~~~~~
1 error generated.
configure:23262: $? = 1
configure: failed program was:
| /* confdefs.h */
| #define PACKAGE_NAME "Wcccoin Core"
| #define PACKAGE_TARNAME "wcccoin"
| #define PACKAGE_VERSION "0.15.1"
| #define PACKAGE_STRING "Wcccoin Core 0.15.1"
| #define PACKAGE_BUGREPORT "https://github.com/wcccoin-project/wcccoin/issues"
| #define PACKAGE_URL "https://wcccoin.org/"
| #define HAVE_CXX11 1
| #define STDC_HEADERS 1
| #define HAVE_SYS_TYPES_H 1
| #define HAVE_SYS_STAT_H 1
| #define HAVE_STDLIB_H 1
| #define HAVE_STRING_H 1
| #define HAVE_MEMORY_H 1
| #define HAVE_STRINGS_H 1
| #define HAVE_INTTYPES_H 1
| #define HAVE_STDINT_H 1
| #define HAVE_UNISTD_H 1
| #define HAVE_DLFCN_H 1
| #define LT_OBJDIR ".libs/"
| #define HAVE_PTHREAD_PRIO_INHERIT 1
| #define HAVE_PTHREAD 1
| #define HAVE_DECL_STRERROR_R 1
| #define HAVE_STRERROR_R 1
| #define HAVE_STDIO_H 1
| #define HAVE_STDLIB_H 1
| #define HAVE_UNISTD_H 1
| #define HAVE_STRINGS_H 1
| #define HAVE_SYS_TYPES_H 1
| #define HAVE_SYS_STAT_H 1
| #define HAVE_SYS_SELECT_H 1
| #define HAVE_DECL_STRNLEN 1
| #define HAVE_DECL_DAEMON 1
| #define HAVE_DECL_LE16TOH 0
| #define HAVE_DECL_LE32TOH 0
| #define HAVE_DECL_LE64TOH 0
| #define HAVE_DECL_HTOLE16 0
| #define HAVE_DECL_HTOLE32 0
| #define HAVE_DECL_HTOLE64 0
| #define HAVE_DECL_BE16TOH 0
| #define HAVE_DECL_BE32TOH 0
| #define HAVE_DECL_BE64TOH 0
| #define HAVE_DECL_HTOBE16 0
| #define HAVE_DECL_HTOBE32 0
| #define HAVE_DECL_HTOBE64 0
| #define HAVE_DECL_BSWAP_16 0
| #define HAVE_DECL_BSWAP_32 0
| #define HAVE_DECL_BSWAP_64 0
| #define HAVE_DECL___BUILTIN_CLZ 0
| #define HAVE_DECL___BUILTIN_CLZL 0
| #define HAVE_DECL___BUILTIN_CLZLL 0
| #define HAVE_MSG_DONTWAIT 1
| /* end confdefs.h.  */
| #include <malloc.h>
| int
| main ()
| {
|  int f = malloc_info(0, NULL);
|   ;
|   return 0;
| }
configure:23268: result: no
configure:23274: checking for mallopt M_ARENA_MAX
configure:23287: g++ -std=c++11 -c -g -O2 -Wall -Wextra -Wformat -Wvla -Wformat-security -Wno-unused-parameter -Wno-self-assign -Wno-unused-local-typedef -Wno-deprecated-register -Wno-implicit-fallthrough  -DHAVE_BUILD_INFO -D__STDC_FORMAT_MACROS -isystem /opt/local/include -I/opt/local/include/db48 -I/usr/local/opt/berkeley-db@4/include -DMAC_OSX conftest.cpp >&5
conftest.cpp:54:10: fatal error: 'malloc.h' file not found
#include <malloc.h>
         ^~~~~~~~~~
1 error generated.
configure:23287: $? = 1
configure: failed program was:
| /* confdefs.h */
| #define PACKAGE_NAME "Wcccoin Core"
| #define PACKAGE_TARNAME "wcccoin"
| #define PACKAGE_VERSION "0.15.1"
| #define PACKAGE_STRING "Wcccoin Core 0.15.1"
| #define PACKAGE_BUGREPORT "https://github.com/wcccoin-project/wcccoin/issues"
| #define PACKAGE_URL "https://wcccoin.org/"
| #define HAVE_CXX11 1
| #define STDC_HEADERS 1
| #define HAVE_SYS_TYPES_H 1
| #define HAVE_SYS_STAT_H 1
| #define HAVE_STDLIB_H 1
| #define HAVE_STRING_H 1
| #define HAVE_MEMORY_H 1
| #define HAVE_STRINGS_H 1
| #define HAVE_INTTYPES_H 1
| #define HAVE_STDINT_H 1
| #define HAVE_UNISTD_H 1
| #define HAVE_DLFCN_H 1
| #define LT_OBJDIR ".libs/"
| #define HAVE_PTHREAD_PRIO_INHERIT 1
| #define HAVE_PTHREAD 1
| #define HAVE_DECL_STRERROR_R 1
| #define HAVE_STRERROR_R 1
| #define HAVE_STDIO_H 1
| #define HAVE_STDLIB_H 1
| #define HAVE_UNISTD_H 1
| #define HAVE_STRINGS_H 1
| #define HAVE_SYS_TYPES_H 1
| #define HAVE_SYS_STAT_H 1
| #define HAVE_SYS_SELECT_H 1
| #define HAVE_DECL_STRNLEN 1
| #define HAVE_DECL_DAEMON 1
| #define HAVE_DECL_LE16TOH 0
| #define HAVE_DECL_LE32TOH 0
| #define HAVE_DECL_LE64TOH 0
| #define HAVE_DECL_HTOLE16 0
| #define HAVE_DECL_HTOLE32 0
| #define HAVE_DECL_HTOLE64 0
| #define HAVE_DECL_BE16TOH 0
| #define HAVE_DECL_BE32TOH 0
| #define HAVE_DECL_BE64TOH 0
| #define HAVE_DECL_HTOBE16 0
| #define HAVE_DECL_HTOBE32 0
| #define HAVE_DECL_HTOBE64 0
| #define HAVE_DECL_BSWAP_16 0
| #define HAVE_DECL_BSWAP_32 0
| #define HAVE_DECL_BSWAP_64 0
| #define HAVE_DECL___BUILTIN_CLZ 0
| #define HAVE_DECL___BUILTIN_CLZL 0
| #define HAVE_DECL___BUILTIN_CLZLL 0
| #define HAVE_MSG_DONTWAIT 1
| /* end confdefs.h.  */
| #include <malloc.h>
| int
| main ()
| {
|  mallopt(M_ARENA_MAX, 1);
|   ;
|   return 0;
| }
configure:23293: result: no
configure:23299: checking for visibility attribute
configure:23308: g++ -std=c++11 -o conftest -g -O2 -Wall -Wextra -Wformat -Wvla -Wformat-security -Wno-unused-parameter -Wno-self-assign -Wno-unused-local-typedef -Wno-deprecated-register -Wno-implicit-fallthrough  -DHAVE_BUILD_INFO -D__STDC_FORMAT_MACROS -isystem /opt/local/include -I/opt/local/include/db48 -I/usr/local/opt/berkeley-db@4/include -DMAC_OSX  -Wl,-headerpad_max_install_names -Wl,-dead_strip conftest.cpp  -L/opt/local/lib -L/opt/local/lib/db48 -L/usr/local/opt/berkeley-db@4/lib >&5
configure:23308: $? = 0
configure:23313: result: yes
configure:23330: checking for Linux getrandom syscall
configure:23345: g++ -std=c++11 -c -g -O2 -Wall -Wextra -Wformat -Wvla -Wformat-security -Wno-unused-parameter -Wno-self-assign -Wno-unused-local-typedef -Wno-deprecated-register -Wno-implicit-fallthrough  -DHAVE_BUILD_INFO -D__STDC_FORMAT_MACROS -isystem /opt/local/include -I/opt/local/include/db48 -I/usr/local/opt/berkeley-db@4/include -DMAC_OSX conftest.cpp >&5
conftest.cpp:57:12: fatal error: 'linux/random.h' file not found
  #include <linux/random.h>
           ^~~~~~~~~~~~~~~~
1 error generated.
configure:23345: $? = 1
configure: failed program was:
| /* confdefs.h */
| #define PACKAGE_NAME "Wcccoin Core"
| #define PACKAGE_TARNAME "wcccoin"
| #define PACKAGE_VERSION "0.15.1"
| #define PACKAGE_STRING "Wcccoin Core 0.15.1"
| #define PACKAGE_BUGREPORT "https://github.com/wcccoin-project/wcccoin/issues"
| #define PACKAGE_URL "https://wcccoin.org/"
| #define HAVE_CXX11 1
| #define STDC_HEADERS 1
| #define HAVE_SYS_TYPES_H 1
| #define HAVE_SYS_STAT_H 1
| #define HAVE_STDLIB_H 1
| #define HAVE_STRING_H 1
| #define HAVE_MEMORY_H 1
| #define HAVE_STRINGS_H 1
| #define HAVE_INTTYPES_H 1
| #define HAVE_STDINT_H 1
| #define HAVE_UNISTD_H 1
| #define HAVE_DLFCN_H 1
| #define LT_OBJDIR ".libs/"
| #define HAVE_PTHREAD_PRIO_INHERIT 1
| #define HAVE_PTHREAD 1
| #define HAVE_DECL_STRERROR_R 1
| #define HAVE_STRERROR_R 1
| #define HAVE_STDIO_H 1
| #define HAVE_STDLIB_H 1
| #define HAVE_UNISTD_H 1
| #define HAVE_STRINGS_H 1
| #define HAVE_SYS_TYPES_H 1
| #define HAVE_SYS_STAT_H 1
| #define HAVE_SYS_SELECT_H 1
| #define HAVE_DECL_STRNLEN 1
| #define HAVE_DECL_DAEMON 1
| #define HAVE_DECL_LE16TOH 0
| #define HAVE_DECL_LE32TOH 0
| #define HAVE_DECL_LE64TOH 0
| #define HAVE_DECL_HTOLE16 0
| #define HAVE_DECL_HTOLE32 0
| #define HAVE_DECL_HTOLE64 0
| #define HAVE_DECL_BE16TOH 0
| #define HAVE_DECL_BE32TOH 0
| #define HAVE_DECL_BE64TOH 0
| #define HAVE_DECL_HTOBE16 0
| #define HAVE_DECL_HTOBE32 0
| #define HAVE_DECL_HTOBE64 0
| #define HAVE_DECL_BSWAP_16 0
| #define HAVE_DECL_BSWAP_32 0
| #define HAVE_DECL_BSWAP_64 0
| #define HAVE_DECL___BUILTIN_CLZ 0
| #define HAVE_DECL___BUILTIN_CLZL 0
| #define HAVE_DECL___BUILTIN_CLZLL 0
| #define HAVE_MSG_DONTWAIT 1
| #define HAVE_VISIBILITY_ATTRIBUTE 1
| /* end confdefs.h.  */
| #include <unistd.h>
|   #include <sys/syscall.h>
|   #include <linux/random.h>
| int
| main ()
| {
|  syscall(SYS_getrandom, nullptr, 32, 0);
|   ;
|   return 0;
| }
configure:23351: result: no
configure:23357: checking for getentropy
configure:23370: g++ -std=c++11 -c -g -O2 -Wall -Wextra -Wformat -Wvla -Wformat-security -Wno-unused-parameter -Wno-self-assign -Wno-unused-local-typedef -Wno-deprecated-register -Wno-implicit-fallthrough  -DHAVE_BUILD_INFO -D__STDC_FORMAT_MACROS -isystem /opt/local/include -I/opt/local/include/db48 -I/usr/local/opt/berkeley-db@4/include -DMAC_OSX conftest.cpp >&5
conftest.cpp:59:2: error: use of undeclared identifier 'getentropy'
 getentropy(nullptr, 32)
 ^
1 error generated.
configure:23370: $? = 1
configure: failed program was:
| /* confdefs.h */
| #define PACKAGE_NAME "Wcccoin Core"
| #define PACKAGE_TARNAME "wcccoin"
| #define PACKAGE_VERSION "0.15.1"
| #define PACKAGE_STRING "Wcccoin Core 0.15.1"
| #define PACKAGE_BUGREPORT "https://github.com/wcccoin-project/wcccoin/issues"
| #define PACKAGE_URL "https://wcccoin.org/"
| #define HAVE_CXX11 1
| #define STDC_HEADERS 1
| #define HAVE_SYS_TYPES_H 1
| #define HAVE_SYS_STAT_H 1
| #define HAVE_STDLIB_H 1
| #define HAVE_STRING_H 1
| #define HAVE_MEMORY_H 1
| #define HAVE_STRINGS_H 1
| #define HAVE_INTTYPES_H 1
| #define HAVE_STDINT_H 1
| #define HAVE_UNISTD_H 1
| #define HAVE_DLFCN_H 1
| #define LT_OBJDIR ".libs/"
| #define HAVE_PTHREAD_PRIO_INHERIT 1
| #define HAVE_PTHREAD 1
| #define HAVE_DECL_STRERROR_R 1
| #define HAVE_STRERROR_R 1
| #define HAVE_STDIO_H 1
| #define HAVE_STDLIB_H 1
| #define HAVE_UNISTD_H 1
| #define HAVE_STRINGS_H 1
| #define HAVE_SYS_TYPES_H 1
| #define HAVE_SYS_STAT_H 1
| #define HAVE_SYS_SELECT_H 1
| #define HAVE_DECL_STRNLEN 1
| #define HAVE_DECL_DAEMON 1
| #define HAVE_DECL_LE16TOH 0
| #define HAVE_DECL_LE32TOH 0
| #define HAVE_DECL_LE64TOH 0
| #define HAVE_DECL_HTOLE16 0
| #define HAVE_DECL_HTOLE32 0
| #define HAVE_DECL_HTOLE64 0
| #define HAVE_DECL_BE16TOH 0
| #define HAVE_DECL_BE32TOH 0
| #define HAVE_DECL_BE64TOH 0
| #define HAVE_DECL_HTOBE16 0
| #define HAVE_DECL_HTOBE32 0
| #define HAVE_DECL_HTOBE64 0
| #define HAVE_DECL_BSWAP_16 0
| #define HAVE_DECL_BSWAP_32 0
| #define HAVE_DECL_BSWAP_64 0
| #define HAVE_DECL___BUILTIN_CLZ 0
| #define HAVE_DECL___BUILTIN_CLZL 0
| #define HAVE_DECL___BUILTIN_CLZLL 0
| #define HAVE_MSG_DONTWAIT 1
| #define HAVE_VISIBILITY_ATTRIBUTE 1
| /* end confdefs.h.  */
| #include <unistd.h>
| int
| main ()
| {
|  getentropy(nullptr, 32)
|   ;
|   return 0;
| }
configure:23376: result: no
configure:23382: checking for getentropy via random.h
configure:23396: g++ -std=c++11 -c -g -O2 -Wall -Wextra -Wformat -Wvla -Wformat-security -Wno-unused-parameter -Wno-self-assign -Wno-unused-local-typedef -Wno-deprecated-register -Wno-implicit-fallthrough  -DHAVE_BUILD_INFO -D__STDC_FORMAT_MACROS -isystem /opt/local/include -I/opt/local/include/db48 -I/usr/local/opt/berkeley-db@4/include -DMAC_OSX conftest.cpp >&5
configure:23396: $? = 0
configure:23397: result: yes
configure:23408: checking for sysctl KERN_ARND
configure:23423: g++ -std=c++11 -c -g -O2 -Wall -Wextra -Wformat -Wvla -Wformat-security -Wno-unused-parameter -Wno-self-assign -Wno-unused-local-typedef -Wno-deprecated-register -Wno-implicit-fallthrough  -DHAVE_BUILD_INFO -D__STDC_FORMAT_MACROS -isystem /opt/local/include -I/opt/local/include/db48 -I/usr/local/opt/berkeley-db@4/include -DMAC_OSX conftest.cpp >&5
conftest.cpp:61:40: error: use of undeclared identifier 'KERN_ARND'
 static const int name[2] = {CTL_KERN, KERN_ARND};
                                       ^
conftest.cpp:62:5: error: no matching function for call to 'sysctl'
    sysctl(name, 2, nullptr, nullptr, nullptr, 0);
    ^~~~~~
/usr/include/sys/sysctl.h:759:5: note: candidate function not viable: no known conversion from 'const int [2]' to 'int *' for 1st argument
int     sysctl(int *, u_int, void *, size_t *, void *, size_t);
        ^
2 errors generated.
configure:23423: $? = 1
configure: failed program was:
| /* confdefs.h */
| #define PACKAGE_NAME "Wcccoin Core"
| #define PACKAGE_TARNAME "wcccoin"
| #define PACKAGE_VERSION "0.15.1"
| #define PACKAGE_STRING "Wcccoin Core 0.15.1"
| #define PACKAGE_BUGREPORT "https://github.com/wcccoin-project/wcccoin/issues"
| #define PACKAGE_URL "https://wcccoin.org/"
| #define HAVE_CXX11 1
| #define STDC_HEADERS 1
| #define HAVE_SYS_TYPES_H 1
| #define HAVE_SYS_STAT_H 1
| #define HAVE_STDLIB_H 1
| #define HAVE_STRING_H 1
| #define HAVE_MEMORY_H 1
| #define HAVE_STRINGS_H 1
| #define HAVE_INTTYPES_H 1
| #define HAVE_STDINT_H 1
| #define HAVE_UNISTD_H 1
| #define HAVE_DLFCN_H 1
| #define LT_OBJDIR ".libs/"
| #define HAVE_PTHREAD_PRIO_INHERIT 1
| #define HAVE_PTHREAD 1
| #define HAVE_DECL_STRERROR_R 1
| #define HAVE_STRERROR_R 1
| #define HAVE_STDIO_H 1
| #define HAVE_STDLIB_H 1
| #define HAVE_UNISTD_H 1
| #define HAVE_STRINGS_H 1
| #define HAVE_SYS_TYPES_H 1
| #define HAVE_SYS_STAT_H 1
| #define HAVE_SYS_SELECT_H 1
| #define HAVE_DECL_STRNLEN 1
| #define HAVE_DECL_DAEMON 1
| #define HAVE_DECL_LE16TOH 0
| #define HAVE_DECL_LE32TOH 0
| #define HAVE_DECL_LE64TOH 0
| #define HAVE_DECL_HTOLE16 0
| #define HAVE_DECL_HTOLE32 0
| #define HAVE_DECL_HTOLE64 0
| #define HAVE_DECL_BE16TOH 0
| #define HAVE_DECL_BE32TOH 0
| #define HAVE_DECL_BE64TOH 0
| #define HAVE_DECL_HTOBE16 0
| #define HAVE_DECL_HTOBE32 0
| #define HAVE_DECL_HTOBE64 0
| #define HAVE_DECL_BSWAP_16 0
| #define HAVE_DECL_BSWAP_32 0
| #define HAVE_DECL_BSWAP_64 0
| #define HAVE_DECL___BUILTIN_CLZ 0
| #define HAVE_DECL___BUILTIN_CLZL 0
| #define HAVE_DECL___BUILTIN_CLZLL 0
| #define HAVE_MSG_DONTWAIT 1
| #define HAVE_VISIBILITY_ATTRIBUTE 1
| #define HAVE_GETENTROPY_RAND 1
| /* end confdefs.h.  */
| #include <sys/types.h>
|   #include <sys/sysctl.h>
| int
| main ()
| {
|  static const int name[2] = {CTL_KERN, KERN_ARND};
|     sysctl(name, 2, nullptr, nullptr, nullptr, 0);
|   ;
|   return 0;
| }
configure:23429: result: no
configure:23495: checking for Berkeley DB C++ headers
configure:23525: g++ -std=c++11 -c -g -O2 -Wall -Wextra -Wformat -Wvla -Wformat-security -Wno-unused-parameter -Wno-self-assign -Wno-unused-local-typedef -Wno-deprecated-register -Wno-implicit-fallthrough  -DHAVE_BUILD_INFO -D__STDC_FORMAT_MACROS -isystem /opt/local/include -I/opt/local/include/db48 -I/usr/local/opt/berkeley-db@4/include -DMAC_OSX conftest.cpp >&5
conftest.cpp:57:18: fatal error: 'bdb4.8/db_cxx.h' file not found
        #include <bdb4.8/db_cxx.h>
                 ^~~~~~~~~~~~~~~~~
1 error generated.
configure:23525: $? = 1
configure: failed program was:
| /* confdefs.h */
| #define PACKAGE_NAME "Wcccoin Core"
| #define PACKAGE_TARNAME "wcccoin"
| #define PACKAGE_VERSION "0.15.1"
| #define PACKAGE_STRING "Wcccoin Core 0.15.1"
| #define PACKAGE_BUGREPORT "https://github.com/wcccoin-project/wcccoin/issues"
| #define PACKAGE_URL "https://wcccoin.org/"
| #define HAVE_CXX11 1
| #define STDC_HEADERS 1
| #define HAVE_SYS_TYPES_H 1
| #define HAVE_SYS_STAT_H 1
| #define HAVE_STDLIB_H 1
| #define HAVE_STRING_H 1
| #define HAVE_MEMORY_H 1
| #define HAVE_STRINGS_H 1
| #define HAVE_INTTYPES_H 1
| #define HAVE_STDINT_H 1
| #define HAVE_UNISTD_H 1
| #define HAVE_DLFCN_H 1
| #define LT_OBJDIR ".libs/"
| #define HAVE_PTHREAD_PRIO_INHERIT 1
| #define HAVE_PTHREAD 1
| #define HAVE_DECL_STRERROR_R 1
| #define HAVE_STRERROR_R 1
| #define HAVE_STDIO_H 1
| #define HAVE_STDLIB_H 1
| #define HAVE_UNISTD_H 1
| #define HAVE_STRINGS_H 1
| #define HAVE_SYS_TYPES_H 1
| #define HAVE_SYS_STAT_H 1
| #define HAVE_SYS_SELECT_H 1
| #define HAVE_DECL_STRNLEN 1
| #define HAVE_DECL_DAEMON 1
| #define HAVE_DECL_LE16TOH 0
| #define HAVE_DECL_LE32TOH 0
| #define HAVE_DECL_LE64TOH 0
| #define HAVE_DECL_HTOLE16 0
| #define HAVE_DECL_HTOLE32 0
| #define HAVE_DECL_HTOLE64 0
| #define HAVE_DECL_BE16TOH 0
| #define HAVE_DECL_BE32TOH 0
| #define HAVE_DECL_BE64TOH 0
| #define HAVE_DECL_HTOBE16 0
| #define HAVE_DECL_HTOBE32 0
| #define HAVE_DECL_HTOBE64 0
| #define HAVE_DECL_BSWAP_16 0
| #define HAVE_DECL_BSWAP_32 0
| #define HAVE_DECL_BSWAP_64 0
| #define HAVE_DECL___BUILTIN_CLZ 0
| #define HAVE_DECL___BUILTIN_CLZL 0
| #define HAVE_DECL___BUILTIN_CLZLL 0
| #define HAVE_MSG_DONTWAIT 1
| #define HAVE_VISIBILITY_ATTRIBUTE 1
| #define HAVE_GETENTROPY_RAND 1
| /* end confdefs.h.  */
| 
|         #include <bdb4.8/db_cxx.h>
| 
| int
| main ()
| {
| 
|         #if !((DB_VERSION_MAJOR == 4 && DB_VERSION_MINOR >= 8) || DB_VERSION_MAJOR > 4)
|           #error "failed to find bdb 4.8+"
|         #endif
| 
|   ;
|   return 0;
| }
configure:23525: g++ -std=c++11 -c -g -O2 -Wall -Wextra -Wformat -Wvla -Wformat-security -Wno-unused-parameter -Wno-self-assign -Wno-unused-local-typedef -Wno-deprecated-register -Wno-implicit-fallthrough  -DHAVE_BUILD_INFO -D__STDC_FORMAT_MACROS -isystem /opt/local/include -I/opt/local/include/db48 -I/usr/local/opt/berkeley-db@4/include -DMAC_OSX conftest.cpp >&5
conftest.cpp:57:18: fatal error: 'libdb4.8/db_cxx.h' file not found
        #include <libdb4.8/db_cxx.h>
                 ^~~~~~~~~~~~~~~~~~~
1 error generated.
configure:23525: $? = 1
configure: failed program was:
| /* confdefs.h */
| #define PACKAGE_NAME "Wcccoin Core"
| #define PACKAGE_TARNAME "wcccoin"
| #define PACKAGE_VERSION "0.15.1"
| #define PACKAGE_STRING "Wcccoin Core 0.15.1"
| #define PACKAGE_BUGREPORT "https://github.com/wcccoin-project/wcccoin/issues"
| #define PACKAGE_URL "https://wcccoin.org/"
| #define HAVE_CXX11 1
| #define STDC_HEADERS 1
| #define HAVE_SYS_TYPES_H 1
| #define HAVE_SYS_STAT_H 1
| #define HAVE_STDLIB_H 1
| #define HAVE_STRING_H 1
| #define HAVE_MEMORY_H 1
| #define HAVE_STRINGS_H 1
| #define HAVE_INTTYPES_H 1
| #define HAVE_STDINT_H 1
| #define HAVE_UNISTD_H 1
| #define HAVE_DLFCN_H 1
| #define LT_OBJDIR ".libs/"
| #define HAVE_PTHREAD_PRIO_INHERIT 1
| #define HAVE_PTHREAD 1
| #define HAVE_DECL_STRERROR_R 1
| #define HAVE_STRERROR_R 1
| #define HAVE_STDIO_H 1
| #define HAVE_STDLIB_H 1
| #define HAVE_UNISTD_H 1
| #define HAVE_STRINGS_H 1
| #define HAVE_SYS_TYPES_H 1
| #define HAVE_SYS_STAT_H 1
| #define HAVE_SYS_SELECT_H 1
| #define HAVE_DECL_STRNLEN 1
| #define HAVE_DECL_DAEMON 1
| #define HAVE_DECL_LE16TOH 0
| #define HAVE_DECL_LE32TOH 0
| #define HAVE_DECL_LE64TOH 0
| #define HAVE_DECL_HTOLE16 0
| #define HAVE_DECL_HTOLE32 0
| #define HAVE_DECL_HTOLE64 0
| #define HAVE_DECL_BE16TOH 0
| #define HAVE_DECL_BE32TOH 0
| #define HAVE_DECL_BE64TOH 0
| #define HAVE_DECL_HTOBE16 0
| #define HAVE_DECL_HTOBE32 0
| #define HAVE_DECL_HTOBE64 0
| #define HAVE_DECL_BSWAP_16 0
| #define HAVE_DECL_BSWAP_32 0
| #define HAVE_DECL_BSWAP_64 0
| #define HAVE_DECL___BUILTIN_CLZ 0
| #define HAVE_DECL___BUILTIN_CLZL 0
| #define HAVE_DECL___BUILTIN_CLZLL 0
| #define HAVE_MSG_DONTWAIT 1
| #define HAVE_VISIBILITY_ATTRIBUTE 1
| #define HAVE_GETENTROPY_RAND 1
| /* end confdefs.h.  */
| 
|         #include <libdb4.8/db_cxx.h>
| 
| int
| main ()
| {
| 
|         #if !((DB_VERSION_MAJOR == 4 && DB_VERSION_MINOR >= 8) || DB_VERSION_MAJOR > 4)
|           #error "failed to find bdb 4.8+"
|         #endif
| 
|   ;
|   return 0;
| }
configure:23525: g++ -std=c++11 -c -g -O2 -Wall -Wextra -Wformat -Wvla -Wformat-security -Wno-unused-parameter -Wno-self-assign -Wno-unused-local-typedef -Wno-deprecated-register -Wno-implicit-fallthrough  -DHAVE_BUILD_INFO -D__STDC_FORMAT_MACROS -isystem /opt/local/include -I/opt/local/include/db48 -I/usr/local/opt/berkeley-db@4/include -DMAC_OSX conftest.cpp >&5
conftest.cpp:57:18: fatal error: 'db4.8/db_cxx.h' file not found
        #include <db4.8/db_cxx.h>
                 ^~~~~~~~~~~~~~~~
1 error generated.
configure:23525: $? = 1
configure: failed program was:
| /* confdefs.h */
| #define PACKAGE_NAME "Wcccoin Core"
| #define PACKAGE_TARNAME "wcccoin"
| #define PACKAGE_VERSION "0.15.1"
| #define PACKAGE_STRING "Wcccoin Core 0.15.1"
| #define PACKAGE_BUGREPORT "https://github.com/wcccoin-project/wcccoin/issues"
| #define PACKAGE_URL "https://wcccoin.org/"
| #define HAVE_CXX11 1
| #define STDC_HEADERS 1
| #define HAVE_SYS_TYPES_H 1
| #define HAVE_SYS_STAT_H 1
| #define HAVE_STDLIB_H 1
| #define HAVE_STRING_H 1
| #define HAVE_MEMORY_H 1
| #define HAVE_STRINGS_H 1
| #define HAVE_INTTYPES_H 1
| #define HAVE_STDINT_H 1
| #define HAVE_UNISTD_H 1
| #define HAVE_DLFCN_H 1
| #define LT_OBJDIR ".libs/"
| #define HAVE_PTHREAD_PRIO_INHERIT 1
| #define HAVE_PTHREAD 1
| #define HAVE_DECL_STRERROR_R 1
| #define HAVE_STRERROR_R 1
| #define HAVE_STDIO_H 1
| #define HAVE_STDLIB_H 1
| #define HAVE_UNISTD_H 1
| #define HAVE_STRINGS_H 1
| #define HAVE_SYS_TYPES_H 1
| #define HAVE_SYS_STAT_H 1
| #define HAVE_SYS_SELECT_H 1
| #define HAVE_DECL_STRNLEN 1
| #define HAVE_DECL_DAEMON 1
| #define HAVE_DECL_LE16TOH 0
| #define HAVE_DECL_LE32TOH 0
| #define HAVE_DECL_LE64TOH 0
| #define HAVE_DECL_HTOLE16 0
| #define HAVE_DECL_HTOLE32 0
| #define HAVE_DECL_HTOLE64 0
| #define HAVE_DECL_BE16TOH 0
| #define HAVE_DECL_BE32TOH 0
| #define HAVE_DECL_BE64TOH 0
| #define HAVE_DECL_HTOBE16 0
| #define HAVE_DECL_HTOBE32 0
| #define HAVE_DECL_HTOBE64 0
| #define HAVE_DECL_BSWAP_16 0
| #define HAVE_DECL_BSWAP_32 0
| #define HAVE_DECL_BSWAP_64 0
| #define HAVE_DECL___BUILTIN_CLZ 0
| #define HAVE_DECL___BUILTIN_CLZL 0
| #define HAVE_DECL___BUILTIN_CLZLL 0
| #define HAVE_MSG_DONTWAIT 1
| #define HAVE_VISIBILITY_ATTRIBUTE 1
| #define HAVE_GETENTROPY_RAND 1
| /* end confdefs.h.  */
| 
|         #include <db4.8/db_cxx.h>
| 
| int
| main ()
| {
| 
|         #if !((DB_VERSION_MAJOR == 4 && DB_VERSION_MINOR >= 8) || DB_VERSION_MAJOR > 4)
|           #error "failed to find bdb 4.8+"
|         #endif
| 
|   ;
|   return 0;
| }
configure:23525: g++ -std=c++11 -c -g -O2 -Wall -Wextra -Wformat -Wvla -Wformat-security -Wno-unused-parameter -Wno-self-assign -Wno-unused-local-typedef -Wno-deprecated-register -Wno-implicit-fallthrough  -DHAVE_BUILD_INFO -D__STDC_FORMAT_MACROS -isystem /opt/local/include -I/opt/local/include/db48 -I/usr/local/opt/berkeley-db@4/include -DMAC_OSX conftest.cpp >&5
conftest.cpp:57:18: fatal error: 'bdb48/db_cxx.h' file not found
        #include <bdb48/db_cxx.h>
                 ^~~~~~~~~~~~~~~~
1 error generated.
configure:23525: $? = 1
configure: failed program was:
| /* confdefs.h */
| #define PACKAGE_NAME "Wcccoin Core"
| #define PACKAGE_TARNAME "wcccoin"
| #define PACKAGE_VERSION "0.15.1"
| #define PACKAGE_STRING "Wcccoin Core 0.15.1"
| #define PACKAGE_BUGREPORT "https://github.com/wcccoin-project/wcccoin/issues"
| #define PACKAGE_URL "https://wcccoin.org/"
| #define HAVE_CXX11 1
| #define STDC_HEADERS 1
| #define HAVE_SYS_TYPES_H 1
| #define HAVE_SYS_STAT_H 1
| #define HAVE_STDLIB_H 1
| #define HAVE_STRING_H 1
| #define HAVE_MEMORY_H 1
| #define HAVE_STRINGS_H 1
| #define HAVE_INTTYPES_H 1
| #define HAVE_STDINT_H 1
| #define HAVE_UNISTD_H 1
| #define HAVE_DLFCN_H 1
| #define LT_OBJDIR ".libs/"
| #define HAVE_PTHREAD_PRIO_INHERIT 1
| #define HAVE_PTHREAD 1
| #define HAVE_DECL_STRERROR_R 1
| #define HAVE_STRERROR_R 1
| #define HAVE_STDIO_H 1
| #define HAVE_STDLIB_H 1
| #define HAVE_UNISTD_H 1
| #define HAVE_STRINGS_H 1
| #define HAVE_SYS_TYPES_H 1
| #define HAVE_SYS_STAT_H 1
| #define HAVE_SYS_SELECT_H 1
| #define HAVE_DECL_STRNLEN 1
| #define HAVE_DECL_DAEMON 1
| #define HAVE_DECL_LE16TOH 0
| #define HAVE_DECL_LE32TOH 0
| #define HAVE_DECL_LE64TOH 0
| #define HAVE_DECL_HTOLE16 0
| #define HAVE_DECL_HTOLE32 0
| #define HAVE_DECL_HTOLE64 0
| #define HAVE_DECL_BE16TOH 0
| #define HAVE_DECL_BE32TOH 0
| #define HAVE_DECL_BE64TOH 0
| #define HAVE_DECL_HTOBE16 0
| #define HAVE_DECL_HTOBE32 0
| #define HAVE_DECL_HTOBE64 0
| #define HAVE_DECL_BSWAP_16 0
| #define HAVE_DECL_BSWAP_32 0
| #define HAVE_DECL_BSWAP_64 0
| #define HAVE_DECL___BUILTIN_CLZ 0
| #define HAVE_DECL___BUILTIN_CLZL 0
| #define HAVE_DECL___BUILTIN_CLZLL 0
| #define HAVE_MSG_DONTWAIT 1
| #define HAVE_VISIBILITY_ATTRIBUTE 1
| #define HAVE_GETENTROPY_RAND 1
| /* end confdefs.h.  */
| 
|         #include <bdb48/db_cxx.h>
| 
| int
| main ()
| {
| 
|         #if !((DB_VERSION_MAJOR == 4 && DB_VERSION_MINOR >= 8) || DB_VERSION_MAJOR > 4)
|           #error "failed to find bdb 4.8+"
|         #endif
| 
|   ;
|   return 0;
| }
configure:23525: g++ -std=c++11 -c -g -O2 -Wall -Wextra -Wformat -Wvla -Wformat-security -Wno-unused-parameter -Wno-self-assign -Wno-unused-local-typedef -Wno-deprecated-register -Wno-implicit-fallthrough  -DHAVE_BUILD_INFO -D__STDC_FORMAT_MACROS -isystem /opt/local/include -I/opt/local/include/db48 -I/usr/local/opt/berkeley-db@4/include -DMAC_OSX conftest.cpp >&5
conftest.cpp:57:18: fatal error: 'libdb48/db_cxx.h' file not found
        #include <libdb48/db_cxx.h>
                 ^~~~~~~~~~~~~~~~~~
1 error generated.
configure:23525: $? = 1
configure: failed program was:
| /* confdefs.h */
| #define PACKAGE_NAME "Wcccoin Core"
| #define PACKAGE_TARNAME "wcccoin"
| #define PACKAGE_VERSION "0.15.1"
| #define PACKAGE_STRING "Wcccoin Core 0.15.1"
| #define PACKAGE_BUGREPORT "https://github.com/wcccoin-project/wcccoin/issues"
| #define PACKAGE_URL "https://wcccoin.org/"
| #define HAVE_CXX11 1
| #define STDC_HEADERS 1
| #define HAVE_SYS_TYPES_H 1
| #define HAVE_SYS_STAT_H 1
| #define HAVE_STDLIB_H 1
| #define HAVE_STRING_H 1
| #define HAVE_MEMORY_H 1
| #define HAVE_STRINGS_H 1
| #define HAVE_INTTYPES_H 1
| #define HAVE_STDINT_H 1
| #define HAVE_UNISTD_H 1
| #define HAVE_DLFCN_H 1
| #define LT_OBJDIR ".libs/"
| #define HAVE_PTHREAD_PRIO_INHERIT 1
| #define HAVE_PTHREAD 1
| #define HAVE_DECL_STRERROR_R 1
| #define HAVE_STRERROR_R 1
| #define HAVE_STDIO_H 1
| #define HAVE_STDLIB_H 1
| #define HAVE_UNISTD_H 1
| #define HAVE_STRINGS_H 1
| #define HAVE_SYS_TYPES_H 1
| #define HAVE_SYS_STAT_H 1
| #define HAVE_SYS_SELECT_H 1
| #define HAVE_DECL_STRNLEN 1
| #define HAVE_DECL_DAEMON 1
| #define HAVE_DECL_LE16TOH 0
| #define HAVE_DECL_LE32TOH 0
| #define HAVE_DECL_LE64TOH 0
| #define HAVE_DECL_HTOLE16 0
| #define HAVE_DECL_HTOLE32 0
| #define HAVE_DECL_HTOLE64 0
| #define HAVE_DECL_BE16TOH 0
| #define HAVE_DECL_BE32TOH 0
| #define HAVE_DECL_BE64TOH 0
| #define HAVE_DECL_HTOBE16 0
| #define HAVE_DECL_HTOBE32 0
| #define HAVE_DECL_HTOBE64 0
| #define HAVE_DECL_BSWAP_16 0
| #define HAVE_DECL_BSWAP_32 0
| #define HAVE_DECL_BSWAP_64 0
| #define HAVE_DECL___BUILTIN_CLZ 0
| #define HAVE_DECL___BUILTIN_CLZL 0
| #define HAVE_DECL___BUILTIN_CLZLL 0
| #define HAVE_MSG_DONTWAIT 1
| #define HAVE_VISIBILITY_ATTRIBUTE 1
| #define HAVE_GETENTROPY_RAND 1
| /* end confdefs.h.  */
| 
|         #include <libdb48/db_cxx.h>
| 
| int
| main ()
| {
| 
|         #if !((DB_VERSION_MAJOR == 4 && DB_VERSION_MINOR >= 8) || DB_VERSION_MAJOR > 4)
|           #error "failed to find bdb 4.8+"
|         #endif
| 
|   ;
|   return 0;
| }
configure:23525: g++ -std=c++11 -c -g -O2 -Wall -Wextra -Wformat -Wvla -Wformat-security -Wno-unused-parameter -Wno-self-assign -Wno-unused-local-typedef -Wno-deprecated-register -Wno-implicit-fallthrough  -DHAVE_BUILD_INFO -D__STDC_FORMAT_MACROS -isystem /opt/local/include -I/opt/local/include/db48 -I/usr/local/opt/berkeley-db@4/include -DMAC_OSX conftest.cpp >&5
configure:23525: $? = 0
configure:23554: g++ -std=c++11 -c -g -O2 -Wall -Wextra -Wformat -Wvla -Wformat-security -Wno-unused-parameter -Wno-self-assign -Wno-unused-local-typedef -Wno-deprecated-register -Wno-implicit-fallthrough  -DHAVE_BUILD_INFO -D__STDC_FORMAT_MACROS -isystem /opt/local/include -I/opt/local/include/db48 -I/usr/local/opt/berkeley-db@4/include -DMAC_OSX conftest.cpp >&5
configure:23554: $? = 0
configure:23602: result: /opt/local/include/db48/
configure:23620: checking for main in -ldb_cxx-4.8
configure:23639: g++ -std=c++11 -o conftest -g -O2 -Wall -Wextra -Wformat -Wvla -Wformat-security -Wno-unused-parameter -Wno-self-assign -Wno-unused-local-typedef -Wno-deprecated-register -Wno-implicit-fallthrough  -DHAVE_BUILD_INFO -D__STDC_FORMAT_MACROS -isystem /opt/local/include -I/opt/local/include/db48 -I/usr/local/opt/berkeley-db@4/include -DMAC_OSX  -Wl,-headerpad_max_install_names -Wl,-dead_strip conftest.cpp -ldb_cxx-4.8   -L/opt/local/lib -L/opt/local/lib/db48 -L/usr/local/opt/berkeley-db@4/lib >&5
conftest.cpp:60:1: warning: all paths through this function will call itself [-Winfinite-recursion]
{
^
1 warning generated.
configure:23639: $? = 0
configure:23649: result: yes
configure:23671: checking miniupnpc/miniwget.h usability
configure:23671: g++ -std=c++11 -c -g -O2 -Wall -Wextra -Wformat -Wvla -Wformat-security -Wno-unused-parameter -Wno-self-assign -Wno-unused-local-typedef -Wno-deprecated-register -Wno-implicit-fallthrough  -DHAVE_BUILD_INFO -D__STDC_FORMAT_MACROS -isystem /opt/local/include -I/opt/local/include/db48 -I/usr/local/opt/berkeley-db@4/include -DMAC_OSX conftest.cpp >&5
configure:23671: $? = 0
configure:23671: result: yes
configure:23671: checking miniupnpc/miniwget.h presence
configure:23671: g++ -std=c++11 -E  -DHAVE_BUILD_INFO -D__STDC_FORMAT_MACROS -isystem /opt/local/include -I/opt/local/include/db48 -I/usr/local/opt/berkeley-db@4/include -DMAC_OSX conftest.cpp
configure:23671: $? = 0
configure:23671: result: yes
configure:23671: checking for miniupnpc/miniwget.h
configure:23671: result: yes
configure:23676: checking for main in -lminiupnpc
configure:23695: g++ -std=c++11 -o conftest -g -O2 -Wall -Wextra -Wformat -Wvla -Wformat-security -Wno-unused-parameter -Wno-self-assign -Wno-unused-local-typedef -Wno-deprecated-register -Wno-implicit-fallthrough  -DHAVE_BUILD_INFO -D__STDC_FORMAT_MACROS -isystem /opt/local/include -I/opt/local/include/db48 -I/usr/local/opt/berkeley-db@4/include -DMAC_OSX  -Wl,-headerpad_max_install_names -Wl,-dead_strip conftest.cpp -lminiupnpc   -L/opt/local/lib -L/opt/local/lib/db48 -L/usr/local/opt/berkeley-db@4/lib >&5
conftest.cpp:61:1: warning: all paths through this function will call itself [-Winfinite-recursion]
{
^
1 warning generated.
configure:23695: $? = 0
configure:23704: result: yes
configure:23671: checking miniupnpc/miniupnpc.h usability
configure:23671: g++ -std=c++11 -c -g -O2 -Wall -Wextra -Wformat -Wvla -Wformat-security -Wno-unused-parameter -Wno-self-assign -Wno-unused-local-typedef -Wno-deprecated-register -Wno-implicit-fallthrough  -DHAVE_BUILD_INFO -D__STDC_FORMAT_MACROS -isystem /opt/local/include -I/opt/local/include/db48 -I/usr/local/opt/berkeley-db@4/include -DMAC_OSX conftest.cpp >&5
configure:23671: $? = 0
configure:23671: result: yes
configure:23671: checking miniupnpc/miniupnpc.h presence
configure:23671: g++ -std=c++11 -E  -DHAVE_BUILD_INFO -D__STDC_FORMAT_MACROS -isystem /opt/local/include -I/opt/local/include/db48 -I/usr/local/opt/berkeley-db@4/include -DMAC_OSX conftest.cpp
configure:23671: $? = 0
configure:23671: result: yes
configure:23671: checking for miniupnpc/miniupnpc.h
configure:23671: result: yes
configure:23676: checking for main in -lminiupnpc
configure:23704: result: yes
configure:23671: checking miniupnpc/upnpcommands.h usability
configure:23671: g++ -std=c++11 -c -g -O2 -Wall -Wextra -Wformat -Wvla -Wformat-security -Wno-unused-parameter -Wno-self-assign -Wno-unused-local-typedef -Wno-deprecated-register -Wno-implicit-fallthrough  -DHAVE_BUILD_INFO -D__STDC_FORMAT_MACROS -isystem /opt/local/include -I/opt/local/include/db48 -I/usr/local/opt/berkeley-db@4/include -DMAC_OSX conftest.cpp >&5
configure:23671: $? = 0
configure:23671: result: yes
configure:23671: checking miniupnpc/upnpcommands.h presence
configure:23671: g++ -std=c++11 -E  -DHAVE_BUILD_INFO -D__STDC_FORMAT_MACROS -isystem /opt/local/include -I/opt/local/include/db48 -I/usr/local/opt/berkeley-db@4/include -DMAC_OSX conftest.cpp
configure:23671: $? = 0
configure:23671: result: yes
configure:23671: checking for miniupnpc/upnpcommands.h
configure:23671: result: yes
configure:23676: checking for main in -lminiupnpc
configure:23704: result: yes
configure:23671: checking miniupnpc/upnperrors.h usability
configure:23671: g++ -std=c++11 -c -g -O2 -Wall -Wextra -Wformat -Wvla -Wformat-security -Wno-unused-parameter -Wno-self-assign -Wno-unused-local-typedef -Wno-deprecated-register -Wno-implicit-fallthrough  -DHAVE_BUILD_INFO -D__STDC_FORMAT_MACROS -isystem /opt/local/include -I/opt/local/include/db48 -I/usr/local/opt/berkeley-db@4/include -DMAC_OSX conftest.cpp >&5
configure:23671: $? = 0
configure:23671: result: yes
configure:23671: checking miniupnpc/upnperrors.h presence
configure:23671: g++ -std=c++11 -E  -DHAVE_BUILD_INFO -D__STDC_FORMAT_MACROS -isystem /opt/local/include -I/opt/local/include/db48 -I/usr/local/opt/berkeley-db@4/include -DMAC_OSX conftest.cpp
configure:23671: $? = 0
configure:23671: result: yes
configure:23671: checking for miniupnpc/upnperrors.h
configure:23671: result: yes
configure:23676: checking for main in -lminiupnpc
configure:23704: result: yes
configure:23814: checking for Qt5Core Qt5Gui Qt5Network Qt5Widgets
configure:23821: $PKG_CONFIG --exists --print-errors "$qt5_modules"
configure:23824: $? = 0
configure:23838: $PKG_CONFIG --exists --print-errors "$qt5_modules"
configure:23841: $? = 0
configure:23879: result: yes
configure:24131: checking for Qt5Test
configure:24138: $PKG_CONFIG --exists --print-errors "${QT_LIB_PREFIX}Test"
configure:24141: $? = 0
configure:24155: $PKG_CONFIG --exists --print-errors "${QT_LIB_PREFIX}Test"
configure:24158: $? = 0
configure:24196: result: yes
configure:24203: checking for Qt5DBus
configure:24210: $PKG_CONFIG --exists --print-errors "${QT_LIB_PREFIX}DBus"
configure:24213: $? = 0
configure:24227: $PKG_CONFIG --exists --print-errors "${QT_LIB_PREFIX}DBus"
configure:24230: $? = 0
configure:24268: result: yes
configure:25234: checking for static Qt
configure:25257: g++ -std=c++11 -c -fPIC -g -O2 -Wall -Wextra -Wformat -Wvla -Wformat-security -Wno-unused-parameter -Wno-self-assign -Wno-unused-local-typedef -Wno-deprecated-register -Wno-implicit-fallthrough -DQT_NETWORK_LIB -F/usr/local/Cellar/qt/5.12.0/lib -DQT_WIDGETS_LIB -F/usr/local/Cellar/qt/5.12.0/lib -DQT_GUI_LIB -F/usr/local/Cellar/qt/5.12.0/lib -DQT_CORE_LIB -F/usr/local/Cellar/qt/5.12.0/lib -I/usr/local/Cellar/qt/5.12.0/lib/QtNetwork.framework/Headers -I/usr/local/Cellar/qt/5.12.0/lib/QtWidgets.framework/Headers -I/usr/local/Cellar/qt/5.12.0/lib/QtGui.framework/Headers -I/usr/local/Cellar/qt/5.12.0/lib/QtCore.framework/Headers  -DHAVE_BUILD_INFO -D__STDC_FORMAT_MACROS -isystem /opt/local/include -I/opt/local/include/db48 -I/usr/local/opt/berkeley-db@4/include -DMAC_OSX conftest.cpp >&5
conftest.cpp:68:7: error: unknown type name 'choke'
      choke me
      ^
1 error generated.
configure:25257: $? = 1
configure: failed program was:
| /* confdefs.h */
| #define PACKAGE_NAME "Wcccoin Core"
| #define PACKAGE_TARNAME "wcccoin"
| #define PACKAGE_VERSION "0.15.1"
| #define PACKAGE_STRING "Wcccoin Core 0.15.1"
| #define PACKAGE_BUGREPORT "https://github.com/wcccoin-project/wcccoin/issues"
| #define PACKAGE_URL "https://wcccoin.org/"
| #define HAVE_CXX11 1
| #define STDC_HEADERS 1
| #define HAVE_SYS_TYPES_H 1
| #define HAVE_SYS_STAT_H 1
| #define HAVE_STDLIB_H 1
| #define HAVE_STRING_H 1
| #define HAVE_MEMORY_H 1
| #define HAVE_STRINGS_H 1
| #define HAVE_INTTYPES_H 1
| #define HAVE_STDINT_H 1
| #define HAVE_UNISTD_H 1
| #define HAVE_DLFCN_H 1
| #define LT_OBJDIR ".libs/"
| #define HAVE_PTHREAD_PRIO_INHERIT 1
| #define HAVE_PTHREAD 1
| #define HAVE_DECL_STRERROR_R 1
| #define HAVE_STRERROR_R 1
| #define HAVE_STDIO_H 1
| #define HAVE_STDLIB_H 1
| #define HAVE_UNISTD_H 1
| #define HAVE_STRINGS_H 1
| #define HAVE_SYS_TYPES_H 1
| #define HAVE_SYS_STAT_H 1
| #define HAVE_SYS_SELECT_H 1
| #define HAVE_DECL_STRNLEN 1
| #define HAVE_DECL_DAEMON 1
| #define HAVE_DECL_LE16TOH 0
| #define HAVE_DECL_LE32TOH 0
| #define HAVE_DECL_LE64TOH 0
| #define HAVE_DECL_HTOLE16 0
| #define HAVE_DECL_HTOLE32 0
| #define HAVE_DECL_HTOLE64 0
| #define HAVE_DECL_BE16TOH 0
| #define HAVE_DECL_BE32TOH 0
| #define HAVE_DECL_BE64TOH 0
| #define HAVE_DECL_HTOBE16 0
| #define HAVE_DECL_HTOBE32 0
| #define HAVE_DECL_HTOBE64 0
| #define HAVE_DECL_BSWAP_16 0
| #define HAVE_DECL_BSWAP_32 0
| #define HAVE_DECL_BSWAP_64 0
| #define HAVE_DECL___BUILTIN_CLZ 0
| #define HAVE_DECL___BUILTIN_CLZL 0
| #define HAVE_DECL___BUILTIN_CLZLL 0
| #define HAVE_MSG_DONTWAIT 1
| #define HAVE_VISIBILITY_ATTRIBUTE 1
| #define HAVE_GETENTROPY_RAND 1
| #define HAVE_MINIUPNPC_MINIWGET_H 1
| #define HAVE_MINIUPNPC_MINIUPNPC_H 1
| #define HAVE_MINIUPNPC_UPNPCOMMANDS_H 1
| #define HAVE_MINIUPNPC_UPNPERRORS_H 1
| /* end confdefs.h.  */
| #include <QtCore>
| int
| main ()
| {
| 
|       #if defined(QT_STATIC)
|       return 0;
|       #else
|       choke me
|       #endif
| 
|   ;
|   return 0;
| }
configure:25265: result: no
configure:26125: checking whether -fPIE can be used with this Qt config
configure:26146: g++ -std=c++11 -c -fPIE -g -O2 -Wall -Wextra -Wformat -Wvla -Wformat-security -Wno-unused-parameter -Wno-self-assign -Wno-unused-local-typedef -Wno-deprecated-register -Wno-implicit-fallthrough -DQT_NETWORK_LIB -F/usr/local/Cellar/qt/5.12.0/lib -DQT_WIDGETS_LIB -F/usr/local/Cellar/qt/5.12.0/lib -DQT_GUI_LIB -F/usr/local/Cellar/qt/5.12.0/lib -DQT_CORE_LIB -F/usr/local/Cellar/qt/5.12.0/lib -I/usr/local/Cellar/qt/5.12.0/lib/QtNetwork.framework/Headers -I/usr/local/Cellar/qt/5.12.0/lib/QtWidgets.framework/Headers -I/usr/local/Cellar/qt/5.12.0/lib/QtGui.framework/Headers -I/usr/local/Cellar/qt/5.12.0/lib/QtCore.framework/Headers  -DHAVE_BUILD_INFO -D__STDC_FORMAT_MACROS -isystem /opt/local/include -I/opt/local/include/db48 -I/usr/local/opt/berkeley-db@4/include -DMAC_OSX conftest.cpp >&5
configure:26146: $? = 0
configure:26147: result: yes
configure:26215: checking for moc-qt5
configure:26248: result: no
configure:26215: checking for moc5
configure:26248: result: no
configure:26215: checking for moc
configure:26233: found /usr/local/Cellar/qt/5.12.0/bin/moc
configure:26245: result: /usr/local/Cellar/qt/5.12.0/bin/moc
configure:26334: checking for uic-qt5
configure:26367: result: no
configure:26334: checking for uic5
configure:26367: result: no
configure:26334: checking for uic
configure:26352: found /usr/local/Cellar/qt/5.12.0/bin/uic
configure:26364: result: /usr/local/Cellar/qt/5.12.0/bin/uic
configure:26453: checking for rcc-qt5
configure:26486: result: no
configure:26453: checking for rcc5
configure:26486: result: no
configure:26453: checking for rcc
configure:26471: found /usr/local/Cellar/qt/5.12.0/bin/rcc
configure:26483: result: /usr/local/Cellar/qt/5.12.0/bin/rcc
configure:26572: checking for lrelease-qt5
configure:26605: result: no
configure:26572: checking for lrelease5
configure:26605: result: no
configure:26572: checking for lrelease
configure:26590: found /usr/local/Cellar/qt/5.12.0/bin/lrelease
configure:26602: result: /usr/local/Cellar/qt/5.12.0/bin/lrelease
configure:26691: checking for lupdate-qt5
configure:26724: result: no
configure:26691: checking for lupdate5
configure:26724: result: no
configure:26691: checking for lupdate
configure:26709: found /usr/local/Cellar/qt/5.12.0/bin/lupdate
configure:26721: result: /usr/local/Cellar/qt/5.12.0/bin/lupdate
configure:26811: checking whether the linker accepts -framework Foundation -framework ApplicationServices -framework AppKit
configure:26830: g++ -std=c++11 -o conftest -g -O2 -Wall -Wextra -Wformat -Wvla -Wformat-security -Wno-unused-parameter -Wno-self-assign -Wno-unused-local-typedef -Wno-deprecated-register -Wno-implicit-fallthrough  -DHAVE_BUILD_INFO -D__STDC_FORMAT_MACROS -isystem /opt/local/include -I/opt/local/include/db48 -I/usr/local/opt/berkeley-db@4/include -DMAC_OSX  -Wl,-headerpad_max_install_names -Wl,-dead_strip  -framework Foundation -framework ApplicationServices -framework AppKit conftest.cpp  -L/opt/local/lib -L/opt/local/lib/db48 -L/usr/local/opt/berkeley-db@4/lib >&5
ld: warning: text-based stub file /System/Library/Frameworks//Foundation.framework/Foundation.tbd and library file /System/Library/Frameworks//Foundation.framework/Foundation are out of sync. Falling back to library file for linking.
ld: warning: text-based stub file /System/Library/Frameworks//ApplicationServices.framework/ApplicationServices.tbd and library file /System/Library/Frameworks//ApplicationServices.framework/ApplicationServices are out of sync. Falling back to library file for linking.
ld: warning: text-based stub file /System/Library/Frameworks//AppKit.framework/AppKit.tbd and library file /System/Library/Frameworks//AppKit.framework/AppKit are out of sync. Falling back to library file for linking.
ld: warning: text-based stub file /System/Library/Frameworks//CoreGraphics.framework/Versions/A/CoreGraphics.tbd and library file /System/Library/Frameworks//CoreGraphics.framework/Versions/A/CoreGraphics are out of sync. Falling back to library file for linking.
ld: warning: text-based stub file /System/Library/Frameworks//CoreText.framework/Versions/A/CoreText.tbd and library file /System/Library/Frameworks//CoreText.framework/Versions/A/CoreText are out of sync. Falling back to library file for linking.
ld: warning: text-based stub file /System/Library/Frameworks//ImageIO.framework/Versions/A/ImageIO.tbd and library file /System/Library/Frameworks//ImageIO.framework/Versions/A/ImageIO are out of sync. Falling back to library file for linking.
ld: warning: text-based stub file /System/Library/Frameworks/ApplicationServices.framework/Versions/A/Frameworks/ATS.framework/Versions/A/ATS.tbd and library file /System/Library/Frameworks/ApplicationServices.framework/Versions/A/Frameworks/ATS.framework/Versions/A/ATS are out of sync. Falling back to library file for linking.
ld: warning: text-based stub file /System/Library/Frameworks//CoreServices.framework/Versions/A/CoreServices.tbd and library file /System/Library/Frameworks//CoreServices.framework/Versions/A/CoreServices are out of sync. Falling back to library file for linking.
ld: warning: text-based stub file /System/Library/Frameworks/ApplicationServices.framework/Versions/A/Frameworks/HIServices.framework/Versions/A/HIServices.tbd and library file /System/Library/Frameworks/ApplicationServices.framework/Versions/A/Frameworks/HIServices.framework/Versions/A/HIServices are out of sync. Falling back to library file for linking.
ld: warning: text-based stub file /System/Library/Frameworks/ApplicationServices.framework/Versions/A/Frameworks/SpeechSynthesis.framework/Versions/A/SpeechSynthesis.tbd and library file /System/Library/Frameworks/ApplicationServices.framework/Versions/A/Frameworks/SpeechSynthesis.framework/Versions/A/SpeechSynthesis are out of sync. Falling back to library file for linking.
ld: warning: text-based stub file /System/Library/PrivateFrameworks/UIFoundation.framework/Versions/A/UIFoundation.tbd and library file /System/Library/PrivateFrameworks/UIFoundation.framework/Versions/A/UIFoundation are out of sync. Falling back to library file for linking.
ld: warning: text-based stub file /System/Library/Frameworks//CoreFoundation.framework/Versions/A/CoreFoundation.tbd and library file /System/Library/Frameworks//CoreFoundation.framework/Versions/A/CoreFoundation are out of sync. Falling back to library file for linking.
ld: warning: text-based stub file /System/Library/Frameworks//CFNetwork.framework/Versions/A/CFNetwork.tbd and library file /System/Library/Frameworks//CFNetwork.framework/Versions/A/CFNetwork are out of sync. Falling back to library file for linking.
ld: warning: text-based stub file /System/Library/Frameworks/CoreServices.framework/Versions/A/Frameworks/OSServices.framework/Versions/A/OSServices.tbd and library file /System/Library/Frameworks/CoreServices.framework/Versions/A/Frameworks/OSServices.framework/Versions/A/OSServices are out of sync. Falling back to library file for linking.
ld: warning: text-based stub file /System/Library/Frameworks/CoreServices.framework/Versions/A/Frameworks/LaunchServices.framework/Versions/A/LaunchServices.tbd and library file /System/Library/Frameworks/CoreServices.framework/Versions/A/Frameworks/LaunchServices.framework/Versions/A/LaunchServices are out of sync. Falling back to library file for linking.
ld: warning: text-based stub file /System/Library/Frameworks/CoreServices.framework/Versions/A/Frameworks/SharedFileList.framework/Versions/A/SharedFileList.tbd and library file /System/Library/Frameworks/CoreServices.framework/Versions/A/Frameworks/SharedFileList.framework/Versions/A/SharedFileList are out of sync. Falling back to library file for linking.
configure:26830: $? = 0
configure:26840: result: yes
configure:26906: checking whether to build Wcccoin Core GUI
configure:26936: result: yes (Qt5)
configure:27010: checking for boostlib >= 1.47.0
configure:27095: g++ -std=c++11 -c -g -O2 -Wall -Wextra -Wformat -Wvla -Wformat-security -Wno-unused-parameter -Wno-self-assign -Wno-unused-local-typedef -Wno-deprecated-register -Wno-implicit-fallthrough  -DHAVE_BUILD_INFO -D__STDC_FORMAT_MACROS -isystem /opt/local/include -I/opt/local/include/db48 -I/usr/local/opt/berkeley-db@4/include -DMAC_OSX -I/usr/local/include conftest.cpp >&5
configure:27095: $? = 0
configure:27097: result: yes
configure:27284: checking whether the Boost::System library is available
configure:27309: g++ -std=c++11 -c   -DHAVE_BUILD_INFO -D__STDC_FORMAT_MACROS -isystem /opt/local/include -I/opt/local/include/db48 -I/usr/local/opt/berkeley-db@4/include -DMAC_OSX -I/usr/local/include conftest.cpp >&5
configure:27309: $? = 0
configure:27324: result: yes
configure:27340: checking for exit in -lboost_system
configure:27365: g++ -std=c++11 -o conftest -g -O2 -Wall -Wextra -Wformat -Wvla -Wformat-security -Wno-unused-parameter -Wno-self-assign -Wno-unused-local-typedef -Wno-deprecated-register -Wno-implicit-fallthrough  -DHAVE_BUILD_INFO -D__STDC_FORMAT_MACROS -isystem /opt/local/include -I/opt/local/include/db48 -I/usr/local/opt/berkeley-db@4/include -DMAC_OSX -I/usr/local/include  -Wl,-headerpad_max_install_names -Wl,-dead_strip -L/usr/local/lib conftest.cpp -lboost_system   -L/opt/local/lib -L/opt/local/lib/db48 -L/usr/local/opt/berkeley-db@4/lib >&5
configure:27365: $? = 0
configure:27375: result: yes
configure:27530: checking whether the Boost::Filesystem library is available
configure:27554: g++ -std=c++11 -c -g -O2 -Wall -Wextra -Wformat -Wvla -Wformat-security -Wno-unused-parameter -Wno-self-assign -Wno-unused-local-typedef -Wno-deprecated-register -Wno-implicit-fallthrough  -DHAVE_BUILD_INFO -D__STDC_FORMAT_MACROS -isystem /opt/local/include -I/opt/local/include/db48 -I/usr/local/opt/berkeley-db@4/include -DMAC_OSX -I/usr/local/include conftest.cpp >&5
configure:27554: $? = 0
configure:27568: result: yes
configure:27580: checking for exit in -lboost_filesystem
configure:27605: g++ -std=c++11 -o conftest -g -O2 -Wall -Wextra -Wformat -Wvla -Wformat-security -Wno-unused-parameter -Wno-self-assign -Wno-unused-local-typedef -Wno-deprecated-register -Wno-implicit-fallthrough  -DHAVE_BUILD_INFO -D__STDC_FORMAT_MACROS -isystem /opt/local/include -I/opt/local/include/db48 -I/usr/local/opt/berkeley-db@4/include -DMAC_OSX -I/usr/local/include  -Wl,-headerpad_max_install_names -Wl,-dead_strip -L/usr/local/lib conftest.cpp -lboost_filesystem   -L/opt/local/lib -L/opt/local/lib/db48 -L/usr/local/opt/berkeley-db@4/lib -lboost_system >&5
configure:27605: $? = 0
configure:27615: result: yes
configure:27765: checking whether the Boost::Program_Options library is available
configure:27789: g++ -std=c++11 -c -g -O2 -Wall -Wextra -Wformat -Wvla -Wformat-security -Wno-unused-parameter -Wno-self-assign -Wno-unused-local-typedef -Wno-deprecated-register -Wno-implicit-fallthrough  -DHAVE_BUILD_INFO -D__STDC_FORMAT_MACROS -isystem /opt/local/include -I/opt/local/include/db48 -I/usr/local/opt/berkeley-db@4/include -DMAC_OSX -I/usr/local/include conftest.cpp >&5
configure:27789: $? = 0
configure:27803: result: yes
configure:27814: checking for exit in -lboost_program_options-mt
configure:27839: g++ -std=c++11 -o conftest -g -O2 -Wall -Wextra -Wformat -Wvla -Wformat-security -Wno-unused-parameter -Wno-self-assign -Wno-unused-local-typedef -Wno-deprecated-register -Wno-implicit-fallthrough  -DHAVE_BUILD_INFO -D__STDC_FORMAT_MACROS -isystem /opt/local/include -I/opt/local/include/db48 -I/usr/local/opt/berkeley-db@4/include -DMAC_OSX -I/usr/local/include  -Wl,-headerpad_max_install_names -Wl,-dead_strip -L/usr/local/lib conftest.cpp -lboost_program_options-mt   -L/opt/local/lib -L/opt/local/lib/db48 -L/usr/local/opt/berkeley-db@4/lib >&5
configure:27839: $? = 0
configure:27849: result: yes
configure:27992: checking whether the Boost::Thread library is available
configure:28024: g++ -std=c++11 -c -pthread -g -O2 -Wall -Wextra -Wformat -Wvla -Wformat-security -Wno-unused-parameter -Wno-self-assign -Wno-unused-local-typedef -Wno-deprecated-register -Wno-implicit-fallthrough  -DHAVE_BUILD_INFO -D__STDC_FORMAT_MACROS -isystem /opt/local/include -I/opt/local/include/db48 -I/usr/local/opt/berkeley-db@4/include -DMAC_OSX -I/usr/local/include conftest.cpp >&5
configure:28024: $? = 0
configure:28039: result: yes
configure:28069: checking for exit in -lboost_thread-mt
configure:28094: g++ -std=c++11 -o conftest -g -O2 -Wall -Wextra -Wformat -Wvla -Wformat-security -Wno-unused-parameter -Wno-self-assign -Wno-unused-local-typedef -Wno-deprecated-register -Wno-implicit-fallthrough  -DHAVE_BUILD_INFO -D__STDC_FORMAT_MACROS -isystem /opt/local/include -I/opt/local/include/db48 -I/usr/local/opt/berkeley-db@4/include -DMAC_OSX -I/usr/local/include  -Wl,-headerpad_max_install_names -Wl,-dead_strip -L/usr/local/lib conftest.cpp -lboost_thread-mt   -L/opt/local/lib -L/opt/local/lib/db48 -L/usr/local/opt/berkeley-db@4/lib >&5
configure:28094: $? = 0
configure:28104: result: yes
configure:28264: checking whether the Boost::Chrono library is available
configure:28288: g++ -std=c++11 -c -g -O2 -Wall -Wextra -Wformat -Wvla -Wformat-security -Wno-unused-parameter -Wno-self-assign -Wno-unused-local-typedef -Wno-deprecated-register -Wno-implicit-fallthrough  -DHAVE_BUILD_INFO -D__STDC_FORMAT_MACROS -isystem /opt/local/include -I/opt/local/include/db48 -I/usr/local/opt/berkeley-db@4/include -DMAC_OSX -pthread -I/usr/local/include conftest.cpp >&5
conftest.cpp:69:41: warning: unused variable 'time' [-Wunused-variable]
boost::chrono::system_clock::time_point time;
                                        ^
1 warning generated.
configure:28288: $? = 0
configure:28303: result: yes
configure:28319: checking for exit in -lboost_chrono-mt
configure:28344: g++ -std=c++11 -o conftest -g -O2 -Wall -Wextra -Wformat -Wvla -Wformat-security -Wno-unused-parameter -Wno-self-assign -Wno-unused-local-typedef -Wno-deprecated-register -Wno-implicit-fallthrough  -DHAVE_BUILD_INFO -D__STDC_FORMAT_MACROS -isystem /opt/local/include -I/opt/local/include/db48 -I/usr/local/opt/berkeley-db@4/include -DMAC_OSX -pthread -I/usr/local/include  -Wl,-headerpad_max_install_names -Wl,-dead_strip -L/usr/local/lib conftest.cpp -lboost_chrono-mt   -L/opt/local/lib -L/opt/local/lib/db48 -L/usr/local/opt/berkeley-db@4/lib >&5
configure:28344: $? = 0
configure:28354: result: yes
configure:28596: checking whether the Boost::Unit_Test_Framework library is available
configure:28619: g++ -std=c++11 -c -g -O2 -Wall -Wextra -Wformat -Wvla -Wformat-security -Wno-unused-parameter -Wno-self-assign -Wno-unused-local-typedef -Wno-deprecated-register -Wno-implicit-fallthrough  -DHAVE_BUILD_INFO -D__STDC_FORMAT_MACROS -isystem /opt/local/include -I/opt/local/include/db48 -I/usr/local/opt/berkeley-db@4/include -DMAC_OSX -DBOOST_SP_USE_STD_ATOMIC -DBOOST_AC_USE_STD_ATOMIC -pthread -I/usr/local/include conftest.cpp >&5
conftest.cpp:71:21: warning: unused variable 'test' [-Wunused-variable]
                                                         test_suite* test= BOOST_TEST_SUITE( "Unit test example 1" ); return 0;
                                                                     ^
1 warning generated.
configure:28619: $? = 0
configure:28633: result: yes
configure:28745: checking for dynamic linked boost test
configure:28760: g++ -std=c++11 -o conftest -g -O2 -Wall -Wextra -Wformat -Wvla -Wformat-security -Wno-unused-parameter -Wno-self-assign -Wno-unused-local-typedef -Wno-deprecated-register -Wno-implicit-fallthrough  -DHAVE_BUILD_INFO -D__STDC_FORMAT_MACROS -isystem /opt/local/include -I/opt/local/include/db48 -I/usr/local/opt/berkeley-db@4/include -DMAC_OSX -DBOOST_SP_USE_STD_ATOMIC -DBOOST_AC_USE_STD_ATOMIC -pthread -I/usr/local/include  -Wl,-headerpad_max_install_names -Wl,-dead_strip conftest.cpp  -L/opt/local/lib -L/opt/local/lib/db48 -L/usr/local/opt/berkeley-db@4/lib -L/usr/local/lib -lboost_unit_test_framework-mt >&5
configure:28760: $? = 0
configure:28761: result: yes
configure:28787: checking for mismatched boost c++11 scoped enums
configure:28815: g++ -std=c++11 -o conftest -g -O2 -Wall -Wextra -Wformat -Wvla -Wformat-security -Wno-unused-parameter -Wno-self-assign -Wno-unused-local-typedef -Wno-deprecated-register -Wno-implicit-fallthrough  -DHAVE_BUILD_INFO -D__STDC_FORMAT_MACROS -isystem /opt/local/include -I/opt/local/include/db48 -I/usr/local/opt/berkeley-db@4/include -DMAC_OSX -DBOOST_SP_USE_STD_ATOMIC -DBOOST_AC_USE_STD_ATOMIC -pthread -I/usr/local/include  -Wl,-headerpad_max_install_names -Wl,-dead_strip conftest.cpp -L/usr/local/lib -lboost_system -lboost_filesystem -lboost_program_options-mt -lboost_thread-mt -lboost_chrono-mt  -L/opt/local/lib -L/opt/local/lib/db48 -L/usr/local/opt/berkeley-db@4/lib >&5
conftest.cpp:84:5: error: use of undeclared identifier 'choke'
    choke;
    ^
1 error generated.
configure:28815: $? = 1
configure: failed program was:
| /* confdefs.h */
| #define PACKAGE_NAME "Wcccoin Core"
| #define PACKAGE_TARNAME "wcccoin"
| #define PACKAGE_VERSION "0.15.1"
| #define PACKAGE_STRING "Wcccoin Core 0.15.1"
| #define PACKAGE_BUGREPORT "https://github.com/wcccoin-project/wcccoin/issues"
| #define PACKAGE_URL "https://wcccoin.org/"
| #define HAVE_CXX11 1
| #define STDC_HEADERS 1
| #define HAVE_SYS_TYPES_H 1
| #define HAVE_SYS_STAT_H 1
| #define HAVE_STDLIB_H 1
| #define HAVE_STRING_H 1
| #define HAVE_MEMORY_H 1
| #define HAVE_STRINGS_H 1
| #define HAVE_INTTYPES_H 1
| #define HAVE_STDINT_H 1
| #define HAVE_UNISTD_H 1
| #define HAVE_DLFCN_H 1
| #define LT_OBJDIR ".libs/"
| #define HAVE_PTHREAD_PRIO_INHERIT 1
| #define HAVE_PTHREAD 1
| #define HAVE_DECL_STRERROR_R 1
| #define HAVE_STRERROR_R 1
| #define HAVE_STDIO_H 1
| #define HAVE_STDLIB_H 1
| #define HAVE_UNISTD_H 1
| #define HAVE_STRINGS_H 1
| #define HAVE_SYS_TYPES_H 1
| #define HAVE_SYS_STAT_H 1
| #define HAVE_SYS_SELECT_H 1
| #define HAVE_DECL_STRNLEN 1
| #define HAVE_DECL_DAEMON 1
| #define HAVE_DECL_LE16TOH 0
| #define HAVE_DECL_LE32TOH 0
| #define HAVE_DECL_LE64TOH 0
| #define HAVE_DECL_HTOLE16 0
| #define HAVE_DECL_HTOLE32 0
| #define HAVE_DECL_HTOLE64 0
| #define HAVE_DECL_BE16TOH 0
| #define HAVE_DECL_BE32TOH 0
| #define HAVE_DECL_BE64TOH 0
| #define HAVE_DECL_HTOBE16 0
| #define HAVE_DECL_HTOBE32 0
| #define HAVE_DECL_HTOBE64 0
| #define HAVE_DECL_BSWAP_16 0
| #define HAVE_DECL_BSWAP_32 0
| #define HAVE_DECL_BSWAP_64 0
| #define HAVE_DECL___BUILTIN_CLZ 0
| #define HAVE_DECL___BUILTIN_CLZL 0
| #define HAVE_DECL___BUILTIN_CLZLL 0
| #define HAVE_MSG_DONTWAIT 1
| #define HAVE_VISIBILITY_ATTRIBUTE 1
| #define HAVE_GETENTROPY_RAND 1
| #define HAVE_MINIUPNPC_MINIWGET_H 1
| #define HAVE_MINIUPNPC_MINIUPNPC_H 1
| #define HAVE_MINIUPNPC_UPNPCOMMANDS_H 1
| #define HAVE_MINIUPNPC_UPNPERRORS_H 1
| #define HAVE_BOOST /**/
| #define HAVE_BOOST_SYSTEM /**/
| #define HAVE_BOOST_FILESYSTEM /**/
| #define HAVE_BOOST_PROGRAM_OPTIONS /**/
| #define HAVE_BOOST_THREAD /**/
| #define HAVE_BOOST_CHRONO /**/
| #define HAVE_BOOST_UNIT_TEST_FRAMEWORK /**/
| /* end confdefs.h.  */
| 
|   #include "boost/config.hpp"
|   #include "boost/version.hpp"
|   #if !defined(BOOST_NO_SCOPED_ENUMS) && !defined(BOOST_NO_CXX11_SCOPED_ENUMS) && BOOST_VERSION < 105700
|   #define BOOST_NO_SCOPED_ENUMS
|   #define BOOST_NO_CXX11_SCOPED_ENUMS
|   #define CHECK
|   #endif
|   #include "boost/filesystem.hpp"
| 
| int
| main ()
| {
| 
|   #if defined(CHECK)
|     boost::filesystem::copy_file("foo", "bar");
|   #else
|     choke;
|   #endif
| 
|   ;
|   return 0;
| }
configure:28819: result: ok
configure:28851: g++ -std=c++11 -o conftest -g -O2 -Wall -Wextra -Wformat -Wvla -Wformat-security -Wno-unused-parameter -Wno-self-assign -Wno-unused-local-typedef -Wno-deprecated-register -Wno-implicit-fallthrough  -DHAVE_BUILD_INFO -D__STDC_FORMAT_MACROS -isystem /opt/local/include -I/opt/local/include/db48 -I/usr/local/opt/berkeley-db@4/include -DMAC_OSX -DBOOST_SP_USE_STD_ATOMIC -DBOOST_AC_USE_STD_ATOMIC -pthread -I/usr/local/include  -Wl,-headerpad_max_install_names -Wl,-dead_strip conftest.cpp -L/usr/local/lib -lboost_system -lboost_filesystem -lboost_program_options-mt -lboost_thread-mt -lboost_chrono-mt  -L/opt/local/lib -L/opt/local/lib/db48 -L/usr/local/opt/berkeley-db@4/lib >&5
configure:28851: $? = 0
configure:28913: checking for libssl
configure:28920: $PKG_CONFIG --exists --print-errors "libssl"
configure:28923: $? = 0
configure:28937: $PKG_CONFIG --exists --print-errors "libssl"
configure:28940: $? = 0
configure:28978: result: yes
configure:28984: checking for libcrypto
configure:28991: $PKG_CONFIG --exists --print-errors "libcrypto"
configure:28994: $? = 0
configure:29008: $PKG_CONFIG --exists --print-errors "libcrypto"
configure:29011: $? = 0
configure:29049: result: yes
configure:29058: checking for protobuf
configure:29065: $PKG_CONFIG --exists --print-errors "protobuf"
configure:29068: $? = 0
configure:29082: $PKG_CONFIG --exists --print-errors "protobuf"
configure:29085: $? = 0
configure:29145: result: yes
configure:29160: checking for libqrencode
configure:29167: $PKG_CONFIG --exists --print-errors "libqrencode"
Package libqrencode was not found in the pkg-config search path.
Perhaps you should add the directory containing `libqrencode.pc'
to the PKG_CONFIG_PATH environment variable
No package 'libqrencode' found
configure:29170: $? = 1
configure:29184: $PKG_CONFIG --exists --print-errors "libqrencode"
Package libqrencode was not found in the pkg-config search path.
Perhaps you should add the directory containing `libqrencode.pc'
to the PKG_CONFIG_PATH environment variable
No package 'libqrencode' found
configure:29187: $? = 1
configure:29201: result: no
No package 'libqrencode' found
configure:29238: checking for libevent
configure:29245: $PKG_CONFIG --exists --print-errors "libevent"
configure:29248: $? = 0
configure:29262: $PKG_CONFIG --exists --print-errors "libevent"
configure:29265: $? = 0
configure:29303: result: yes
configure:29310: checking for libevent_pthreads
configure:29317: $PKG_CONFIG --exists --print-errors "libevent_pthreads"
configure:29320: $? = 0
configure:29334: $PKG_CONFIG --exists --print-errors "libevent_pthreads"
configure:29337: $? = 0
configure:29375: result: yes
configure:29385: checking for libzmq >= 4
configure:29392: $PKG_CONFIG --exists --print-errors "libzmq >= 4"
Package libzmq was not found in the pkg-config search path.
Perhaps you should add the directory containing `libzmq.pc'
to the PKG_CONFIG_PATH environment variable
No package 'libzmq' found
configure:29395: $? = 1
configure:29409: $PKG_CONFIG --exists --print-errors "libzmq >= 4"
Package libzmq was not found in the pkg-config search path.
Perhaps you should add the directory containing `libzmq.pc'
to the PKG_CONFIG_PATH environment variable
No package 'libzmq' found
configure:29412: $? = 1
configure:29426: result: no
No package 'libzmq' found
configure:29445: WARNING: libzmq version 4.x or greater not found, disabling
configure:29853: checking whether EVP_MD_CTX_new is declared
configure:29853: g++ -std=c++11 -c -g -O2 -Wall -Wextra -Wformat -Wvla -Wformat-security -Wno-unused-parameter -Wno-self-assign -Wno-unused-local-typedef -Wno-deprecated-register -Wno-implicit-fallthrough -I/usr/local/Cellar/openssl@1.1/1.1.1g/include -I/usr/local/Cellar/openssl@1.1/1.1.1g/include  -DHAVE_BUILD_INFO -D__STDC_FORMAT_MACROS -isystem /opt/local/include -I/opt/local/include/db48 -I/usr/local/opt/berkeley-db@4/include -DMAC_OSX conftest.cpp >&5
configure:29853: $? = 0
configure:29853: result: yes
configure:30089: checking for protoc
configure:30107: found /opt/local/bin/protoc
configure:30119: result: /opt/local/bin/protoc
configure:30153: checking whether to build wcccoind
configure:30163: result: yes
configure:30166: checking whether to build utils (wcccoin-cli wcccoin-tx)
configure:30176: result: yes
configure:30179: checking whether to build libraries
configure:30196: result: yes
configure:30207: checking if ccache should be used
configure:30220: result: no
configure:30261: checking if wallet should be enabled
configure:30264: result: yes
configure:30277: checking whether to build with support for UPnP
configure:30287: result: yes
configure:30289: checking whether to build with UPnP enabled by default
configure:30297: result: no
configure:30315: checking whether to build GUI with support for D-Bus
configure:30322: result: yes
configure:30325: checking whether to build GUI with support for QR codes
configure:30331: result: no
configure:30352: checking whether to build test_wcccoin-qt
configure:30355: result: yes
configure:30373: checking whether to build test_wcccoin
configure:30376: result: yes
configure:30385: checking whether to enable sse2 instructions
configure:30396: result: no
configure:30400: checking whether to reduce exports
configure:30406: result: no
configure:30763: checking that generated files are newer than configure
configure:30769: result: done
configure:30893: creating ./config.status

## ---------------------- ##
## Running config.status. ##
## ---------------------- ##

This file was extended by Wcccoin Core config.status 0.15.1, which was
generated by GNU Autoconf 2.69.  Invocation command line was

  CONFIG_FILES    = 
  CONFIG_HEADERS  = 
  CONFIG_LINKS    = 
  CONFIG_COMMANDS = 
  $ ./config.status 

on admins-MacBook-Pro.local

config.status:1410: creating libbitcoinconsensus.pc
config.status:1410: creating Makefile
config.status:1410: creating src/Makefile
config.status:1410: creating doc/man/Makefile
config.status:1410: creating share/setup.nsi
config.status:1410: creating share/qt/Info.plist
config.status:1410: creating test/config.ini
config.status:1410: creating contrib/devtools/split-debug.sh
config.status:1410: creating doc/Doxyfile
config.status:1410: creating src/config/bitcoin-config.h
config.status:1670: executing depfiles commands
config.status:1747: cd src       && sed -e '/# am--include-marker/d' Makefile         | make -f - am--depfiles
config.status:1752: $? = 0
config.status:1670: executing libtool commands
configure:33417: === configuring in src/univalue (/Users/admin/desktop/wcccoin/src/univalue)
configure:33480: running /bin/sh ./configure --disable-option-checking '--prefix=/usr/local'  '--disable-shared' '--with-pic' '--with-bignum=no' '--enable-module-recovery' '--disable-jni' --cache-file=/dev/null --srcdir=.
configure:33417: === configuring in src/secp256k1 (/Users/admin/desktop/wcccoin/src/secp256k1)
configure:33480: running /bin/sh ./configure --disable-option-checking '--prefix=/usr/local'  '--disable-shared' '--with-pic' '--with-bignum=no' '--enable-module-recovery' '--disable-jni' --cache-file=/dev/null --srcdir=.

## ---------------- ##
## Cache variables. ##
## ---------------- ##

ac_cv_build=x86_64-apple-darwin17.7.0
ac_cv_c_bigendian=no
ac_cv_c_compiler_gnu=yes
ac_cv_cxx_compiler_gnu=yes
ac_cv_env_ARFLAGS_set=
ac_cv_env_ARFLAGS_value=
ac_cv_env_BDB_CFLAGS_set=
ac_cv_env_BDB_CFLAGS_value=
ac_cv_env_BDB_LIBS_set=
ac_cv_env_BDB_LIBS_value=
ac_cv_env_CCC_set=
ac_cv_env_CCC_value=
ac_cv_env_CC_set=
ac_cv_env_CC_value=
ac_cv_env_CFLAGS_set=
ac_cv_env_CFLAGS_value=
ac_cv_env_CPPFLAGS_set=
ac_cv_env_CPPFLAGS_value=
ac_cv_env_CPP_set=
ac_cv_env_CPP_value=
ac_cv_env_CRYPTO_CFLAGS_set=
ac_cv_env_CRYPTO_CFLAGS_value=
ac_cv_env_CRYPTO_LIBS_set=
ac_cv_env_CRYPTO_LIBS_value=
ac_cv_env_CXXCPP_set=
ac_cv_env_CXXCPP_value=
ac_cv_env_CXXFLAGS_set=
ac_cv_env_CXXFLAGS_value=
ac_cv_env_CXX_set=
ac_cv_env_CXX_value=
ac_cv_env_EVENT_CFLAGS_set=
ac_cv_env_EVENT_CFLAGS_value=
ac_cv_env_EVENT_LIBS_set=
ac_cv_env_EVENT_LIBS_value=
ac_cv_env_EVENT_PTHREADS_CFLAGS_set=
ac_cv_env_EVENT_PTHREADS_CFLAGS_value=
ac_cv_env_EVENT_PTHREADS_LIBS_set=
ac_cv_env_EVENT_PTHREADS_LIBS_value=
ac_cv_env_LDFLAGS_set=
ac_cv_env_LDFLAGS_value=
ac_cv_env_LIBS_set=
ac_cv_env_LIBS_value=
ac_cv_env_LT_SYS_LIBRARY_PATH_set=
ac_cv_env_LT_SYS_LIBRARY_PATH_value=
ac_cv_env_OBJCXXFLAGS_set=
ac_cv_env_OBJCXXFLAGS_value=
ac_cv_env_OBJCXX_set=
ac_cv_env_OBJCXX_value=
ac_cv_env_PKG_CONFIG_LIBDIR_set=
ac_cv_env_PKG_CONFIG_LIBDIR_value=
ac_cv_env_PKG_CONFIG_PATH_set=
ac_cv_env_PKG_CONFIG_PATH_value=
ac_cv_env_PKG_CONFIG_set=
ac_cv_env_PKG_CONFIG_value=
ac_cv_env_PROTOBUF_CFLAGS_set=
ac_cv_env_PROTOBUF_CFLAGS_value=
ac_cv_env_PROTOBUF_LIBS_set=
ac_cv_env_PROTOBUF_LIBS_value=
ac_cv_env_PYTHONPATH_set=
ac_cv_env_PYTHONPATH_value=
ac_cv_env_QR_CFLAGS_set=
ac_cv_env_QR_CFLAGS_value=
ac_cv_env_QR_LIBS_set=
ac_cv_env_QR_LIBS_value=
ac_cv_env_QT4_CFLAGS_set=
ac_cv_env_QT4_CFLAGS_value=
ac_cv_env_QT4_LIBS_set=
ac_cv_env_QT4_LIBS_value=
ac_cv_env_QT5_CFLAGS_set=
ac_cv_env_QT5_CFLAGS_value=
ac_cv_env_QT5_LIBS_set=
ac_cv_env_QT5_LIBS_value=
ac_cv_env_QTPLATFORM_CFLAGS_set=
ac_cv_env_QTPLATFORM_CFLAGS_value=
ac_cv_env_QTPLATFORM_LIBS_set=
ac_cv_env_QTPLATFORM_LIBS_value=
ac_cv_env_QTPRINT_CFLAGS_set=
ac_cv_env_QTPRINT_CFLAGS_value=
ac_cv_env_QTPRINT_LIBS_set=
ac_cv_env_QTPRINT_LIBS_value=
ac_cv_env_QTXCBQPA_CFLAGS_set=
ac_cv_env_QTXCBQPA_CFLAGS_value=
ac_cv_env_QTXCBQPA_LIBS_set=
ac_cv_env_QTXCBQPA_LIBS_value=
ac_cv_env_QT_DBUS_CFLAGS_set=
ac_cv_env_QT_DBUS_CFLAGS_value=
ac_cv_env_QT_DBUS_LIBS_set=
ac_cv_env_QT_DBUS_LIBS_value=
ac_cv_env_QT_TEST_CFLAGS_set=
ac_cv_env_QT_TEST_CFLAGS_value=
ac_cv_env_QT_TEST_LIBS_set=
ac_cv_env_QT_TEST_LIBS_value=
ac_cv_env_SSL_CFLAGS_set=
ac_cv_env_SSL_CFLAGS_value=
ac_cv_env_SSL_LIBS_set=
ac_cv_env_SSL_LIBS_value=
ac_cv_env_UNIVALUE_CFLAGS_set=
ac_cv_env_UNIVALUE_CFLAGS_value=
ac_cv_env_UNIVALUE_LIBS_set=
ac_cv_env_UNIVALUE_LIBS_value=
ac_cv_env_X11XCB_CFLAGS_set=
ac_cv_env_X11XCB_CFLAGS_value=
ac_cv_env_X11XCB_LIBS_set=
ac_cv_env_X11XCB_LIBS_value=
ac_cv_env_ZMQ_CFLAGS_set=
ac_cv_env_ZMQ_CFLAGS_value=
ac_cv_env_ZMQ_LIBS_set=
ac_cv_env_ZMQ_LIBS_value=
ac_cv_env_build_alias_set=
ac_cv_env_build_alias_value=
ac_cv_env_host_alias_set=
ac_cv_env_host_alias_value=
ac_cv_env_target_alias_set=
ac_cv_env_target_alias_value=
ac_cv_func_strerror_r=yes
ac_cv_func_strerror_r_char_p=no
ac_cv_have_decl_EVP_MD_CTX_new=yes
ac_cv_have_decl___builtin_clz=no
ac_cv_have_decl___builtin_clzl=no
ac_cv_have_decl___builtin_clzll=no
ac_cv_have_decl_be16toh=no
ac_cv_have_decl_be32toh=no
ac_cv_have_decl_be64toh=no
ac_cv_have_decl_bswap_16=no
ac_cv_have_decl_bswap_32=no
ac_cv_have_decl_bswap_64=no
ac_cv_have_decl_daemon=yes
ac_cv_have_decl_htobe16=no
ac_cv_have_decl_htobe32=no
ac_cv_have_decl_htobe64=no
ac_cv_have_decl_htole16=no
ac_cv_have_decl_htole32=no
ac_cv_have_decl_htole64=no
ac_cv_have_decl_le16toh=no
ac_cv_have_decl_le32toh=no
ac_cv_have_decl_le64toh=no
ac_cv_have_decl_strerror_r=yes
ac_cv_have_decl_strnlen=yes
ac_cv_header_byteswap_h=no
ac_cv_header_dlfcn_h=yes
ac_cv_header_endian_h=no
ac_cv_header_inttypes_h=yes
ac_cv_header_memory_h=yes
ac_cv_header_miniupnpc_miniupnpc_h=yes
ac_cv_header_miniupnpc_miniwget_h=yes
ac_cv_header_miniupnpc_upnpcommands_h=yes
ac_cv_header_miniupnpc_upnperrors_h=yes
ac_cv_header_stdc=yes
ac_cv_header_stdint_h=yes
ac_cv_header_stdio_h=yes
ac_cv_header_stdlib_h=yes
ac_cv_header_string_h=yes
ac_cv_header_strings_h=yes
ac_cv_header_sys_endian_h=no
ac_cv_header_sys_prctl_h=no
ac_cv_header_sys_select_h=yes
ac_cv_header_sys_stat_h=yes
ac_cv_header_sys_types_h=yes
ac_cv_header_unistd_h=yes
ac_cv_host=x86_64-apple-darwin17.7.0
ac_cv_lib_boost_chrono_mt___exit=yes
ac_cv_lib_boost_filesystem___exit=yes
ac_cv_lib_boost_program_options_mt___exit=yes
ac_cv_lib_boost_system___exit=yes
ac_cv_lib_boost_thread_mt___exit=yes
ac_cv_lib_db_cxx_4_8___main=yes
ac_cv_lib_miniupnpc_main=yes
ac_cv_objcxx_compiler_gnu=yes
ac_cv_objext=o
ac_cv_path_EGREP='/usr/bin/grep -E'
ac_cv_path_FGREP='/usr/bin/grep -F'
ac_cv_path_GIT=/opt/local/bin/git
ac_cv_path_GREP=/usr/bin/grep
ac_cv_path_HEXDUMP=/usr/bin/hexdump
ac_cv_path_LRELEASE=/usr/local/Cellar/qt/5.12.0/bin/lrelease
ac_cv_path_LUPDATE=/usr/local/Cellar/qt/5.12.0/bin/lupdate
ac_cv_path_MOC=/usr/local/Cellar/qt/5.12.0/bin/moc
ac_cv_path_PROTOC=/opt/local/bin/protoc
ac_cv_path_PYTHON=/usr/local/bin/python3.6
ac_cv_path_RCC=/usr/local/Cellar/qt/5.12.0/bin/rcc
ac_cv_path_RSVG_CONVERT=/usr/local/bin/rsvg-convert
ac_cv_path_SED=/usr/bin/sed
ac_cv_path_UIC=/usr/local/Cellar/qt/5.12.0/bin/uic
ac_cv_path_XGETTEXT=/opt/local/bin/xgettext
ac_cv_path_ac_pt_AR=/usr/bin/ar
ac_cv_path_ac_pt_CPPFILT=/usr/bin/c++filt
ac_cv_path_ac_pt_GCOV=/usr/bin/gcov
ac_cv_path_ac_pt_PKG_CONFIG=/opt/local/bin/pkg-config
ac_cv_path_ac_pt_RANLIB=/usr/bin/ranlib
ac_cv_path_ac_pt_STRIP=/usr/bin/strip
ac_cv_path_install='/usr/bin/install -c'
ac_cv_path_lt_DD=/bin/dd
ac_cv_prog_AWK=awk
ac_cv_prog_BREW=brew
ac_cv_prog_CPP='gcc -E'
ac_cv_prog_CXXCPP='g++ -std=c++11 -E'
ac_cv_prog_PORT=port
ac_cv_prog_ac_ct_AR=ar
ac_cv_prog_ac_ct_CC=gcc
ac_cv_prog_ac_ct_CXX=g++
ac_cv_prog_ac_ct_DSYMUTIL=dsymutil
ac_cv_prog_ac_ct_LIPO=lipo
ac_cv_prog_ac_ct_NMEDIT=nmedit
ac_cv_prog_ac_ct_OBJDUMP=objdump
ac_cv_prog_ac_ct_OTOOL=otool
ac_cv_prog_ac_ct_RANLIB=ranlib
ac_cv_prog_ac_ct_STRIP=strip
ac_cv_prog_cc_c89=
ac_cv_prog_cc_g=yes
ac_cv_prog_cxx_g=yes
ac_cv_prog_make_make_set=yes
ac_cv_prog_objcxx_g=yes
ac_cv_search_clock_gettime='none required'
ac_cv_sys_file_offset_bits=no
ac_cv_sys_largefile_CC=no
am_cv_CC_dependencies_compiler_type=gcc3
am_cv_CXX_dependencies_compiler_type=gcc3
am_cv_OBJCXX_dependencies_compiler_type=gcc3
am_cv_make_support_nested_variables=yes
am_cv_prog_cc_c_o=yes
ax_cv_PTHREAD_CLANG=yes
ax_cv_PTHREAD_CLANG_NO_WARN_FLAG=no
ax_cv_PTHREAD_JOINABLE_ATTR=PTHREAD_CREATE_JOINABLE
ax_cv_PTHREAD_PRIO_INHERIT=yes
ax_cv_PTHREAD_SPECIAL_FLAGS=no
ax_cv_boost_chrono=yes
ax_cv_boost_filesystem=yes
ax_cv_boost_program_options=yes
ax_cv_boost_system=yes
ax_cv_boost_thread=yes
ax_cv_boost_unit_test_framework=yes
ax_cv_check_cxxcppflags___D_FORTIFY_SOURCE_2=yes
ax_cv_check_cxxcppflags___U_FORTIFY_SOURCE=yes
ax_cv_check_cxxflags__Wall=yes
ax_cv_check_cxxflags__Wdeprecated_register=yes
ax_cv_check_cxxflags__Wextra=yes
ax_cv_check_cxxflags__Wformat=yes
ax_cv_check_cxxflags__Wformat_security=yes
ax_cv_check_cxxflags__Wimplicit_fallthrough=yes
ax_cv_check_cxxflags__Wself_assign=yes
ax_cv_check_cxxflags__Wunused_local_typedef=yes
ax_cv_check_cxxflags__Wunused_parameter=yes
ax_cv_check_cxxflags__Wvla=yes
ax_cv_check_cxxflags___Werror=yes
ax_cv_check_cxxflags___Wstack_protector=yes
ax_cv_check_cxxflags___fPIC=yes
ax_cv_check_cxxflags___fPIE=yes
ax_cv_check_cxxflags___fstack_protector_all=yes
ax_cv_check_cxxflags__msse4_2=yes
ax_cv_check_ldflags___Wl___dynamicbase=no
ax_cv_check_ldflags___Wl___high_entropy_va=no
ax_cv_check_ldflags___Wl___large_address_aware=no
ax_cv_check_ldflags___Wl___nxcompat=no
ax_cv_check_ldflags___Wl__dead_strip=yes
ax_cv_check_ldflags___Wl__headerpad_max_install_names=yes
ax_cv_check_ldflags___Wl__z_now=no
ax_cv_check_ldflags___Wl__z_relro=no
ax_cv_check_ldflags___framework_Foundation__framework_ApplicationServices__framework_AppKit=yes
ax_cv_check_ldflags___pie=yes
ax_cv_cxx_compile_cxx11__std_cpp11=yes
ax_cv_have_func_attribute_dllexport=no
ax_cv_have_func_attribute_dllimport=no
ax_cv_have_func_attribute_visibility=no
bitcoin_cv_static_qt=no
lt_cv_apple_cc_single_mod=yes
lt_cv_ar_at_file=no
lt_cv_deplibs_check_method=pass_all
lt_cv_file_magic_cmd='$MAGIC_CMD'
lt_cv_file_magic_test_file=
lt_cv_ld_exported_symbols_list=yes
lt_cv_ld_force_load=yes
lt_cv_ld_reload_flag=-r
lt_cv_nm_interface='BSD nm'
lt_cv_objdir=.libs
lt_cv_path_LD=/Applications/Xcode.app/Contents/Developer/Toolchains/XcodeDefault.xctoolchain/usr/bin/ld
lt_cv_path_LDCXX=/Applications/Xcode.app/Contents/Developer/Toolchains/XcodeDefault.xctoolchain/usr/bin/ld
lt_cv_path_NM='/usr/bin/nm -B'
lt_cv_path_mainfest_tool=no
lt_cv_prog_compiler_c_o=yes
lt_cv_prog_compiler_c_o_CXX=yes
lt_cv_prog_compiler_pic='-fno-common -DPIC'
lt_cv_prog_compiler_pic_CXX='-fno-common -DPIC'
lt_cv_prog_compiler_pic_works=yes
lt_cv_prog_compiler_pic_works_CXX=yes
lt_cv_prog_compiler_rtti_exceptions=yes
lt_cv_prog_compiler_static_works=no
lt_cv_prog_compiler_static_works_CXX=no
lt_cv_prog_gnu_ld=no
lt_cv_prog_gnu_ldcxx=no
lt_cv_sharedlib_from_linklib_cmd='printf %s\n'
lt_cv_sys_global_symbol_pipe='sed -n -e '\''s/^.*[	 ]\([BCDEGRST][BCDEGRST]*\)[	 ][	 ]*_\([_A-Za-z][_A-Za-z0-9]*\)$/\1 _\2 \2/p'\'' | sed '\''/ __gnu_lto/d'\'''
lt_cv_sys_global_symbol_to_c_name_address='sed -n -e '\''s/^: \(.*\) .*$/  {"\1", (void *) 0},/p'\'' -e '\''s/^[BCDEGRST][BCDEGRST]* .* \(.*\)$/  {"\1", (void *) \&\1},/p'\'''
lt_cv_sys_global_symbol_to_c_name_address_lib_prefix='sed -n -e '\''s/^: \(.*\) .*$/  {"\1", (void *) 0},/p'\'' -e '\''s/^[BCDEGRST][BCDEGRST]* .* \(lib.*\)$/  {"\1", (void *) \&\1},/p'\'' -e '\''s/^[BCDEGRST][BCDEGRST]* .* \(.*\)$/  {"lib\1", (void *) \&\1},/p'\'''
lt_cv_sys_global_symbol_to_cdecl='sed -n -e '\''s/^T .* \(.*\)$/extern int \1();/p'\'' -e '\''s/^[BCDEGRST][BCDEGRST]* .* \(.*\)$/extern char \1;/p'\'''
lt_cv_sys_global_symbol_to_import=
lt_cv_sys_max_cmd_len=196608
lt_cv_to_host_file_cmd=func_convert_file_noop
lt_cv_to_tool_file_cmd=func_convert_file_noop
lt_cv_truncate_bin='/bin/dd bs=4096 count=1'
pkg_cv_CRYPTO_CFLAGS=-I/usr/local/Cellar/openssl@1.1/1.1.1g/include
pkg_cv_CRYPTO_LIBS='-L/usr/local/Cellar/openssl@1.1/1.1.1g/lib -lcrypto'
pkg_cv_EVENT_CFLAGS=-I/opt/local/include
pkg_cv_EVENT_LIBS='-L/opt/local/lib -levent'
pkg_cv_EVENT_PTHREADS_CFLAGS='-D_THREAD_SAFE -I/opt/local/include'
pkg_cv_EVENT_PTHREADS_LIBS='-L/opt/local/lib -levent_pthreads -levent'
pkg_cv_PROTOBUF_CFLAGS='-D_THREAD_SAFE -I/opt/local/include'
pkg_cv_PROTOBUF_LIBS='-L/opt/local/lib -lprotobuf -D_THREAD_SAFE'
pkg_cv_QT5_CFLAGS='-DQT_NETWORK_LIB -F/usr/local/Cellar/qt/5.12.0/lib -DQT_WIDGETS_LIB -F/usr/local/Cellar/qt/5.12.0/lib -DQT_GUI_LIB -F/usr/local/Cellar/qt/5.12.0/lib -DQT_CORE_LIB -F/usr/local/Cellar/qt/5.12.0/lib -I/usr/local/Cellar/qt/5.12.0/lib/QtNetwork.framework/Headers -I/usr/local/Cellar/qt/5.12.0/lib/QtWidgets.framework/Headers -I/usr/local/Cellar/qt/5.12.0/lib/QtGui.framework/Headers -I/usr/local/Cellar/qt/5.12.0/lib/QtCore.framework/Headers'
pkg_cv_QT5_LIBS='-F/usr/local/Cellar/qt/5.12.0/lib -framework QtNetwork -F/usr/local/Cellar/qt/5.12.0/lib -framework QtWidgets -F/usr/local/Cellar/qt/5.12.0/lib -framework QtGui -F/usr/local/Cellar/qt/5.12.0/lib -framework QtCore'
pkg_cv_QT_DBUS_CFLAGS='-DQT_DBUS_LIB -F/usr/local/Cellar/qt/5.12.0/lib -DQT_CORE_LIB -F/usr/local/Cellar/qt/5.12.0/lib -I/usr/local/Cellar/qt/5.12.0/lib/QtDBus.framework/Headers -I/usr/local/Cellar/qt/5.12.0/lib/QtCore.framework/Headers'
pkg_cv_QT_DBUS_LIBS='-F/usr/local/Cellar/qt/5.12.0/lib -framework QtDBus -F/usr/local/Cellar/qt/5.12.0/lib -framework QtCore'
pkg_cv_QT_TEST_CFLAGS='-DQT_TESTLIB_LIB -F/usr/local/Cellar/qt/5.12.0/lib -DQT_CORE_LIB -F/usr/local/Cellar/qt/5.12.0/lib -I/usr/local/Cellar/qt/5.12.0/lib/QtTest.framework/Headers -I/usr/local/Cellar/qt/5.12.0/lib/QtCore.framework/Headers'
pkg_cv_QT_TEST_LIBS='-F/usr/local/Cellar/qt/5.12.0/lib -framework QtTest -F/usr/local/Cellar/qt/5.12.0/lib -framework QtCore'
pkg_cv_SSL_CFLAGS=-I/usr/local/Cellar/openssl@1.1/1.1.1g/include
pkg_cv_SSL_LIBS='-L/usr/local/Cellar/openssl@1.1/1.1.1g/lib -lssl'

## ----------------- ##
## Output variables. ##
## ----------------- ##

ACLOCAL='${SHELL} /Users/admin/desktop/wcccoin/build-aux/missing aclocal-1.16'
AMDEPBACKSLASH='\'
AMDEP_FALSE='#'
AMDEP_TRUE=''
AMTAR='$${TAR-tar}'
AM_BACKSLASH='\'
AM_DEFAULT_V='$(AM_DEFAULT_VERBOSITY)'
AM_DEFAULT_VERBOSITY='0'
AM_V='$(V)'
AR='/usr/bin/ar'
ARFLAGS='cr'
AUTOCONF='${SHELL} /Users/admin/desktop/wcccoin/build-aux/missing autoconf'
AUTOHEADER='${SHELL} /Users/admin/desktop/wcccoin/build-aux/missing autoheader'
AUTOMAKE='${SHELL} /Users/admin/desktop/wcccoin/build-aux/missing automake-1.16'
AWK='awk'
BDB_CFLAGS=''
BDB_CPPFLAGS=' -I/opt/local/include/db48/'
BDB_LIBS='-ldb_cxx-4.8'
BITCOIN_CLI_NAME='wcccoin-cli'
BITCOIN_DAEMON_NAME='wcccoind'
BITCOIN_GUI_NAME='wcccoin-qt'
BITCOIN_TX_NAME='wcccoin-tx'
BOOST_CHRONO_LIB='-lboost_chrono-mt'
BOOST_CPPFLAGS='-DBOOST_SP_USE_STD_ATOMIC -DBOOST_AC_USE_STD_ATOMIC -pthread -I/usr/local/include'
BOOST_FILESYSTEM_LIB='-lboost_filesystem'
BOOST_LDFLAGS='-L/usr/local/lib'
BOOST_LIBS='-L/usr/local/lib -lboost_system -lboost_filesystem -lboost_program_options-mt -lboost_thread-mt -lboost_chrono-mt'
BOOST_PROGRAM_OPTIONS_LIB='-lboost_program_options-mt'
BOOST_SYSTEM_LIB='-lboost_system'
BOOST_THREAD_LIB='-lboost_thread-mt'
BOOST_UNIT_TEST_FRAMEWORK_LIB='-lboost_unit_test_framework-mt'
BREW='brew'
BUILD_BITCOIND_FALSE='#'
BUILD_BITCOIND_TRUE=''
BUILD_BITCOIN_LIBS_FALSE='#'
BUILD_BITCOIN_LIBS_TRUE=''
BUILD_BITCOIN_UTILS_FALSE='#'
BUILD_BITCOIN_UTILS_TRUE=''
BUILD_DARWIN_FALSE='#'
BUILD_DARWIN_TRUE=''
CC='gcc'
CCACHE=''
CCDEPMODE='depmode=gcc3'
CFLAGS='-g -O2'
CLIENT_VERSION_BUILD='0'
CLIENT_VERSION_IS_RELEASE='true'
CLIENT_VERSION_MAJOR='0'
CLIENT_VERSION_MINOR='15'
CLIENT_VERSION_REVISION='1'
COPYRIGHT_HOLDERS='The %s developers'
COPYRIGHT_HOLDERS_FINAL='The Wcccoin Core developers'
COPYRIGHT_HOLDERS_SUBSTITUTION='Wcccoin Core'
COPYRIGHT_YEAR='2018'
CPP='gcc -E'
CPPFILT='/usr/bin/c++filt'
CPPFLAGS=' -DHAVE_BUILD_INFO -D__STDC_FORMAT_MACROS -isystem /opt/local/include -I/opt/local/include/db48 -I/usr/local/opt/berkeley-db@4/include -DMAC_OSX'
CRYPTO_CFLAGS='-I/usr/local/Cellar/openssl@1.1/1.1.1g/include'
CRYPTO_LIBS='-L/usr/local/Cellar/openssl@1.1/1.1.1g/lib -lcrypto'
CXX='g++ -std=c++11'
CXXCPP='g++ -std=c++11 -E'
CXXDEPMODE='depmode=gcc3'
CXXFLAGS='-g -O2 -Wall -Wextra -Wformat -Wvla -Wformat-security -Wno-unused-parameter -Wno-self-assign -Wno-unused-local-typedef -Wno-deprecated-register -Wno-implicit-fallthrough'
CYGPATH_W='echo'
DEFS='-DHAVE_CONFIG_H'
DEPDIR='.deps'
DLLTOOL='false'
DSYMUTIL='dsymutil'
DUMPBIN=''
ECHO_C='\c'
ECHO_N=''
ECHO_T=''
EGREP='/usr/bin/grep -E'
EMBEDDED_LEVELDB_FALSE='#'
EMBEDDED_LEVELDB_TRUE=''
EMBEDDED_UNIVALUE_FALSE='#'
EMBEDDED_UNIVALUE_TRUE=''
ENABLE_BENCH_FALSE='#'
ENABLE_BENCH_TRUE=''
ENABLE_HWCRC32_FALSE='#'
ENABLE_HWCRC32_TRUE=''
ENABLE_MAN_FALSE='#'
ENABLE_MAN_TRUE=''
ENABLE_QT_FALSE='#'
ENABLE_QT_TESTS_FALSE='#'
ENABLE_QT_TESTS_TRUE=''
ENABLE_QT_TRUE=''
ENABLE_TESTS_FALSE='#'
ENABLE_TESTS_TRUE=''
ENABLE_WALLET_FALSE='#'
ENABLE_WALLET_TRUE=''
ENABLE_ZMQ_FALSE=''
ENABLE_ZMQ_TRUE='#'
ERROR_CXXFLAGS=''
EVENT_CFLAGS='-I/opt/local/include'
EVENT_LIBS='-L/opt/local/lib -levent'
EVENT_PTHREADS_CFLAGS='-D_THREAD_SAFE -I/opt/local/include'
EVENT_PTHREADS_LIBS='-L/opt/local/lib -levent_pthreads -levent'
EXEEXT=''
EXPERIMENTAL_ASM_FALSE=''
EXPERIMENTAL_ASM_TRUE='#'
EXTENDED_FUNCTIONAL_TESTS=''
FGREP='/usr/bin/grep -F'
GCOV='/usr/bin/gcov'
GENHTML=''
GENISOIMAGE=''
GIT='/opt/local/bin/git'
GLIBC_BACK_COMPAT_FALSE=''
GLIBC_BACK_COMPAT_TRUE='#'
GREP='/usr/bin/grep'
HARDENED_CPPFLAGS=' -U_FORTIFY_SOURCE -D_FORTIFY_SOURCE=2'
HARDENED_CXXFLAGS=' -Wstack-protector -fstack-protector-all'
HARDENED_LDFLAGS=' -pie'
HARDEN_FALSE='#'
HARDEN_TRUE=''
HAVE_CXX11='1'
HEXDUMP='/usr/bin/hexdump'
IMAGEMAGICK_CONVERT=''
INSTALLNAMETOOL=''
INSTALL_DATA='${INSTALL} -m 644'
INSTALL_PROGRAM='${INSTALL}'
INSTALL_SCRIPT='${INSTALL}'
INSTALL_STRIP_PROGRAM='$(install_sh) -c -s'
LCOV=''
LCOV_OPTS=''
LD='/Applications/Xcode.app/Contents/Developer/Toolchains/XcodeDefault.xctoolchain/usr/bin/ld'
LDFLAGS=' -Wl,-headerpad_max_install_names -Wl,-dead_strip'
LEVELDB_CPPFLAGS=''
LEVELDB_TARGET_FLAGS='-DOS_MACOSX'
LIBLEVELDB=''
LIBMEMENV=''
LIBOBJS=''
LIBS=' -L/opt/local/lib -L/opt/local/lib/db48 -L/usr/local/opt/berkeley-db@4/lib'
LIBTOOL='$(SHELL) $(top_builddir)/libtool'
LIBTOOL_APP_LDFLAGS=''
LIPO='lipo'
LN_S='ln -s'
LRELEASE='/usr/local/Cellar/qt/5.12.0/bin/lrelease'
LTLIBOBJS=''
LT_SYS_LIBRARY_PATH=''
LUPDATE='/usr/local/Cellar/qt/5.12.0/bin/lupdate'
MAINT=''
MAINTAINER_MODE_FALSE='#'
MAINTAINER_MODE_TRUE=''
MAKEINFO='${SHELL} /Users/admin/desktop/wcccoin/build-aux/missing makeinfo'
MAKENSIS=''
MANIFEST_TOOL=':'
MINIUPNPC_CPPFLAGS=''
MINIUPNPC_LIBS='-lminiupnpc'
MKDIR_P='build-aux/install-sh -c -d'
MOC='/usr/local/Cellar/qt/5.12.0/bin/moc'
MOC_DEFS='-DHAVE_CONFIG_H -I$(srcdir) -DQ_OS_MAC'
NM='/usr/bin/nm -B'
NMEDIT='nmedit'
OBJCOPY=''
OBJCXX='g++ -std=c++11'
OBJCXXDEPMODE='depmode=gcc3'
OBJCXXFLAGS='-g -O2 -Wall -Wextra -Wformat -Wvla -Wformat-security -Wno-unused-parameter -Wno-self-assign -Wno-unused-local-typedef -Wno-deprecated-register -Wno-implicit-fallthrough'
OBJDUMP='objdump'
OBJEXT='o'
OTOOL64=':'
OTOOL='otool'
PACKAGE='wcccoin'
PACKAGE_BUGREPORT='https://github.com/wcccoin-project/wcccoin/issues'
PACKAGE_NAME='Wcccoin Core'
PACKAGE_STRING='Wcccoin Core 0.15.1'
PACKAGE_TARNAME='wcccoin'
PACKAGE_URL='https://wcccoin.org/'
PACKAGE_VERSION='0.15.1'
PATH_SEPARATOR=':'
PIC_FLAGS='-fPIC'
PIE_FLAGS='-fPIE'
PKG_CONFIG='/opt/local/bin/pkg-config'
PKG_CONFIG_LIBDIR=''
PKG_CONFIG_PATH='/usr/local/opt/qt/lib/pkgconfig:/usr/local/opt/openssl@1.1/lib/pkgconfig:'
PORT='port'
PROTOBUF_CFLAGS='-D_THREAD_SAFE -I/opt/local/include'
PROTOBUF_LIBS='-L/opt/local/lib -lprotobuf -D_THREAD_SAFE'
PROTOC='/opt/local/bin/protoc'
PTHREAD_CC='gcc'
PTHREAD_CFLAGS='-pthread'
PTHREAD_LIBS=''
PYTHON='/usr/local/bin/python3.6'
PYTHONPATH=''
QR_CFLAGS=''
QR_LIBS=''
QT4_CFLAGS=''
QT4_LIBS=''
QT5_CFLAGS='-DQT_NETWORK_LIB -F/usr/local/Cellar/qt/5.12.0/lib -DQT_WIDGETS_LIB -F/usr/local/Cellar/qt/5.12.0/lib -DQT_GUI_LIB -F/usr/local/Cellar/qt/5.12.0/lib -DQT_CORE_LIB -F/usr/local/Cellar/qt/5.12.0/lib -I/usr/local/Cellar/qt/5.12.0/lib/QtNetwork.framework/Headers -I/usr/local/Cellar/qt/5.12.0/lib/QtWidgets.framework/Headers -I/usr/local/Cellar/qt/5.12.0/lib/QtGui.framework/Headers -I/usr/local/Cellar/qt/5.12.0/lib/QtCore.framework/Headers'
QT5_LIBS='-F/usr/local/Cellar/qt/5.12.0/lib -framework QtNetwork -F/usr/local/Cellar/qt/5.12.0/lib -framework QtWidgets -F/usr/local/Cellar/qt/5.12.0/lib -framework QtGui -F/usr/local/Cellar/qt/5.12.0/lib -framework QtCore'
QTPLATFORM_CFLAGS=''
QTPLATFORM_LIBS=''
QTPRINT_CFLAGS=''
QTPRINT_LIBS=''
QTXCBQPA_CFLAGS=''
QTXCBQPA_LIBS=''
QT_DBUS_CFLAGS='-DQT_DBUS_LIB -F/usr/local/Cellar/qt/5.12.0/lib -DQT_CORE_LIB -F/usr/local/Cellar/qt/5.12.0/lib -I/usr/local/Cellar/qt/5.12.0/lib/QtDBus.framework/Headers -I/usr/local/Cellar/qt/5.12.0/lib/QtCore.framework/Headers'
QT_DBUS_INCLUDES='-DQT_DBUS_LIB -F/usr/local/Cellar/qt/5.12.0/lib -DQT_CORE_LIB -F/usr/local/Cellar/qt/5.12.0/lib -I/usr/local/Cellar/qt/5.12.0/lib/QtDBus.framework/Headers -I/usr/local/Cellar/qt/5.12.0/lib/QtCore.framework/Headers'
QT_DBUS_LIBS='-F/usr/local/Cellar/qt/5.12.0/lib -framework QtDBus -F/usr/local/Cellar/qt/5.12.0/lib -framework QtCore'
QT_INCLUDES='-DQT_NETWORK_LIB -F/usr/local/Cellar/qt/5.12.0/lib -DQT_WIDGETS_LIB -F/usr/local/Cellar/qt/5.12.0/lib -DQT_GUI_LIB -F/usr/local/Cellar/qt/5.12.0/lib -DQT_CORE_LIB -F/usr/local/Cellar/qt/5.12.0/lib -I/usr/local/Cellar/qt/5.12.0/lib/QtNetwork.framework/Headers -I/usr/local/Cellar/qt/5.12.0/lib/QtWidgets.framework/Headers -I/usr/local/Cellar/qt/5.12.0/lib/QtGui.framework/Headers -I/usr/local/Cellar/qt/5.12.0/lib/QtCore.framework/Headers'
QT_LDFLAGS=''
QT_LIBS='-F/usr/local/Cellar/qt/5.12.0/lib -framework QtNetwork -F/usr/local/Cellar/qt/5.12.0/lib -framework QtWidgets -F/usr/local/Cellar/qt/5.12.0/lib -framework QtGui -F/usr/local/Cellar/qt/5.12.0/lib -framework QtCore -framework Foundation -framework ApplicationServices -framework AppKit'
QT_PIE_FLAGS='-fPIE'
QT_SELECT='qt5'
QT_TEST_CFLAGS='-DQT_TESTLIB_LIB -F/usr/local/Cellar/qt/5.12.0/lib -DQT_CORE_LIB -F/usr/local/Cellar/qt/5.12.0/lib -I/usr/local/Cellar/qt/5.12.0/lib/QtTest.framework/Headers -I/usr/local/Cellar/qt/5.12.0/lib/QtCore.framework/Headers'
QT_TEST_INCLUDES='-DQT_TESTLIB_LIB -F/usr/local/Cellar/qt/5.12.0/lib -DQT_CORE_LIB -F/usr/local/Cellar/qt/5.12.0/lib -I/usr/local/Cellar/qt/5.12.0/lib/QtTest.framework/Headers -I/usr/local/Cellar/qt/5.12.0/lib/QtCore.framework/Headers'
QT_TEST_LIBS='-F/usr/local/Cellar/qt/5.12.0/lib -framework QtTest -F/usr/local/Cellar/qt/5.12.0/lib -framework QtCore'
QT_TRANSLATION_DIR=''
RANLIB='/usr/bin/ranlib'
RCC='/usr/local/Cellar/qt/5.12.0/bin/rcc'
READELF=''
RELDFLAGS=''
RSVG_CONVERT='/usr/local/bin/rsvg-convert'
SED='/usr/bin/sed'
SET_MAKE=''
SHELL='/bin/sh'
SSE42_CXXFLAGS='-msse4.2'
SSL_CFLAGS='-I/usr/local/Cellar/openssl@1.1/1.1.1g/include'
SSL_LIBS='-L/usr/local/Cellar/openssl@1.1/1.1.1g/lib -lssl'
STRIP='/usr/bin/strip'
TARGET_DARWIN_FALSE='#'
TARGET_DARWIN_TRUE=''
TARGET_WINDOWS_FALSE=''
TARGET_WINDOWS_TRUE='#'
TESTDEFS=' -DBOOST_TEST_DYN_LINK'
TIFFCP=''
UIC='/usr/local/Cellar/qt/5.12.0/bin/uic'
UNIVALUE_CFLAGS='-I$(srcdir)/univalue/include'
UNIVALUE_LIBS='univalue/libunivalue.la'
USE_LCOV_FALSE=''
USE_LCOV_TRUE='#'
USE_QRCODE=''
USE_QRCODE_FALSE=''
USE_QRCODE_TRUE='#'
USE_SSE2=''
USE_SSE2_FALSE=''
USE_SSE2_TRUE='#'
USE_UPNP=''
VERSION='0.15.1'
WINDOWS_BITS=''
WINDRES=''
X11XCB_CFLAGS=''
X11XCB_LIBS=''
XGETTEXT='/opt/local/bin/xgettext'
ZMQ_CFLAGS=''
ZMQ_LIBS=''
ac_ct_AR='ar'
ac_ct_CC='gcc'
ac_ct_CXX='g++'
ac_ct_DUMPBIN=''
ac_ct_OBJCXX=''
am__EXEEXT_FALSE=''
am__EXEEXT_TRUE='#'
am__fastdepCC_FALSE='#'
am__fastdepCC_TRUE=''
am__fastdepCXX_FALSE='#'
am__fastdepCXX_TRUE=''
am__fastdepOBJCXX_FALSE='#'
am__fastdepOBJCXX_TRUE=''
am__include='include'
am__isrc=''
am__leading_dot='.'
am__nodep='_no'
am__quote=''
am__tar='$${TAR-tar} chof - "$$tardir"'
am__untar='$${TAR-tar} xf -'
ax_pthread_config=''
bindir='${exec_prefix}/bin'
build='x86_64-apple-darwin17.7.0'
build_alias=''
build_cpu='x86_64'
build_os='darwin17.7.0'
build_vendor='apple'
datadir='${datarootdir}'
datarootdir='${prefix}/share'
docdir='${datarootdir}/doc/${PACKAGE_TARNAME}'
dvidir='${docdir}'
exec_prefix='${prefix}'
host='x86_64-apple-darwin17.7.0'
host_alias=''
host_cpu='x86_64'
host_os='darwin17.7.0'
host_vendor='apple'
htmldir='${docdir}'
includedir='${prefix}/include'
infodir='${datarootdir}/info'
install_sh='${SHELL} /Users/admin/desktop/wcccoin/build-aux/install-sh'
libdir='${exec_prefix}/lib'
libexecdir='${exec_prefix}/libexec'
localedir='${datarootdir}/locale'
localstatedir='${prefix}/var'
mandir='${datarootdir}/man'
mkdir_p='$(MKDIR_P)'
oldincludedir='/usr/include'
pdfdir='${docdir}'
prefix='/usr/local'
program_transform_name='s,x,x,'
psdir='${docdir}'
sbindir='${exec_prefix}/sbin'
sharedstatedir='${prefix}/com'
subdirs=' src/univalue src/secp256k1'
sysconfdir='${prefix}/etc'
target_alias=''

## ----------- ##
## confdefs.h. ##
## ----------- ##

/* confdefs.h */
#define PACKAGE_NAME "Wcccoin Core"
#define PACKAGE_TARNAME "wcccoin"
#define PACKAGE_VERSION "0.15.1"
#define PACKAGE_STRING "Wcccoin Core 0.15.1"
#define PACKAGE_BUGREPORT "https://github.com/wcccoin-project/wcccoin/issues"
#define PACKAGE_URL "https://wcccoin.org/"
#define HAVE_CXX11 1
#define STDC_HEADERS 1
#define HAVE_SYS_TYPES_H 1
#define HAVE_SYS_STAT_H 1
#define HAVE_STDLIB_H 1
#define HAVE_STRING_H 1
#define HAVE_MEMORY_H 1
#define HAVE_STRINGS_H 1
#define HAVE_INTTYPES_H 1
#define HAVE_STDINT_H 1
#define HAVE_UNISTD_H 1
#define HAVE_DLFCN_H 1
#define LT_OBJDIR ".libs/"
#define HAVE_PTHREAD_PRIO_INHERIT 1
#define HAVE_PTHREAD 1
#define HAVE_DECL_STRERROR_R 1
#define HAVE_STRERROR_R 1
#define HAVE_STDIO_H 1
#define HAVE_STDLIB_H 1
#define HAVE_UNISTD_H 1
#define HAVE_STRINGS_H 1
#define HAVE_SYS_TYPES_H 1
#define HAVE_SYS_STAT_H 1
#define HAVE_SYS_SELECT_H 1
#define HAVE_DECL_STRNLEN 1
#define HAVE_DECL_DAEMON 1
#define HAVE_DECL_LE16TOH 0
#define HAVE_DECL_LE32TOH 0
#define HAVE_DECL_LE64TOH 0
#define HAVE_DECL_HTOLE16 0
#define HAVE_DECL_HTOLE32 0
#define HAVE_DECL_HTOLE64 0
#define HAVE_DECL_BE16TOH 0
#define HAVE_DECL_BE32TOH 0
#define HAVE_DECL_BE64TOH 0
#define HAVE_DECL_HTOBE16 0
#define HAVE_DECL_HTOBE32 0
#define HAVE_DECL_HTOBE64 0
#define HAVE_DECL_BSWAP_16 0
#define HAVE_DECL_BSWAP_32 0
#define HAVE_DECL_BSWAP_64 0
#define HAVE_DECL___BUILTIN_CLZ 0
#define HAVE_DECL___BUILTIN_CLZL 0
#define HAVE_DECL___BUILTIN_CLZLL 0
#define HAVE_MSG_DONTWAIT 1
#define HAVE_VISIBILITY_ATTRIBUTE 1
#define HAVE_GETENTROPY_RAND 1
#define HAVE_MINIUPNPC_MINIWGET_H 1
#define HAVE_MINIUPNPC_MINIUPNPC_H 1
#define HAVE_MINIUPNPC_UPNPCOMMANDS_H 1
#define HAVE_MINIUPNPC_UPNPERRORS_H 1
#define HAVE_BOOST /**/
#define HAVE_BOOST_SYSTEM /**/
#define HAVE_BOOST_FILESYSTEM /**/
#define HAVE_BOOST_PROGRAM_OPTIONS /**/
#define HAVE_BOOST_THREAD /**/
#define HAVE_BOOST_CHRONO /**/
#define HAVE_BOOST_UNIT_TEST_FRAMEWORK /**/
#define HAVE_WORKING_BOOST_SLEEP_FOR 1
#define ENABLE_ZMQ 0
#define HAVE_DECL_EVP_MD_CTX_NEW 1
#define HAVE_CONSENSUS_LIB 1
#define ENABLE_WALLET 1
#define USE_UPNP 0
#define USE_DBUS 1
#define CLIENT_VERSION_MAJOR 0
#define CLIENT_VERSION_MINOR 15
#define CLIENT_VERSION_REVISION 1
#define CLIENT_VERSION_BUILD 0
#define CLIENT_VERSION_IS_RELEASE true
#define COPYRIGHT_YEAR 2018
#define COPYRIGHT_HOLDERS "The %s developers"
#define COPYRIGHT_HOLDERS_SUBSTITUTION "Wcccoin Core"
#define COPYRIGHT_HOLDERS_FINAL "The Wcccoin Core developers"

configure: exit 0
